Log file open, 04/17/19 14:35:31
LogWindows: Failed to load 'aqProf.dll' (GetLastError=126)
LogWindows: File 'aqProf.dll' does not exist
LogWindows: Failed to load 'VtuneApi.dll' (GetLastError=126)
LogWindows: File 'VtuneApi.dll' does not exist
LogWindows: Failed to load 'VtuneApi32e.dll' (GetLastError=126)
LogWindows: File 'VtuneApi32e.dll' does not exist
LogConsoleResponse: Display: Failed to find resolution value strings in scalability ini. Falling back to default.
LogInit: Display: Running engine for game: Effects
LogPakFile: Registered encryption key '00000000000000000000000000000000': 0 pak files mounted, 0 remain pending
LogPlatformFile: Not using cached read wrapper
LogTaskGraph: Started task graph with 5 named threads and 14 total threads with 3 sets of task threads.
LogStats: Stats thread started at 0.276803
LogD3D11RHI: Loaded GFSDK_Aftermath_Lib.x64.dll
LogICUInternationalization: ICU TimeZone Detection - Raw Offset: +9:00, Platform Override: ''
LogPluginManager: Mounting plugin Paper2D
LogPluginManager: Mounting plugin AISupport
LogPluginManager: Mounting plugin LightPropagationVolume
LogPluginManager: Mounting plugin ActorLayerUtilities
LogPluginManager: Mounting plugin CLionSourceCodeAccess
LogPluginManager: Mounting plugin CodeLiteSourceCodeAccess
LogPluginManager: Mounting plugin GitSourceControl
LogPluginManager: Mounting plugin KDevelopSourceCodeAccess
LogPluginManager: Mounting plugin NullSourceCodeAccess
LogPluginManager: Mounting plugin PerforceSourceControl
LogPluginManager: Mounting plugin SubversionSourceControl
LogPluginManager: Mounting plugin UObjectPlugin
LogPluginManager: Mounting plugin VisualStudioCodeSourceCodeAccess
LogPluginManager: Mounting plugin VisualStudioSourceCodeAccess
LogPluginManager: Mounting plugin XCodeSourceCodeAccess
LogPluginManager: Mounting plugin AssetManagerEditor
LogPluginManager: Mounting plugin CryptoKeys
LogPluginManager: Mounting plugin DataValidation
LogPluginManager: Mounting plugin FacialAnimation
LogPluginManager: Mounting plugin GameplayTagsEditor
LogPluginManager: Mounting plugin MacGraphicsSwitching
LogPluginManager: Mounting plugin MeshEditor
LogPluginManager: Mounting plugin MobileLauncherProfileWizard
LogPluginManager: Mounting plugin PluginBrowser
LogPluginManager: Mounting plugin SpeedTreeImporter
LogPluginManager: Mounting plugin DatasmithContent
LogPluginManager: Mounting plugin VariantManagerContent
LogPluginManager: Mounting plugin AlembicImporter
LogPluginManager: Mounting plugin AppleImageUtils
LogPluginManager: Mounting plugin AppleVision
LogPluginManager: Mounting plugin BackChannel
LogPluginManager: Mounting plugin CharacterAI
LogPluginManager: Mounting plugin GeometryCache
LogPluginManager: Mounting plugin HTML5Networking
LogPluginManager: Mounting plugin ProxyLODPlugin
LogPluginManager: Mounting plugin MagicLeap
LogPluginManager: Mounting plugin MagicLeapMedia
LogPluginManager: Mounting plugin AndroidMedia
LogPluginManager: Mounting plugin AvfMedia
LogPluginManager: Mounting plugin ImgMedia
LogPluginManager: Mounting plugin LinearTimecode
LogPluginManager: Mounting plugin MediaCompositing
LogPluginManager: Mounting plugin MediaPlayerEditor
LogPluginManager: Mounting plugin WebMMedia
LogPluginManager: Mounting plugin WmfMedia
LogPluginManager: Mounting plugin TcpMessaging
LogPluginManager: Mounting plugin UdpMessaging
LogPluginManager: Mounting plugin ActorSequence
LogPluginManager: Mounting plugin LevelSequenceEditor
LogPluginManager: Mounting plugin MatineeToLevelSequence
LogPluginManager: Mounting plugin NetcodeUnitTest
LogPluginManager: Mounting plugin NUTUnrealEngine4
LogPluginManager: Mounting plugin OnlineSubsystemGooglePlay
LogPluginManager: Mounting plugin OnlineSubsystemIOS
LogPluginManager: Mounting plugin OnlineSubsystem
LogPluginManager: Mounting plugin OnlineSubsystemNull
LogPluginManager: Mounting plugin OnlineSubsystemUtils
LogPluginManager: Mounting plugin LauncherChunkInstaller
LogPluginManager: Mounting plugin AndroidDeviceProfileSelector
LogPluginManager: Mounting plugin AndroidMoviePlayer
LogPluginManager: Mounting plugin AndroidPermission
LogPluginManager: Mounting plugin AppleMoviePlayer
LogPluginManager: Mounting plugin ArchVisCharacter
LogPluginManager: Mounting plugin AudioCapture
LogPluginManager: Mounting plugin CableComponent
LogPluginManager: Mounting plugin CustomMeshComponent
LogPluginManager: Mounting plugin EditableMesh
LogPluginManager: Mounting plugin ExampleDeviceProfileSelector
LogPluginManager: Mounting plugin Firebase
LogPluginManager: Mounting plugin GoogleCloudMessaging
LogPluginManager: Mounting plugin IOSDeviceProfileSelector
LogPluginManager: Mounting plugin LinuxDeviceProfileSelector
LogPluginManager: Mounting plugin LocationServicesBPLibrary
LogPluginManager: Mounting plugin MobilePatchingUtils
LogPluginManager: Mounting plugin OculusVR
LogPluginManager: Mounting plugin PhysXVehicles
LogPluginManager: Mounting plugin ProceduralMeshComponent
LogPluginManager: Mounting plugin RuntimePhysXCooking
LogPluginManager: Mounting plugin SteamVR
LogPluginManager: Mounting plugin WebMMoviePlayer
LogPluginManager: Mounting plugin WindowsMoviePlayer
LogStreaming: Display: Took  0.194s to configure plugins.
LogInit: Using libcurl 7.55.1-DEV
LogInit:  - built for x86_64-pc-win32
LogInit:  - supports SSL with OpenSSL/1.0.2h
LogInit:  - supports HTTP deflate (compression) using libz 1.2.8
LogInit:  - other features:
LogInit:      CURL_VERSION_SSL
LogInit:      CURL_VERSION_LIBZ
LogInit:      CURL_VERSION_IPV6
LogInit:      CURL_VERSION_ASYNCHDNS
LogInit:      CURL_VERSION_LARGEFILE
LogInit:      CURL_VERSION_IDN
LogInit:  CurlRequestOptions (configurable via config and command line):
LogInit:  - bVerifyPeer = true  - Libcurl will verify peer certificate
LogInit:  - bUseHttpProxy = false  - Libcurl will NOT use HTTP proxy
LogInit:  - bDontReuseConnections = false  - Libcurl will reuse connections
LogInit:  - MaxHostConnections = 16  - Libcurl will limit the number of connections to a host
LogInit:  - LocalHostAddr = Default
LogInit:  - BufferSize = 65536
LogInit: WinSock: version 1.1 (2.2), MaxSocks=32767, MaxUdp=65467
LogInit: Build: ++UE4+Release-4.21-CL-4753647
LogInit: Engine Version: 4.21.2-4753647+++UE4+Release-4.21
LogInit: Compatible Engine Version: 4.21.0-4541578+++UE4+Release-4.21
LogInit: Net CL: 4541578
LogInit: OS: Windows 10 (), CPU: Intel(R) Core(TM) i5-7300HQ CPU @ 2.50GHz, GPU: Intel(R) HD Graphics 630
LogInit: Compiled (64-bit): Jan 19 2019 02:07:31
LogInit: Compiled with Visual C++: 19.13.26129.00
LogInit: Build Configuration: Development
LogInit: Branch Name: ++UE4+Release-4.21
LogInit: Command Line: 
LogInit: Base Directory: D:/UE_4.21/Engine/Binaries/Win64/
LogInit: Installed Engine Build: 1
LogDevObjectVersion: Number of dev versions registered: 22
LogDevObjectVersion:   Dev-Blueprints (B0D832E4-1F89-4F0D-ACCF-7EB736FD4AA2): 10
LogDevObjectVersion:   Dev-Build (E1C64328-A22C-4D53-A36C-8E866417BD8C): 0
LogDevObjectVersion:   Dev-Core (375EC13C-06E4-48FB-B500-84F0262A717E): 2
LogDevObjectVersion:   Dev-Editor (E4B068ED-F494-42E9-A231-DA0B2E46BB41): 26
LogDevObjectVersion:   Dev-Framework (CFFC743F-43B0-4480-9391-14DF171D2073): 34
LogDevObjectVersion:   Dev-Mobile (B02B49B5-BB20-44E9-A304-32B752E40360): 2
LogDevObjectVersion:   Dev-Networking (A4E4105C-59A1-49B5-A7C5-40C4547EDFEE): 0
LogDevObjectVersion:   Dev-Online (39C831C9-5AE6-47DC-9A44-9C173E1C8E7C): 0
LogDevObjectVersion:   Dev-Physics (78F01B33-EBEA-4F98-B9B4-84EACCB95AA2): 0
LogDevObjectVersion:   Dev-Platform (6631380F-2D4D-43E0-8009-CF276956A95A): 0
LogDevObjectVersion:   Dev-Rendering (12F88B9F-8875-4AFC-A67C-D90C383ABD29): 27
LogDevObjectVersion:   Dev-Sequencer (7B5AE74C-D270-4C10-A958-57980B212A5A): 9
LogDevObjectVersion:   Dev-VR (D7296918-1DD6-4BDD-9DE2-64A83CC13884): 2
LogDevObjectVersion:   Dev-LoadTimes (C2A15278-BFE7-4AFE-6C17-90FF531DF755): 1
LogDevObjectVersion:   Private-Geometry (6EACA3D4-40EC-4CC1-B786-8BED09428FC5): 3
LogDevObjectVersion:   Dev-AnimPhys (29E575DD-E0A3-4627-9D10-D276232CDCEA): 17
LogDevObjectVersion:   Dev-Anim (AF43A65D-7FD3-4947-9873-3E8ED9C1BB05): 2
LogDevObjectVersion:   Dev-ReflectionCapture (6B266CEC-1EC7-4B8F-A30B-E4D90942FC07): 1
LogDevObjectVersion:   Dev-Automation (0DF73D61-A23F-47EA-B727-89E90C41499A): 1
LogDevObjectVersion:   FortniteMain (601D1886-AC64-4F84-AA16-D3DE0DEAC7D6): 17
LogDevObjectVersion:   Dev-Enterprise (9DFFBCD6-494F-0158-E221-12823C92A888): 4
LogDevObjectVersion:   Dev-Niagara (F2AED0AC-9AFE-416F-8664-AA7FFA26D6FC): 1
LogStreaming: Display: Took  0.002s to delete old logs.
LogInit: Presizing for max 8388607 objects, including 0 objects not considered by GC, pre-allocating 0 bytes for permanent pool.
LogInit: Object subsystem initialized
LogConfig: Setting CVar [[con.DebugEarlyDefault:1]]
LogConfig: Setting CVar [[r.setres:1280x720]]
[2019.04.17-05.35.31:960][  0]LogConfig: Setting CVar [[r.VSync:0]]
[2019.04.17-05.35.31:960][  0]LogConfig: Setting CVar [[r.RHICmdBypass:0]]
[2019.04.17-05.35.31:960][  0]LogConfig: Applying CVar settings from Section [/Script/Engine.RendererSettings] File [D:/J2Y/대학교/4-1/고급그래픽스효과/4-1-AdvancedGraphicsEffects/Effects/Saved/Config/Windows/Engine.ini]
[2019.04.17-05.35.31:960][  0]LogConfig: Setting CVar [[r.GPUCrashDebugging:0]]
[2019.04.17-05.35.31:960][  0]LogConfig: Applying CVar settings from Section [/Script/Engine.RendererOverrideSettings] File [D:/J2Y/대학교/4-1/고급그래픽스효과/4-1-AdvancedGraphicsEffects/Effects/Saved/Config/Windows/Engine.ini]
[2019.04.17-05.35.31:960][  0]LogConfig: Applying CVar settings from Section [/Script/Engine.StreamingSettings] File [D:/J2Y/대학교/4-1/고급그래픽스효과/4-1-AdvancedGraphicsEffects/Effects/Saved/Config/Windows/Engine.ini]
[2019.04.17-05.35.31:960][  0]LogConfig: Setting CVar [[s.MinBulkDataSizeForAsyncLoading:131072]]
[2019.04.17-05.35.31:960][  0]LogConfig: Setting CVar [[s.AsyncLoadingThreadEnabled:0]]
[2019.04.17-05.35.31:960][  0]LogConfig: Setting CVar [[s.EventDrivenLoaderEnabled:1]]
[2019.04.17-05.35.31:960][  0]LogConfig: Setting CVar [[s.WarnIfTimeLimitExceeded:0]]
[2019.04.17-05.35.31:960][  0]LogConfig: Setting CVar [[s.TimeLimitExceededMultiplier:1.5]]
[2019.04.17-05.35.31:960][  0]LogConfig: Setting CVar [[s.TimeLimitExceededMinTime:0.005]]
[2019.04.17-05.35.31:960][  0]LogConfig: Setting CVar [[s.UseBackgroundLevelStreaming:1]]
[2019.04.17-05.35.31:960][  0]LogConfig: Setting CVar [[s.PriorityAsyncLoadingExtraTime:15.0]]
[2019.04.17-05.35.31:960][  0]LogConfig: Setting CVar [[s.LevelStreamingActorsUpdateTimeLimit:5.0]]
[2019.04.17-05.35.31:960][  0]LogConfig: Setting CVar [[s.PriorityLevelStreamingActorsUpdateExtraTime:5.0]]
[2019.04.17-05.35.31:960][  0]LogConfig: Setting CVar [[s.LevelStreamingComponentsRegistrationGranularity:10]]
[2019.04.17-05.35.31:960][  0]LogConfig: Setting CVar [[s.UnregisterComponentsTimeLimit:1.0]]
[2019.04.17-05.35.31:960][  0]LogConfig: Setting CVar [[s.LevelStreamingComponentsUnregistrationGranularity:5]]
[2019.04.17-05.35.31:960][  0]LogConfig: Applying CVar settings from Section [/Script/Engine.GarbageCollectionSettings] File [D:/J2Y/대학교/4-1/고급그래픽스효과/4-1-AdvancedGraphicsEffects/Effects/Saved/Config/Windows/Engine.ini]
[2019.04.17-05.35.31:960][  0]LogConfig: Setting CVar [[gc.MaxObjectsNotConsideredByGC:1]]
[2019.04.17-05.35.31:960][  0]LogConfig: Setting CVar [[gc.SizeOfPermanentObjectPool:0]]
[2019.04.17-05.35.31:960][  0]LogConfig: Setting CVar [[gc.FlushStreamingOnGC:0]]
[2019.04.17-05.35.31:960][  0]LogConfig: Setting CVar [[gc.NumRetriesBeforeForcingGC:10]]
[2019.04.17-05.35.31:960][  0]LogConfig: Setting CVar [[gc.AllowParallelGC:1]]
[2019.04.17-05.35.31:960][  0]LogConfig: Setting CVar [[gc.TimeBetweenPurgingPendingKillObjects:61.1]]
[2019.04.17-05.35.31:960][  0]LogConfig: Setting CVar [[gc.MaxObjectsInEditor:8388607]]
[2019.04.17-05.35.31:960][  0]LogConfig: Setting CVar [[gc.IncrementalBeginDestroyEnabled:1]]
[2019.04.17-05.35.31:960][  0]LogConfig: Setting CVar [[gc.CreateGCClusters:1]]
[2019.04.17-05.35.31:960][  0]LogConfig: Setting CVar [[gc.MergeGCClusters:0]]
[2019.04.17-05.35.31:960][  0]LogConfig: Setting CVar [[gc.MinGCClusterSize:5]]
[2019.04.17-05.35.31:960][  0]LogConfig: Setting CVar [[gc.ActorClusteringEnabled:0]]
[2019.04.17-05.35.31:960][  0]LogConfig: Setting CVar [[gc.BlueprintClusteringEnabled:0]]
[2019.04.17-05.35.31:960][  0]LogConfig: Setting CVar [[gc.UseDisregardForGCOnDedicatedServers:0]]
[2019.04.17-05.35.31:960][  0]LogConfig: Applying CVar settings from Section [/Script/Engine.NetworkSettings] File [D:/J2Y/대학교/4-1/고급그래픽스효과/4-1-AdvancedGraphicsEffects/Effects/Saved/Config/Windows/Engine.ini]
[2019.04.17-05.35.31:960][  0]LogConfig: Applying CVar settings from Section [/Script/UnrealEd.CookerSettings] File [D:/J2Y/대학교/4-1/고급그래픽스효과/4-1-AdvancedGraphicsEffects/Effects/Saved/Config/Windows/Engine.ini]
[2019.04.17-05.35.32:042][  0]LogConfig: Applying CVar settings from Section [ViewDistanceQuality@3] File [D:/J2Y/대학교/4-1/고급그래픽스효과/4-1-AdvancedGraphicsEffects/Effects/Saved/Config/Windows/Scalability.ini]
[2019.04.17-05.35.32:042][  0]LogConfig: Setting CVar [[r.SkeletalMeshLODBias:0]]
[2019.04.17-05.35.32:042][  0]LogConfig: Setting CVar [[r.ViewDistanceScale:1.0]]
[2019.04.17-05.35.32:042][  0]LogConfig: Applying CVar settings from Section [AntiAliasingQuality@3] File [D:/J2Y/대학교/4-1/고급그래픽스효과/4-1-AdvancedGraphicsEffects/Effects/Saved/Config/Windows/Scalability.ini]
[2019.04.17-05.35.32:042][  0]LogConfig: Setting CVar [[r.PostProcessAAQuality:4]]
[2019.04.17-05.35.32:042][  0]LogConfig: Applying CVar settings from Section [ShadowQuality@3] File [D:/J2Y/대학교/4-1/고급그래픽스효과/4-1-AdvancedGraphicsEffects/Effects/Saved/Config/Windows/Scalability.ini]
[2019.04.17-05.35.32:042][  0]LogConfig: Setting CVar [[r.LightFunctionQuality:1]]
[2019.04.17-05.35.32:042][  0]LogConfig: Setting CVar [[r.ShadowQuality:5]]
[2019.04.17-05.35.32:042][  0]LogConfig: Setting CVar [[r.Shadow.CSM.MaxCascades:10]]
[2019.04.17-05.35.32:042][  0]LogConfig: Setting CVar [[r.Shadow.MaxResolution:2048]]
[2019.04.17-05.35.32:042][  0]LogConfig: Setting CVar [[r.Shadow.MaxCSMResolution:2048]]
[2019.04.17-05.35.32:042][  0]LogConfig: Setting CVar [[r.Shadow.RadiusThreshold:0.01]]
[2019.04.17-05.35.32:042][  0]LogConfig: Setting CVar [[r.Shadow.DistanceScale:1.0]]
[2019.04.17-05.35.32:042][  0]LogConfig: Setting CVar [[r.Shadow.CSM.TransitionScale:1.0]]
[2019.04.17-05.35.32:042][  0]LogConfig: Setting CVar [[r.Shadow.PreShadowResolutionFactor:1.0]]
[2019.04.17-05.35.32:042][  0]LogConfig: Setting CVar [[r.DistanceFieldShadowing:1]]
[2019.04.17-05.35.32:042][  0]LogConfig: Setting CVar [[r.DistanceFieldAO:1]]
[2019.04.17-05.35.32:042][  0]LogConfig: Setting CVar [[r.AOQuality:2]]
[2019.04.17-05.35.32:042][  0]LogConfig: Setting CVar [[r.VolumetricFog:1]]
[2019.04.17-05.35.32:042][  0]LogConfig: Setting CVar [[r.VolumetricFog.GridPixelSize:8]]
[2019.04.17-05.35.32:042][  0]LogConfig: Setting CVar [[r.VolumetricFog.GridSizeZ:128]]
[2019.04.17-05.35.32:042][  0]LogConfig: Setting CVar [[r.VolumetricFog.HistoryMissSupersampleCount:4]]
[2019.04.17-05.35.32:042][  0]LogConfig: Setting CVar [[r.LightMaxDrawDistanceScale:1]]
[2019.04.17-05.35.32:042][  0]LogConfig: Setting CVar [[r.CapsuleShadows:1]]
[2019.04.17-05.35.32:042][  0]LogConfig: Applying CVar settings from Section [PostProcessQuality@3] File [D:/J2Y/대학교/4-1/고급그래픽스효과/4-1-AdvancedGraphicsEffects/Effects/Saved/Config/Windows/Scalability.ini]
[2019.04.17-05.35.32:042][  0]LogConfig: Setting CVar [[r.MotionBlurQuality:4]]
[2019.04.17-05.35.32:042][  0]LogConfig: Setting CVar [[r.AmbientOcclusionMipLevelFactor:0.4]]
[2019.04.17-05.35.32:042][  0]LogConfig: Setting CVar [[r.AmbientOcclusionMaxQuality:100]]
[2019.04.17-05.35.32:042][  0]LogConfig: Setting CVar [[r.AmbientOcclusionLevels:-1]]
[2019.04.17-05.35.32:042][  0]LogConfig: Setting CVar [[r.AmbientOcclusionRadiusScale:1.0]]
[2019.04.17-05.35.32:042][  0]LogConfig: Setting CVar [[r.DepthOfFieldQuality:2]]
[2019.04.17-05.35.32:042][  0]LogConfig: Setting CVar [[r.RenderTargetPoolMin:400]]
[2019.04.17-05.35.32:043][  0]LogConfig: Setting CVar [[r.LensFlareQuality:2]]
[2019.04.17-05.35.32:043][  0]LogConfig: Setting CVar [[r.SceneColorFringeQuality:1]]
[2019.04.17-05.35.32:043][  0]LogConfig: Setting CVar [[r.EyeAdaptationQuality:2]]
[2019.04.17-05.35.32:043][  0]LogConfig: Setting CVar [[r.BloomQuality:5]]
[2019.04.17-05.35.32:043][  0]LogConfig: Setting CVar [[r.FastBlurThreshold:100]]
[2019.04.17-05.35.32:043][  0]LogConfig: Setting CVar [[r.Upscale.Quality:3]]
[2019.04.17-05.35.32:043][  0]LogConfig: Setting CVar [[r.Tonemapper.GrainQuantization:1]]
[2019.04.17-05.35.32:043][  0]LogConfig: Setting CVar [[r.LightShaftQuality:1]]
[2019.04.17-05.35.32:043][  0]LogConfig: Setting CVar [[r.Filter.SizeScale:1]]
[2019.04.17-05.35.32:043][  0]LogConfig: Setting CVar [[r.Tonemapper.Quality:5]]
[2019.04.17-05.35.32:043][  0]LogConfig: Setting CVar [[r.DOF.Gather.AccumulatorQuality:1        ; higher gathering accumulator quality]]
[2019.04.17-05.35.32:043][  0]LogConfig: Setting CVar [[r.DOF.Gather.PostfilterMethod:1          ; Median3x3 postfilering method]]
[2019.04.17-05.35.32:043][  0]LogConfig: Setting CVar [[r.DOF.Gather.EnableBokehSettings:0       ; no bokeh simulation when gathering]]
[2019.04.17-05.35.32:043][  0]LogConfig: Setting CVar [[r.DOF.Gather.RingCount:4                 ; medium number of samples when gathering]]
[2019.04.17-05.35.32:043][  0]LogConfig: Setting CVar [[r.DOF.Scatter.ForegroundCompositing:1    ; additive foreground scattering]]
[2019.04.17-05.35.32:043][  0]LogConfig: Setting CVar [[r.DOF.Scatter.BackgroundCompositing:2    ; additive background scattering]]
[2019.04.17-05.35.32:043][  0]LogConfig: Setting CVar [[r.DOF.Scatter.EnableBokehSettings:1      ; bokeh simulation when scattering]]
[2019.04.17-05.35.32:043][  0]LogConfig: Setting CVar [[r.DOF.Scatter.MaxSpriteRatio:0.1         ; only a maximum of 10% of scattered bokeh]]
[2019.04.17-05.35.32:043][  0]LogConfig: Setting CVar [[r.DOF.Recombine.Quality:1                ; cheap slight out of focus]]
[2019.04.17-05.35.32:043][  0]LogConfig: Setting CVar [[r.DOF.Recombine.EnableBokehSettings:0    ; no bokeh simulation on slight out of focus]]
[2019.04.17-05.35.32:043][  0]LogConfig: Setting CVar [[r.DOF.TemporalAAQuality:1                ; more stable temporal accumulation]]
[2019.04.17-05.35.32:043][  0]LogConfig: Setting CVar [[r.DOF.Kernel.MaxForegroundRadius:0.025]]
[2019.04.17-05.35.32:043][  0]LogConfig: Setting CVar [[r.DOF.Kernel.MaxBackgroundRadius:0.025]]
[2019.04.17-05.35.32:043][  0]LogConfig: Applying CVar settings from Section [TextureQuality@3] File [D:/J2Y/대학교/4-1/고급그래픽스효과/4-1-AdvancedGraphicsEffects/Effects/Saved/Config/Windows/Scalability.ini]
[2019.04.17-05.35.32:043][  0]LogConfig: Setting CVar [[r.Streaming.MipBias:0]]
[2019.04.17-05.35.32:043][  0]LogConfig: Setting CVar [[r.Streaming.AmortizeCPUToGPUCopy:0]]
[2019.04.17-05.35.32:043][  0]LogConfig: Setting CVar [[r.Streaming.MaxNumTexturesToStreamPerFrame:0]]
[2019.04.17-05.35.32:043][  0]LogConfig: Setting CVar [[r.Streaming.Boost:1]]
[2019.04.17-05.35.32:043][  0]LogConfig: Setting CVar [[r.MaxAnisotropy:8]]
[2019.04.17-05.35.32:043][  0]LogConfig: Setting CVar [[r.Streaming.LimitPoolSizeToVRAM:0]]
[2019.04.17-05.35.32:043][  0]LogConfig: Setting CVar [[r.Streaming.PoolSize:1000]]
[2019.04.17-05.35.32:043][  0]LogConfig: Setting CVar [[r.Streaming.MaxEffectiveScreenSize:0]]
[2019.04.17-05.35.32:043][  0]LogConfig: Applying CVar settings from Section [EffectsQuality@3] File [D:/J2Y/대학교/4-1/고급그래픽스효과/4-1-AdvancedGraphicsEffects/Effects/Saved/Config/Windows/Scalability.ini]
[2019.04.17-05.35.32:043][  0]LogConfig: Setting CVar [[r.TranslucencyLightingVolumeDim:64]]
[2019.04.17-05.35.32:043][  0]LogConfig: Setting CVar [[r.RefractionQuality:2]]
[2019.04.17-05.35.32:043][  0]LogConfig: Setting CVar [[r.SSR.Quality:3]]
[2019.04.17-05.35.32:043][  0]LogConfig: Setting CVar [[r.SceneColorFormat:4]]
[2019.04.17-05.35.32:043][  0]LogConfig: Setting CVar [[r.DetailMode:2]]
[2019.04.17-05.35.32:043][  0]LogConfig: Setting CVar [[r.TranslucencyVolumeBlur:1]]
[2019.04.17-05.35.32:043][  0]LogConfig: Setting CVar [[r.MaterialQualityLevel:1 ; High quality]]
[2019.04.17-05.35.32:043][  0]LogConfig: Setting CVar [[r.SSS.Scale:1]]
[2019.04.17-05.35.32:043][  0]LogConfig: Setting CVar [[r.SSS.SampleSet:2]]
[2019.04.17-05.35.32:043][  0]LogConfig: Setting CVar [[r.SSS.Quality:1]]
[2019.04.17-05.35.32:043][  0]LogConfig: Setting CVar [[r.SSS.HalfRes:1]]
[2019.04.17-05.35.32:043][  0]LogConfig: Setting CVar [[r.EmitterSpawnRateScale:1.0]]
[2019.04.17-05.35.32:043][  0]LogConfig: Setting CVar [[r.ParticleLightQuality:2]]
[2019.04.17-05.35.32:043][  0]LogConfig: Applying CVar settings from Section [FoliageQuality@3] File [D:/J2Y/대학교/4-1/고급그래픽스효과/4-1-AdvancedGraphicsEffects/Effects/Saved/Config/Windows/Scalability.ini]
[2019.04.17-05.35.32:043][  0]LogConfig: Setting CVar [[foliage.DensityScale:1.0]]
[2019.04.17-05.35.32:043][  0]LogConfig: Setting CVar [[grass.DensityScale:1.0]]
[2019.04.17-05.35.32:043][  0]LogInit: Selected Device Profile: [Windows]
[2019.04.17-05.35.32:043][  0]LogInit: Applying CVar settings loaded from the selected device profile: [Windows]
[2019.04.17-05.35.32:064][  0]LogHAL: Display: Platform has ~ 16 GB [17093775360 / 17179869184 / 16], which maps to Larger [LargestMinGB=32, LargerMinGB=12, DefaultMinGB=8, SmallerMinGB=6, SmallestMinGB=0)
[2019.04.17-05.35.32:064][  0]LogConfig: Setting CVar [[r.Vulkan.UseRealUBs:1]]
[2019.04.17-05.35.32:064][  0]LogInit: Going up to parent DeviceProfile []
[2019.04.17-05.35.32:064][  0]LogConfig: Applying CVar settings from Section [ViewDistanceQuality@3] File [D:/J2Y/대학교/4-1/고급그래픽스효과/4-1-AdvancedGraphicsEffects/Effects/Saved/Config/Windows/Scalability.ini]
[2019.04.17-05.35.32:064][  0]LogConfig: Setting CVar [[r.SkeletalMeshLODBias:0]]
[2019.04.17-05.35.32:064][  0]LogConfig: Setting CVar [[r.ViewDistanceScale:1.0]]
[2019.04.17-05.35.32:064][  0]LogConfig: Applying CVar settings from Section [AntiAliasingQuality@3] File [D:/J2Y/대학교/4-1/고급그래픽스효과/4-1-AdvancedGraphicsEffects/Effects/Saved/Config/Windows/Scalability.ini]
[2019.04.17-05.35.32:064][  0]LogConfig: Setting CVar [[r.PostProcessAAQuality:4]]
[2019.04.17-05.35.32:064][  0]LogConfig: Applying CVar settings from Section [ShadowQuality@3] File [D:/J2Y/대학교/4-1/고급그래픽스효과/4-1-AdvancedGraphicsEffects/Effects/Saved/Config/Windows/Scalability.ini]
[2019.04.17-05.35.32:064][  0]LogConfig: Setting CVar [[r.LightFunctionQuality:1]]
[2019.04.17-05.35.32:064][  0]LogConfig: Setting CVar [[r.ShadowQuality:5]]
[2019.04.17-05.35.32:064][  0]LogConfig: Setting CVar [[r.Shadow.CSM.MaxCascades:10]]
[2019.04.17-05.35.32:064][  0]LogConfig: Setting CVar [[r.Shadow.MaxResolution:2048]]
[2019.04.17-05.35.32:064][  0]LogConfig: Setting CVar [[r.Shadow.MaxCSMResolution:2048]]
[2019.04.17-05.35.32:064][  0]LogConfig: Setting CVar [[r.Shadow.RadiusThreshold:0.01]]
[2019.04.17-05.35.32:064][  0]LogConfig: Setting CVar [[r.Shadow.DistanceScale:1.0]]
[2019.04.17-05.35.32:064][  0]LogConfig: Setting CVar [[r.Shadow.CSM.TransitionScale:1.0]]
[2019.04.17-05.35.32:064][  0]LogConfig: Setting CVar [[r.Shadow.PreShadowResolutionFactor:1.0]]
[2019.04.17-05.35.32:064][  0]LogConfig: Setting CVar [[r.DistanceFieldShadowing:1]]
[2019.04.17-05.35.32:064][  0]LogConfig: Setting CVar [[r.DistanceFieldAO:1]]
[2019.04.17-05.35.32:064][  0]LogConfig: Setting CVar [[r.AOQuality:2]]
[2019.04.17-05.35.32:064][  0]LogConfig: Setting CVar [[r.VolumetricFog:1]]
[2019.04.17-05.35.32:064][  0]LogConfig: Setting CVar [[r.VolumetricFog.GridPixelSize:8]]
[2019.04.17-05.35.32:064][  0]LogConfig: Setting CVar [[r.VolumetricFog.GridSizeZ:128]]
[2019.04.17-05.35.32:064][  0]LogConfig: Setting CVar [[r.VolumetricFog.HistoryMissSupersampleCount:4]]
[2019.04.17-05.35.32:064][  0]LogConfig: Setting CVar [[r.LightMaxDrawDistanceScale:1]]
[2019.04.17-05.35.32:064][  0]LogConfig: Setting CVar [[r.CapsuleShadows:1]]
[2019.04.17-05.35.32:064][  0]LogConfig: Applying CVar settings from Section [PostProcessQuality@3] File [D:/J2Y/대학교/4-1/고급그래픽스효과/4-1-AdvancedGraphicsEffects/Effects/Saved/Config/Windows/Scalability.ini]
[2019.04.17-05.35.32:064][  0]LogConfig: Setting CVar [[r.MotionBlurQuality:4]]
[2019.04.17-05.35.32:064][  0]LogConfig: Setting CVar [[r.AmbientOcclusionMipLevelFactor:0.4]]
[2019.04.17-05.35.32:064][  0]LogConfig: Setting CVar [[r.AmbientOcclusionMaxQuality:100]]
[2019.04.17-05.35.32:064][  0]LogConfig: Setting CVar [[r.AmbientOcclusionLevels:-1]]
[2019.04.17-05.35.32:064][  0]LogConfig: Setting CVar [[r.AmbientOcclusionRadiusScale:1.0]]
[2019.04.17-05.35.32:064][  0]LogConfig: Setting CVar [[r.DepthOfFieldQuality:2]]
[2019.04.17-05.35.32:064][  0]LogConfig: Setting CVar [[r.RenderTargetPoolMin:400]]
[2019.04.17-05.35.32:064][  0]LogConfig: Setting CVar [[r.LensFlareQuality:2]]
[2019.04.17-05.35.32:064][  0]LogConfig: Setting CVar [[r.SceneColorFringeQuality:1]]
[2019.04.17-05.35.32:064][  0]LogConfig: Setting CVar [[r.EyeAdaptationQuality:2]]
[2019.04.17-05.35.32:064][  0]LogConfig: Setting CVar [[r.BloomQuality:5]]
[2019.04.17-05.35.32:064][  0]LogConfig: Setting CVar [[r.FastBlurThreshold:100]]
[2019.04.17-05.35.32:064][  0]LogConfig: Setting CVar [[r.Upscale.Quality:3]]
[2019.04.17-05.35.32:065][  0]LogConfig: Setting CVar [[r.Tonemapper.GrainQuantization:1]]
[2019.04.17-05.35.32:065][  0]LogConfig: Setting CVar [[r.LightShaftQuality:1]]
[2019.04.17-05.35.32:065][  0]LogConfig: Setting CVar [[r.Filter.SizeScale:1]]
[2019.04.17-05.35.32:065][  0]LogConfig: Setting CVar [[r.Tonemapper.Quality:5]]
[2019.04.17-05.35.32:065][  0]LogConfig: Setting CVar [[r.DOF.Gather.AccumulatorQuality:1        ; higher gathering accumulator quality]]
[2019.04.17-05.35.32:065][  0]LogConfig: Setting CVar [[r.DOF.Gather.PostfilterMethod:1          ; Median3x3 postfilering method]]
[2019.04.17-05.35.32:065][  0]LogConfig: Setting CVar [[r.DOF.Gather.EnableBokehSettings:0       ; no bokeh simulation when gathering]]
[2019.04.17-05.35.32:065][  0]LogConfig: Setting CVar [[r.DOF.Gather.RingCount:4                 ; medium number of samples when gathering]]
[2019.04.17-05.35.32:065][  0]LogConfig: Setting CVar [[r.DOF.Scatter.ForegroundCompositing:1    ; additive foreground scattering]]
[2019.04.17-05.35.32:065][  0]LogConfig: Setting CVar [[r.DOF.Scatter.BackgroundCompositing:2    ; additive background scattering]]
[2019.04.17-05.35.32:065][  0]LogConfig: Setting CVar [[r.DOF.Scatter.EnableBokehSettings:1      ; bokeh simulation when scattering]]
[2019.04.17-05.35.32:065][  0]LogConfig: Setting CVar [[r.DOF.Scatter.MaxSpriteRatio:0.1         ; only a maximum of 10% of scattered bokeh]]
[2019.04.17-05.35.32:065][  0]LogConfig: Setting CVar [[r.DOF.Recombine.Quality:1                ; cheap slight out of focus]]
[2019.04.17-05.35.32:065][  0]LogConfig: Setting CVar [[r.DOF.Recombine.EnableBokehSettings:0    ; no bokeh simulation on slight out of focus]]
[2019.04.17-05.35.32:065][  0]LogConfig: Setting CVar [[r.DOF.TemporalAAQuality:1                ; more stable temporal accumulation]]
[2019.04.17-05.35.32:065][  0]LogConfig: Setting CVar [[r.DOF.Kernel.MaxForegroundRadius:0.025]]
[2019.04.17-05.35.32:065][  0]LogConfig: Setting CVar [[r.DOF.Kernel.MaxBackgroundRadius:0.025]]
[2019.04.17-05.35.32:065][  0]LogConfig: Applying CVar settings from Section [TextureQuality@3] File [D:/J2Y/대학교/4-1/고급그래픽스효과/4-1-AdvancedGraphicsEffects/Effects/Saved/Config/Windows/Scalability.ini]
[2019.04.17-05.35.32:065][  0]LogConfig: Setting CVar [[r.Streaming.MipBias:0]]
[2019.04.17-05.35.32:065][  0]LogConfig: Setting CVar [[r.Streaming.AmortizeCPUToGPUCopy:0]]
[2019.04.17-05.35.32:065][  0]LogConfig: Setting CVar [[r.Streaming.MaxNumTexturesToStreamPerFrame:0]]
[2019.04.17-05.35.32:065][  0]LogConfig: Setting CVar [[r.Streaming.Boost:1]]
[2019.04.17-05.35.32:065][  0]LogConfig: Setting CVar [[r.MaxAnisotropy:8]]
[2019.04.17-05.35.32:065][  0]LogConfig: Setting CVar [[r.Streaming.LimitPoolSizeToVRAM:0]]
[2019.04.17-05.35.32:065][  0]LogConfig: Setting CVar [[r.Streaming.PoolSize:1000]]
[2019.04.17-05.35.32:065][  0]LogConfig: Setting CVar [[r.Streaming.MaxEffectiveScreenSize:0]]
[2019.04.17-05.35.32:065][  0]LogConfig: Applying CVar settings from Section [EffectsQuality@3] File [D:/J2Y/대학교/4-1/고급그래픽스효과/4-1-AdvancedGraphicsEffects/Effects/Saved/Config/Windows/Scalability.ini]
[2019.04.17-05.35.32:065][  0]LogConfig: Setting CVar [[r.TranslucencyLightingVolumeDim:64]]
[2019.04.17-05.35.32:065][  0]LogConfig: Setting CVar [[r.RefractionQuality:2]]
[2019.04.17-05.35.32:065][  0]LogConfig: Setting CVar [[r.SSR.Quality:3]]
[2019.04.17-05.35.32:065][  0]LogConfig: Setting CVar [[r.SceneColorFormat:4]]
[2019.04.17-05.35.32:065][  0]LogConfig: Setting CVar [[r.DetailMode:2]]
[2019.04.17-05.35.32:065][  0]LogConfig: Setting CVar [[r.TranslucencyVolumeBlur:1]]
[2019.04.17-05.35.32:065][  0]LogConfig: Setting CVar [[r.MaterialQualityLevel:1 ; High quality]]
[2019.04.17-05.35.32:065][  0]LogConfig: Setting CVar [[r.SSS.Scale:1]]
[2019.04.17-05.35.32:065][  0]LogConfig: Setting CVar [[r.SSS.SampleSet:2]]
[2019.04.17-05.35.32:065][  0]LogConfig: Setting CVar [[r.SSS.Quality:1]]
[2019.04.17-05.35.32:065][  0]LogConfig: Setting CVar [[r.SSS.HalfRes:1]]
[2019.04.17-05.35.32:065][  0]LogConfig: Setting CVar [[r.EmitterSpawnRateScale:1.0]]
[2019.04.17-05.35.32:065][  0]LogConfig: Setting CVar [[r.ParticleLightQuality:2]]
[2019.04.17-05.35.32:065][  0]LogConfig: Applying CVar settings from Section [FoliageQuality@3] File [D:/J2Y/대학교/4-1/고급그래픽스효과/4-1-AdvancedGraphicsEffects/Effects/Saved/Config/Windows/Scalability.ini]
[2019.04.17-05.35.32:065][  0]LogConfig: Setting CVar [[foliage.DensityScale:1.0]]
[2019.04.17-05.35.32:065][  0]LogConfig: Setting CVar [[grass.DensityScale:1.0]]
[2019.04.17-05.35.32:065][  0]LogConfig: Applying CVar settings from Section [Startup] File [../../../Engine/Config/ConsoleVariables.ini]
[2019.04.17-05.35.32:066][  0]LogConfig: Setting CVar [[net.UseAdaptiveNetUpdateFrequency:0]]
[2019.04.17-05.35.32:066][  0]LogConfig: Applying CVar settings from Section [ConsoleVariables] File [D:/J2Y/대학교/4-1/고급그래픽스효과/4-1-AdvancedGraphicsEffects/Effects/Saved/Config/Windows/Engine.ini]
[2019.04.17-05.35.32:066][  0]LogInit: Computer: DESKTOP-3LFPQEI
[2019.04.17-05.35.32:066][  0]LogInit: User: 조윤영
[2019.04.17-05.35.32:066][  0]LogInit: CPU Page size=4096, Cores=4
[2019.04.17-05.35.32:066][  0]LogInit: High frequency timer resolution =10.000000 MHz
[2019.04.17-05.35.32:066][  0]LogMemory: Memory total: Physical=15.9GB (16GB approx)
[2019.04.17-05.35.32:066][  0]LogMemory: Platform Memory Stats for Windows
[2019.04.17-05.35.32:066][  0]LogMemory: Process Physical Memory: 105.09 MB used, 105.09 MB peak
[2019.04.17-05.35.32:066][  0]LogMemory: Process Virtual Memory: 85.25 MB used, 85.25 MB peak
[2019.04.17-05.35.32:066][  0]LogMemory: Physical Memory: 5100.08 MB used,  11201.82 MB free, 16301.89 MB total
[2019.04.17-05.35.32:066][  0]LogMemory: Virtual Memory: 4633.27 MB used,  134213096.00 MB free, 134217728.00 MB total
[2019.04.17-05.35.32:315][  0]LogInit: Using OS detected language (ko-KR).
[2019.04.17-05.35.32:315][  0]LogInit: Using OS detected locale (ko-KR).
[2019.04.17-05.35.32:317][  0]LogTextLocalizationManager: No specific localization for 'ko-KR' exists, so the 'ko' localization will be used.
[2019.04.17-05.35.32:843][  0]LogStreaming: Display: Took  0.528s to InitEngineTextLocalization.
[2019.04.17-05.35.32:843][  0]LogInit: Setting process to per monitor DPI aware
[2019.04.17-05.35.32:973][  0]LogSlate: New Slate User Created.  User Index 0, Is Virtual User: 0
[2019.04.17-05.35.32:973][  0]LogSlate: Slate User Registered.  User Index 0, Is Virtual User: 0
[2019.04.17-05.35.34:521][  0]LogHMD: Failed to initialize OpenVR with code 110
[2019.04.17-05.35.34:521][  0]LogD3D11RHI: D3D11 adapters:
[2019.04.17-05.35.35:679][  0]LogD3D11RHI:    0. 'NVIDIA GeForce GTX 1050' (Feature Level 11_0)
[2019.04.17-05.35.35:679][  0]LogD3D11RHI:       4021/0/8150 MB DedicatedVideo/DedicatedSystem/SharedSystem, Outputs:1, VendorId:0x10de
[2019.04.17-05.35.35:708][  0]LogD3D11RHI:    1. 'Intel(R) HD Graphics 630' (Feature Level 11_0)
[2019.04.17-05.35.35:708][  0]LogD3D11RHI:       128/0/8150 MB DedicatedVideo/DedicatedSystem/SharedSystem, Outputs:0, VendorId:0x8086
[2019.04.17-05.35.35:716][  0]LogD3D11RHI:    2. 'Microsoft Basic Render Driver' (Feature Level 11_0)
[2019.04.17-05.35.35:716][  0]LogD3D11RHI:       0/0/8150 MB DedicatedVideo/DedicatedSystem/SharedSystem, Outputs:0, VendorId:0x1414
[2019.04.17-05.35.35:716][  0]LogD3D11RHI: Chosen D3D11 Adapter: 0
[2019.04.17-05.35.35:774][  0]LogD3D11RHI: Creating new Direct3DDevice
[2019.04.17-05.35.35:774][  0]LogD3D11RHI:     GPU DeviceId: 0x1c8d (for the marketing name, search the web for "GPU Device Id")
[2019.04.17-05.35.35:774][  0]LogWindows: EnumDisplayDevices:
[2019.04.17-05.35.35:775][  0]LogWindows:    0. 'Intel(R) HD Graphics 630' (P:1 D:1)
[2019.04.17-05.35.35:777][  0]LogWindows:    1. 'Intel(R) HD Graphics 630' (P:0 D:0)
[2019.04.17-05.35.35:780][  0]LogWindows:    2. 'Intel(R) HD Graphics 630' (P:0 D:0)
[2019.04.17-05.35.35:781][  0]LogWindows: DebugString: PrimaryIsNotTheChoosenAdapter PrimaryIsNotTheChoosenAdapter PrimaryIsNotTheChoosenAdapter FoundDriverCount:0 
[2019.04.17-05.35.35:781][  0]LogD3D11RHI:     Adapter Name: NVIDIA GeForce GTX 1050
[2019.04.17-05.35.35:781][  0]LogD3D11RHI:   Driver Version: Unknown (internal:Unknown, unified:Unknown)
[2019.04.17-05.35.35:781][  0]LogD3D11RHI:      Driver Date: Unknown
[2019.04.17-05.35.35:781][  0]LogRHI: Texture pool is 2814 MB (70% of 4021 MB)
[2019.04.17-05.35.35:870][  0]LogD3D11RHI: Async texture creation enabled
[2019.04.17-05.35.35:898][  0]LogD3D11RHI: GPU Timing Frequency: 1000.000000 (Debug: 2 1)
[2019.04.17-05.35.36:823][  0]LogTemp: Display: Loaded TP AllDesktopTargetPlatform
[2019.04.17-05.35.36:851][  0]LogTemp: Display: Loaded TP MacClientTargetPlatform
[2019.04.17-05.35.36:878][  0]LogTemp: Display: Loaded TP MacNoEditorTargetPlatform
[2019.04.17-05.35.36:903][  0]LogTemp: Display: Loaded TP MacServerTargetPlatform
[2019.04.17-05.35.36:934][  0]LogTemp: Display: Loaded TP MacTargetPlatform
[2019.04.17-05.35.36:962][  0]LogTemp: Display: Loaded TP WindowsClientTargetPlatform
[2019.04.17-05.35.36:990][  0]LogTemp: Display: Loaded TP WindowsNoEditorTargetPlatform
[2019.04.17-05.35.37:017][  0]LogTemp: Display: Loaded TP WindowsServerTargetPlatform
[2019.04.17-05.35.37:031][  0]LogTemp: Display: Loaded TP WindowsTargetPlatform
[2019.04.17-05.35.37:184][  0]LogTemp: Display: Loaded TP AndroidTargetPlatform
[2019.04.17-05.35.37:184][  0]LogTemp: Display: Loaded TP AndroidTargetPlatform
[2019.04.17-05.35.37:185][  0]LogTemp: Display: Loaded TP AndroidTargetPlatform
[2019.04.17-05.35.37:185][  0]LogTemp: Display: Loaded TP AndroidTargetPlatform
[2019.04.17-05.35.37:185][  0]LogTemp: Display: Loaded TP AndroidTargetPlatform
[2019.04.17-05.35.37:185][  0]LogTemp: Display: Loaded TP AndroidTargetPlatform
[2019.04.17-05.35.37:185][  0]LogTemp: Display: Loaded TP AndroidTargetPlatform
[2019.04.17-05.35.37:185][  0]LogTemp: Display: Loaded TP AndroidTargetPlatform
[2019.04.17-05.35.37:185][  0]LogTemp: Display: Loaded TP AndroidTargetPlatform
[2019.04.17-05.35.37:185][  0]LogTemp: Display: Loaded TP AndroidTargetPlatform
[2019.04.17-05.35.37:185][  0]LogTemp: Display: Loaded TP AndroidTargetPlatform
[2019.04.17-05.35.37:185][  0]LogTemp: Display: Loaded TP AndroidTargetPlatform
[2019.04.17-05.35.37:185][  0]LogTemp: Display: Loaded TP AndroidTargetPlatform
[2019.04.17-05.35.37:185][  0]LogTemp: Display: Loaded TP AndroidTargetPlatform
[2019.04.17-05.35.37:185][  0]LogTemp: Display: Loaded TP AndroidTargetPlatform
[2019.04.17-05.35.37:185][  0]LogTemp: Display: Loaded TP AndroidTargetPlatform
[2019.04.17-05.35.37:185][  0]LogTemp: Display: Loaded TP AndroidTargetPlatform
[2019.04.17-05.35.37:185][  0]LogTemp: Display: Loaded TP AndroidTargetPlatform
[2019.04.17-05.35.37:192][  0]LogTemp: Display: Loaded TP HTML5TargetPlatform
[2019.04.17-05.35.37:281][  0]LogTemp: Display: Loaded TP IOSTargetPlatform
[2019.04.17-05.35.37:281][  0]LogTemp: Display: Loaded TP IOSTargetPlatform
[2019.04.17-05.35.37:325][  0]LogTemp: Display: Loaded TP TVOSTargetPlatform
[2019.04.17-05.35.37:325][  0]LogTemp: Display: Loaded TP TVOSTargetPlatform
[2019.04.17-05.35.37:351][  0]LogTemp: Display: Loaded TP LinuxClientTargetPlatform
[2019.04.17-05.35.37:378][  0]LogTemp: Display: Loaded TP LinuxNoEditorTargetPlatform
[2019.04.17-05.35.37:403][  0]LogTemp: Display: Loaded TP LinuxServerTargetPlatform
[2019.04.17-05.35.37:433][  0]LogTemp: Display: Loaded TP LinuxTargetPlatform
[2019.04.17-05.35.37:521][  0]LogTemp: Display: Loaded TP LuminTargetPlatform
[2019.04.17-05.35.37:521][  0]LogTemp: Display: Loaded TP LuminTargetPlatform
[2019.04.17-05.35.37:521][  0]LogTargetPlatformManager: Display: Building Assets For Windows
[2019.04.17-05.35.37:661][  0]LogShaderCompilers: Guid format shader working directory is -25 characters bigger than the processId version (../../../../J2Y/대학교/4-1/고급그래픽스효과/4-1-AdvancedGraphicsEffects/Effects/Intermediate/Shaders/WorkingDirectory/18772/).
[2019.04.17-05.35.37:662][  0]LogShaderCompilers: Cleaned the shader compiler working directory 'C:/Users/조윤영/AppData/Local/Temp/UnrealShaderWorkingDir/B0D91C264D3EEBE4CDDEF6BDEBF471A3/'.
[2019.04.17-05.35.37:668][  0]LogXGEController: Cleaning working directory: C:/Users/조윤영/AppData/Local/Temp/UnrealXGEWorkingDir/
[2019.04.17-05.35.37:668][  0]LogXGEController: Cannot use XGE Controller as Incredibuild is not installed on this machine.
[2019.04.17-05.35.37:668][  0]LogShaderCompilers: Cannot use XGE Shader Compiler as Incredibuild is not installed on this machine.
[2019.04.17-05.35.37:669][  0]LogShaderCompilers: Display: Using Local Shader Compiler.
[2019.04.17-05.35.39:433][  0]LogDerivedDataCache: Display: Max Cache Size: 512 MB
[2019.04.17-05.35.39:528][  0]LogDerivedDataCache: Loaded boot cache 0.09s 71MB C:/Users/조윤영/AppData/Local/UnrealEngine/4.21/DerivedDataCache/Boot.ddc.
[2019.04.17-05.35.39:528][  0]LogDerivedDataCache: Display: Loaded Boot cache: C:/Users/조윤영/AppData/Local/UnrealEngine/4.21/DerivedDataCache/Boot.ddc
[2019.04.17-05.35.39:528][  0]LogDerivedDataCache: FDerivedDataBackendGraph:  Pak pak cache file ../../../../J2Y/대학교/4-1/고급그래픽스효과/4-1-AdvancedGraphicsEffects/Effects/DerivedDataCache/DDC.ddp not found, will not use a pak cache.
[2019.04.17-05.35.39:528][  0]LogDerivedDataCache: Unable to find inner node Pak for hierarchical cache Hierarchy.
[2019.04.17-05.35.39:528][  0]LogDerivedDataCache: FDerivedDataBackendGraph:  CompressedPak pak cache file ../../../../J2Y/대학교/4-1/고급그래픽스효과/4-1-AdvancedGraphicsEffects/Effects/DerivedDataCache/Compressed.ddp not found, will not use a pak cache.
[2019.04.17-05.35.39:528][  0]LogDerivedDataCache: Unable to find inner node CompressedPak for hierarchical cache Hierarchy.
[2019.04.17-05.35.39:728][  0]LogDerivedDataCache: Display: Pak cache opened for reading ../../../Engine/DerivedDataCache/Compressed.ddp.
[2019.04.17-05.35.39:729][  0]LogDerivedDataCache: FDerivedDataBackendGraph:  EnterprisePak pak cache file ../../../Enterprise/DerivedDataCache/Compressed.ddp not found, will not use a pak cache.
[2019.04.17-05.35.39:729][  0]LogDerivedDataCache: Unable to find inner node EnterprisePak for hierarchical cache Hierarchy.
[2019.04.17-05.35.39:749][  0]LogDerivedDataCache: Using Local data cache path C:/Users/조윤영/AppData/Local/UnrealEngine/Common/DerivedDataCache: Writable
[2019.04.17-05.35.39:749][  0]LogDerivedDataCache: Shared data cache path not found in *engine.ini, will not use an Shared cache.
[2019.04.17-05.35.39:749][  0]LogDerivedDataCache: Unable to find inner node Shared for hierarchical cache Hierarchy.
[2019.04.17-05.35.39:822][  0]LogMaterial: Verifying Global Shaders for PCD3D_SM5
[2019.04.17-05.35.39:826][  0]LogSlate: Using FreeType 2.6.0
[2019.04.17-05.35.39:854][  0]LogSlate: SlateFontServices - WITH_FREETYPE: 1, WITH_HARFBUZZ: 1
[2019.04.17-05.35.40:119][  0]LogAssetRegistry: FAssetRegistry took 0.0734 seconds to start up
[2019.04.17-05.35.40:751][  0]LogInit: Selected Device Profile: [Windows]
[2019.04.17-05.35.41:148][  0]LogSimplygon: Simplygon DLL not present - disabling.
[2019.04.17-05.35.41:158][  0]LogMeshReduction: Using SimplygonSwarm for distributed automatic mesh merging
[2019.04.17-05.35.41:158][  0]LogMeshReduction: Using ProxyLODMeshReduction for automatic mesh merging
[2019.04.17-05.35.41:158][  0]LogMeshReduction: Using QuadricMeshReduction for automatic static mesh reduction
[2019.04.17-05.35.41:158][  0]LogMeshReduction: No automatic skeletal mesh reduction module available
[2019.04.17-05.35.41:192][  0]LogNetVersion: Effects 1.0.0, NetCL: 4541578, EngineNetVer: 5, GameNetVer: 0 (Checksum: 2565292621)
[2019.04.17-05.35.42:377][  0]LogPackageLocalizationCache: Processed 11 localized package path(s) for 2 prioritized culture(s) in 0.230214 seconds
[2019.04.17-05.35.42:385][  0]LogUObjectArray: 39775 objects as part of root set at end of initial load.
[2019.04.17-05.35.42:385][  0]LogUObjectAllocator: 6914656 out of 0 bytes used by permanent object pool.
[2019.04.17-05.35.42:385][  0]LogUObjectArray: CloseDisregardForGC: 0/0 objects in disregard for GC pool
[2019.04.17-05.35.44:650][  0]LogTcpMessaging: Initializing TcpMessaging bridge
[2019.04.17-05.35.44:668][  0]LogUdpMessaging: Initializing bridge on interface 0.0.0.0:0 to multicast group 230.0.0.1:6666.
[2019.04.17-05.35.46:504][  0]SourceControl: 소스 컨트롤이 꺼졌습니다.
[2019.04.17-05.35.46:504][  0]SourceControl: 소스 컨트롤이 꺼졌습니다.
[2019.04.17-05.35.46:510][  0]SourceControl: 소스 컨트롤이 꺼졌습니다.
[2019.04.17-05.35.46:514][  0]SourceControl: 소스 컨트롤이 꺼졌습니다.
[2019.04.17-05.35.46:885][  0]LogAndroidPermission: UAndroidPermissionCallbackProxy::GetInstance
[2019.04.17-05.35.47:129][  0]LogOcInput: OculusInput pre-init called
[2019.04.17-05.35.47:438][  0]LogEngine: Initializing Engine...
[2019.04.17-05.35.47:441][  0]LogHMD: Failed to initialize OpenVR with code 110
[2019.04.17-05.35.47:458][  0]LogStats: UGameplayTagsManager::ConstructGameplayTagTree: ImportINI prefixes -  0.000 s
[2019.04.17-05.35.47:458][  0]LogStats: UGameplayTagsManager::ConstructGameplayTagTree: Construct from data asset -  0.000 s
[2019.04.17-05.35.47:458][  0]LogStats: UGameplayTagsManager::ConstructGameplayTagTree: ImportINI -  0.000 s
[2019.04.17-05.35.47:458][  0]LogStats: UGameplayTagsManager::ConstructGameplayTagTree: GameplayTagTreeChangedEvent.Broadcast -  0.000 s
[2019.04.17-05.35.47:877][  0]LogInit: Initializing FReadOnlyCVARCache
[2019.04.17-05.35.47:922][  0]LogAIModule: Creating AISystem for world Untitled
[2019.04.17-05.35.47:993][  0]LogInit: XAudio2 using '스피커(Realtek High Definition Audio)' : 2 channels at 48 kHz using 32 bits per sample (channel mask 0x3)
[2019.04.17-05.35.48:199][  0]LogInit: FAudioDevice initialized.
[2019.04.17-05.35.48:199][  0]LogNetVersion: Set ProjectVersion to 1.0.0.0. Version Checksum will be recalculated on next use.
[2019.04.17-05.35.48:280][  0]LogDerivedDataCache: Saved boot cache 0.08s 71MB C:/Users/조윤영/AppData/Local/UnrealEngine/4.21/DerivedDataCache/Boot.ddc.
[2019.04.17-05.35.48:281][  0]LogInit: Texture streaming: Enabled
[2019.04.17-05.35.48:347][  0]LogEngineSessionManager: EngineSessionManager initialized
[2019.04.17-05.35.48:347][  0]LogEngineSessionManager: EngineSessionManager sent abnormal shutdown report. Type=Crashed, SessionId={FCD106D5-4B6D-6471-8200-CCA65292E62B}
[2019.04.17-05.35.48:371][  0]LogInit: Transaction tracking system initialized
[2019.04.17-05.35.48:411][  0]BlueprintLog: New page: 에디터 로드
[2019.04.17-05.35.48:635][  0]LocalizationService: 현지화 서비스가 비활성화되었습니다.
[2019.04.17-05.35.49:469][  0]LogFileCache: Scanning file cache for directory 'D:/J2Y/대학교/4-1/고급그래픽스효과/4-1-AdvancedGraphicsEffects/Effects/Content/' took 0.03s
[2019.04.17-05.35.49:469][  0]LogCook: Display: Max memory allowance for cook 16384mb min free memory 0mb
[2019.04.17-05.35.49:469][  0]LogCook: Display: Mobile HDR setting 1
[2019.04.17-05.35.49:469][  0]LogGameplayTags: Display: UGameplayTagsManager::DoneAddingNativeTags. DelegateIsBound: 0
[2019.04.17-05.35.49:469][  0]LogStats: UGameplayTagsManager::ConstructGameplayTagTree: ImportINI prefixes -  0.000 s
[2019.04.17-05.35.49:469][  0]LogStats: UGameplayTagsManager::ConstructGameplayTagTree: Construct from data asset -  0.000 s
[2019.04.17-05.35.49:469][  0]LogStats: UGameplayTagsManager::ConstructGameplayTagTree: ImportINI -  0.000 s
[2019.04.17-05.35.49:469][  0]LogStats: UGameplayTagsManager::ConstructGameplayTagTree: GameplayTagTreeChangedEvent.Broadcast -  0.000 s
[2019.04.17-05.35.49:920][  0]SourceControl: 소스 컨트롤이 꺼졌습니다.
[2019.04.17-05.35.49:920][  0]Cmd: MAP LOAD FILE="../../../../J2Y/대학교/4-1/고급그래픽스효과/4-1-AdvancedGraphicsEffects/Effects/Content/StarterContent/Maps/Minimal_Default.umap" TEMPLATE=0 SHOWPROGRESS=1 FEATURELEVEL=3
[2019.04.17-05.35.49:921][  0]LogEditorServer: Warning: Can't find file '../../../../J2Y/대학교/4-1/고급그래픽스효과/4-1-AdvancedGraphicsEffects/Effects/Content/StarterContent/Maps/Minimal_Default.umap'
[2019.04.17-05.35.49:921][  0]Cmd: MAP CHECKDEP NOCLEARLOG
[2019.04.17-05.35.49:921][  0]MapCheck: 맵 체크 완료: 오류 0 회, 경고 0 회, 소요 시간 0.267ms.
[2019.04.17-05.35.49:921][  0]LogFileHelpers: Loading map 'Minimal_Default' took 0.001
[2019.04.17-05.35.50:070][  0]LogSlate: Updating window title bar state: overlay mode, drag disabled, window buttons hidden, title bar hidden
[2019.04.17-05.35.50:078][  0]LogSlate: Updating window title bar state: overlay mode, drag disabled, window buttons hidden, title bar hidden
[2019.04.17-05.35.50:086][  0]LogSlate: Updating window title bar state: overlay mode, drag disabled, window buttons hidden, title bar hidden
[2019.04.17-05.35.50:095][  0]LogSlate: Updating window title bar state: overlay mode, drag disabled, window buttons hidden, title bar hidden
[2019.04.17-05.35.50:137][  0]LogCollectionManager: Loaded 0 collections in 0.002172 seconds
[2019.04.17-05.35.50:181][  0]LogFileCache: Scanning file cache for directory 'D:/J2Y/대학교/4-1/고급그래픽스효과/4-1-AdvancedGraphicsEffects/Effects/Saved/Collections/' took 0.01s
[2019.04.17-05.35.50:181][  0]LogFileCache: Scanning file cache for directory 'D:/J2Y/대학교/4-1/고급그래픽스효과/4-1-AdvancedGraphicsEffects/Effects/Content/Developers/조윤영/Collections/' took 0.01s
[2019.04.17-05.35.50:181][  0]LogFileCache: Scanning file cache for directory 'D:/J2Y/대학교/4-1/고급그래픽스효과/4-1-AdvancedGraphicsEffects/Effects/Content/Collections/' took 0.01s
[2019.04.17-05.35.50:181][  0]LogCollectionManager: Rebuilt the GUID cache for 0 collections in 0.000000 seconds
[2019.04.17-05.35.50:192][  0]LogContentBrowser: Native class hierarchy populated in 0.0110 seconds. Added 2651 classes and 620 folders.
[2019.04.17-05.35.50:203][  0]LogContentBrowser: Native class hierarchy updated for 'WidgetCarousel' in 0.0003 seconds. Added 0 classes and 0 folders.
[2019.04.17-05.35.50:208][  0]LogPakFile: Registered encryption key '00000000000000000000000000000000': 0 pak files mounted, 0 remain pending
[2019.04.17-05.35.50:209][  0]LogPakFile: Registered encryption key '00000000000000000000000000000000': 0 pak files mounted, 0 remain pending
[2019.04.17-05.35.50:210][  0]LogPakFile: Registered encryption key '00000000000000000000000000000000': 0 pak files mounted, 0 remain pending
[2019.04.17-05.35.50:211][  0]LogPakFile: Registered encryption key '00000000000000000000000000000000': 0 pak files mounted, 0 remain pending
[2019.04.17-05.35.50:212][  0]LogPakFile: Registered encryption key '00000000000000000000000000000000': 0 pak files mounted, 0 remain pending
[2019.04.17-05.35.50:213][  0]LogPakFile: Registered encryption key '00000000000000000000000000000000': 0 pak files mounted, 0 remain pending
[2019.04.17-05.35.50:214][  0]LogPakFile: Registered encryption key '00000000000000000000000000000000': 0 pak files mounted, 0 remain pending
[2019.04.17-05.35.50:216][  0]LogPakFile: Registered encryption key '00000000000000000000000000000000': 0 pak files mounted, 0 remain pending
[2019.04.17-05.35.50:217][  0]LogPakFile: Registered encryption key '00000000000000000000000000000000': 0 pak files mounted, 0 remain pending
[2019.04.17-05.35.50:218][  0]LogPakFile: Registered encryption key '00000000000000000000000000000000': 0 pak files mounted, 0 remain pending
[2019.04.17-05.35.50:219][  0]LogPakFile: Registered encryption key '00000000000000000000000000000000': 0 pak files mounted, 0 remain pending
[2019.04.17-05.35.50:220][  0]LogPakFile: Registered encryption key '00000000000000000000000000000000': 0 pak files mounted, 0 remain pending
[2019.04.17-05.35.50:221][  0]LogPakFile: Registered encryption key '00000000000000000000000000000000': 0 pak files mounted, 0 remain pending
[2019.04.17-05.35.50:223][  0]LogPakFile: Registered encryption key '00000000000000000000000000000000': 0 pak files mounted, 0 remain pending
[2019.04.17-05.35.50:224][  0]LogPakFile: Registered encryption key '00000000000000000000000000000000': 0 pak files mounted, 0 remain pending
[2019.04.17-05.35.50:225][  0]LogPakFile: Registered encryption key '00000000000000000000000000000000': 0 pak files mounted, 0 remain pending
[2019.04.17-05.35.50:226][  0]LogPakFile: Registered encryption key '00000000000000000000000000000000': 0 pak files mounted, 0 remain pending
[2019.04.17-05.35.50:228][  0]LogPakFile: Registered encryption key '00000000000000000000000000000000': 0 pak files mounted, 0 remain pending
[2019.04.17-05.35.50:229][  0]LogPakFile: Registered encryption key '00000000000000000000000000000000': 0 pak files mounted, 0 remain pending
[2019.04.17-05.35.50:230][  0]LogPakFile: Registered encryption key '00000000000000000000000000000000': 0 pak files mounted, 0 remain pending
[2019.04.17-05.35.50:231][  0]LogPakFile: Registered encryption key '00000000000000000000000000000000': 0 pak files mounted, 0 remain pending
[2019.04.17-05.35.50:232][  0]LogPakFile: Registered encryption key '00000000000000000000000000000000': 0 pak files mounted, 0 remain pending
[2019.04.17-05.35.50:233][  0]LogPakFile: Registered encryption key '00000000000000000000000000000000': 0 pak files mounted, 0 remain pending
[2019.04.17-05.35.50:234][  0]LogPakFile: Registered encryption key '00000000000000000000000000000000': 0 pak files mounted, 0 remain pending
[2019.04.17-05.35.50:235][  0]LogPakFile: Registered encryption key '00000000000000000000000000000000': 0 pak files mounted, 0 remain pending
[2019.04.17-05.35.50:237][  0]LogPakFile: Registered encryption key '00000000000000000000000000000000': 0 pak files mounted, 0 remain pending
[2019.04.17-05.35.50:312][  0]LogContentBrowser: Native class hierarchy updated for 'AddContentDialog' in 0.0003 seconds. Added 0 classes and 0 folders.
[2019.04.17-05.35.50:318][  0]LogContentBrowser: Native class hierarchy updated for 'SceneOutliner' in 0.0004 seconds. Added 1 classes and 2 folders.
[2019.04.17-05.35.50:500][  0]LogSlate: Took 0.001092 seconds to synchronously load lazily loaded font '../../../Engine/Content/Slate/Fonts/Roboto-Regular.ttf' (155K)
[2019.04.17-05.35.50:502][  0]LogSlate: Took 0.002179 seconds to synchronously load lazily loaded font '../../../Engine/Content/Editor/Slate/Fonts/NanumGothic.ttf' (4243K)
[2019.04.17-05.35.50:505][  0]LogSlate: Took 0.002041 seconds to synchronously load lazily loaded font '../../../Engine/Content/Editor/Slate/Fonts/NanumGothicBold.ttf' (4188K)
[2019.04.17-05.35.50:506][  0]LogSlate: Took 0.000482 seconds to synchronously load lazily loaded font '../../../Engine/Content/Slate/Fonts/Roboto-Bold.ttf' (160K)
[2019.04.17-05.35.50:513][  0]LogSlate: Took 0.000436 seconds to synchronously load lazily loaded font '../../../Engine/Content/Editor/Slate/Fonts/FontAwesome.ttf' (139K)
[2019.04.17-05.35.50:622][  0]LogRenderer: Reallocating scene render targets to support 964x388 Format 10 NumSamples 1 (Frame:1).
[2019.04.17-05.35.50:781][  0]LogContentBrowser: Native class hierarchy updated for 'HierarchicalLODOutliner' in 0.0003 seconds. Added 0 classes and 0 folders.
[2019.04.17-05.35.50:781][  0]LogLoad: (Engine Initialization) Total time: 22.07 seconds
[2019.04.17-05.35.50:781][  0]LogLoad: (Engine Initialization) Total Blueprint compile time: 0.00 seconds
[2019.04.17-05.35.50:833][  0]LogAssetRegistry: Asset discovery search completed in 10.7383 seconds
[2019.04.17-05.35.50:835][  0]LogCollectionManager: Rebuilt the object cache for 0 collections in 0.000000 seconds (found 0 objects)
[2019.04.17-05.35.50:835][  0]LogCollectionManager: Fixed up redirectors for 0 collections in 0.000063 seconds (updated 0 objects)
[2019.04.17-05.35.50:836][  0]LogContentStreaming: Texture pool size now 1000 MB
[2019.04.17-05.35.50:883][  0]LogSlate: Took 0.000366 seconds to synchronously load lazily loaded font '../../../Engine/Content/Slate/Fonts/Roboto-Light.ttf' (167K)
[2019.04.17-05.35.52:142][  4]LogSlate: Took 0.001005 seconds to synchronously load lazily loaded font '../../../Engine/Content/Slate/Fonts/Roboto-Light.ttf' (167K)
[2019.04.17-05.35.53:808][  9]LogSlate: FSceneViewport::OnFocusLost() reason 0
[2019.04.17-05.36.02:731][145]LogAssetEditorManager: Opening Asset editor for Material /Game/Effects/Lecture-5/Lecture3.Lecture3
[2019.04.17-05.36.02:739][145]LogMaterial: Display: Missing cached shader map for material Lecture3, compiling. 
[2019.04.17-05.36.03:247][145]LogMaterial: Display: Missing cached shader map for material FMatExpressionPreview MaterialExpressionTextureSample_0, compiling. 
[2019.04.17-05.36.03:255][145]LogShaderCompilers: Display: Shaders left to compile 2
[2019.04.17-05.36.03:255][145]LogShaderCompilers: Display: Shaders left to compile 1
[2019.04.17-05.36.03:255][145]LogMaterial: Display: Missing cached shader map for material FMatExpressionPreview MaterialExpressionTextureCoordinate_0, compiling. 
[2019.04.17-05.36.03:263][145]LogMaterial: Display: Missing cached shader map for material FMatExpressionPreview MaterialExpressionMultiply_0, compiling. 
[2019.04.17-05.36.03:271][145]LogMaterial: Display: Missing cached shader map for material FMatExpressionPreview MaterialExpressionFloor_1, compiling. 
[2019.04.17-05.36.03:279][145]LogMaterial: Display: Missing cached shader map for material FMatExpressionPreview MaterialExpressionOneMinus_0, compiling. 
[2019.04.17-05.36.03:287][145]LogMaterial: Display: Missing cached shader map for material FMatExpressionPreview MaterialExpressionMultiply_3, compiling. 
[2019.04.17-05.36.03:294][145]LogMaterial: Display: Missing cached shader map for material FMatExpressionPreview MaterialExpressionMultiply_4, compiling. 
[2019.04.17-05.36.03:301][145]LogShaderCompilers: Display: Shaders left to compile 12
[2019.04.17-05.36.03:301][145]LogMaterial: Display: Missing cached shader map for material FMatExpressionPreview MaterialExpressionAdd_3, compiling. 
[2019.04.17-05.36.03:309][145]LogMaterial: Display: Missing cached shader map for material FMatExpressionPreview MaterialExpressionTextureSample_1, compiling. 
[2019.04.17-05.36.03:318][145]LogMaterial: Display: Missing cached shader map for material FMatExpressionPreview MaterialExpressionTextureCoordinate_1, compiling. 
[2019.04.17-05.36.03:326][145]LogMaterial: Display: Missing cached shader map for material FMatExpressionPreview MaterialExpressionMultiply_1, compiling. 
[2019.04.17-05.36.03:333][145]LogMaterial: Display: Missing cached shader map for material FMatExpressionPreview MaterialExpressionFrac_1, compiling. 
[2019.04.17-05.36.03:341][145]LogMaterial: Display: Missing cached shader map for material FMatExpressionPreview MaterialExpressionTextureSample_3, compiling. 
[2019.04.17-05.36.03:348][145]LogMaterial: Display: Missing cached shader map for material FMatExpressionPreview MaterialExpressionTextureCoordinate_2, compiling. 
[2019.04.17-05.36.03:356][145]LogMaterial: Display: Missing cached shader map for material FMatExpressionPreview MaterialExpressionMultiply_2, compiling. 
[2019.04.17-05.36.03:362][145]LogMaterial: Display: Missing cached shader map for material FMatExpressionPreview MaterialExpressionFrac_2, compiling. 
[2019.04.17-05.36.03:370][145]LogMaterial: Display: Missing cached shader map for material FMatExpressionPreview MaterialExpressionFloor_0, compiling. 
[2019.04.17-05.36.03:377][145]LogMaterial: Display: Missing cached shader map for material FMatExpressionPreview MaterialExpressionMultiply_5, compiling. 
[2019.04.17-05.36.03:383][145]LogMaterial: Display: Missing cached shader map for material FMatExpressionPreview MaterialExpressionMultiply_6, compiling. 
[2019.04.17-05.36.03:391][145]LogMaterial: Display: Missing cached shader map for material FMatExpressionPreview MaterialExpressionAdd_0, compiling. 
[2019.04.17-05.36.03:398][145]LogMaterial: Display: Missing cached shader map for material FMatExpressionPreview MaterialExpressionTextureSample_4, compiling. 
[2019.04.17-05.36.03:406][145]LogMaterial: Display: Missing cached shader map for material FMatExpressionPreview MaterialExpressionTextureCoordinate_3, compiling. 
[2019.04.17-05.36.03:412][145]LogMaterial: Display: Missing cached shader map for material FMatExpressionPreview MaterialExpressionMultiply_9, compiling. 
[2019.04.17-05.36.03:421][145]LogMaterial: Display: Missing cached shader map for material FMatExpressionPreview MaterialExpressionFrac_6, compiling. 
[2019.04.17-05.36.03:427][145]LogMaterial: Display: Missing cached shader map for material FMatExpressionPreview MaterialExpressionComponentMask_1, compiling. 
[2019.04.17-05.36.03:434][145]LogMaterial: Display: Missing cached shader map for material FMatExpressionPreview MaterialExpressionFloor_4, compiling. 
[2019.04.17-05.36.03:442][145]LogMaterial: Display: Missing cached shader map for material FMatExpressionPreview MaterialExpressionDivide_0, compiling. 
[2019.04.17-05.36.03:448][145]LogMaterial: Display: Missing cached shader map for material FMatExpressionPreview MaterialExpressionAdd_2, compiling. 
[2019.04.17-05.36.03:456][145]LogMaterial: Display: Missing cached shader map for material FMatExpressionPreview MaterialExpressionTextureSample_5, compiling. 
[2019.04.17-05.36.03:462][145]LogMaterial: Display: Missing cached shader map for material FMatExpressionPreview MaterialExpressionTextureCoordinate_4, compiling. 
[2019.04.17-05.36.03:470][145]LogMaterial: Display: Missing cached shader map for material FMatExpressionPreview MaterialExpressionMultiply_12, compiling. 
[2019.04.17-05.36.03:476][145]LogMaterial: Display: Missing cached shader map for material FMatExpressionPreview MaterialExpressionFrac_9, compiling. 
[2019.04.17-05.36.03:484][145]LogMaterial: Display: Missing cached shader map for material FMatExpressionPreview MaterialExpressionFloor_5, compiling. 
[2019.04.17-05.36.03:490][145]LogMaterial: Display: Missing cached shader map for material FMatExpressionPreview MaterialExpressionMultiply_13, compiling. 
[2019.04.17-05.36.03:497][145]LogMaterial: Display: Missing cached shader map for material FMatExpressionPreview MaterialExpressionMultiply_14, compiling. 
[2019.04.17-05.36.03:504][145]LogMaterial: Display: Missing cached shader map for material FMatExpressionPreview MaterialExpressionAdd_4, compiling. 
[2019.04.17-05.36.03:511][145]LogMaterial: Display: Missing cached shader map for material FMatExpressionPreview MaterialExpressionTextureSample_6, compiling. 
[2019.04.17-05.36.03:518][145]LogMaterial: Display: Missing cached shader map for material FMatExpressionPreview MaterialExpressionTextureCoordinate_5, compiling. 
[2019.04.17-05.36.03:527][145]LogMaterial: Display: Missing cached shader map for material FMatExpressionPreview MaterialExpressionMultiply_15, compiling. 
[2019.04.17-05.36.03:535][145]LogMaterial: Display: Missing cached shader map for material FMatExpressionPreview MaterialExpressionFrac_10, compiling. 
[2019.04.17-05.36.03:541][145]LogMaterial: Display: Missing cached shader map for material FMatExpressionPreview MaterialExpressionFloor_6, compiling. 
[2019.04.17-05.36.03:548][145]LogMaterial: Display: Missing cached shader map for material FMatExpressionPreview MaterialExpressionMultiply_16, compiling. 
[2019.04.17-05.36.03:555][145]LogMaterial: Display: Missing cached shader map for material FMatExpressionPreview MaterialExpressionMultiply_17, compiling. 
[2019.04.17-05.36.03:562][145]LogMaterial: Display: Missing cached shader map for material FMatExpressionPreview MaterialExpressionAdd_5, compiling. 
[2019.04.17-05.36.03:568][145]LogMaterial: Display: Missing cached shader map for material FMatExpressionPreview MaterialExpressionTextureSample_8, compiling. 
[2019.04.17-05.36.03:575][145]LogMaterial: Display: Missing cached shader map for material FMatExpressionPreview MaterialExpressionTextureCoordinate_7, compiling. 
[2019.04.17-05.36.03:582][145]LogMaterial: Display: Missing cached shader map for material FMatExpressionPreview MaterialExpressionMultiply_21, compiling. 
[2019.04.17-05.36.03:588][145]LogMaterial: Display: Missing cached shader map for material FMatExpressionPreview MaterialExpressionFrac_12, compiling. 
[2019.04.17-05.36.03:595][145]LogMaterial: Display: Missing cached shader map for material FMatExpressionPreview MaterialExpressionFloor_8, compiling. 
[2019.04.17-05.36.03:602][145]LogMaterial: Display: Missing cached shader map for material FMatExpressionPreview MaterialExpressionMultiply_23, compiling. 
[2019.04.17-05.36.03:608][145]LogMaterial: Display: Missing cached shader map for material FMatExpressionPreview MaterialExpressionAdd_7, compiling. 
[2019.04.17-05.36.03:615][145]LogMaterial: Display: Missing cached shader map for material FMatExpressionPreview MaterialExpressionFrac_13, compiling. 
[2019.04.17-05.36.03:624][145]LogMaterial: Display: Missing cached shader map for material FMatExpressionPreview MaterialExpressionTextureSample_9, compiling. 
[2019.04.17-05.36.03:631][145]LogMaterial: Display: Missing cached shader map for material FMatExpressionPreview MaterialExpressionTextureCoordinate_8, compiling. 
[2019.04.17-05.36.03:638][145]LogMaterial: Display: Missing cached shader map for material FMatExpressionPreview MaterialExpressionMultiply_24, compiling. 
[2019.04.17-05.36.03:645][145]LogMaterial: Display: Missing cached shader map for material FMatExpressionPreview MaterialExpressionFrac_14, compiling. 
[2019.04.17-05.36.03:653][145]LogMaterial: Display: Missing cached shader map for material FMatExpressionPreview MaterialExpressionAdd_8, compiling. 
[2019.04.17-05.36.03:659][145]LogMaterial: Display: Missing cached shader map for material FMatExpressionPreview MaterialExpressionFrac_15, compiling. 
[2019.04.17-05.36.03:667][145]LogMaterial: Display: Missing cached shader map for material FMatExpressionPreview MaterialExpressionComponentMask_3, compiling. 
[2019.04.17-05.36.03:674][145]LogMaterial: Display: Missing cached shader map for material FMatExpressionPreview MaterialExpressionFloor_10, compiling. 
[2019.04.17-05.36.03:680][145]LogMaterial: Display: Missing cached shader map for material FMatExpressionPreview MaterialExpressionMultiply_26, compiling. 
[2019.04.17-05.36.03:687][145]LogMaterial: Display: Missing cached shader map for material FMatExpressionPreview MaterialExpressionTextureSample_10, compiling. 
[2019.04.17-05.36.03:694][145]LogMaterial: Display: Missing cached shader map for material FMatExpressionPreview MaterialExpressionTextureSample_11, compiling. 
[2019.04.17-05.36.03:701][145]LogMaterial: Display: Missing cached shader map for material FMatExpressionPreview MaterialExpressionConstant3Vector_1, compiling. 
[2019.04.17-05.36.03:707][145]LogMaterial: Display: Missing cached shader map for material FMatExpressionPreview MaterialExpressionConstant3Vector_2, compiling. 
[2019.04.17-05.36.03:713][145]LogMaterial: Display: Missing cached shader map for material FMatExpressionPreview MaterialExpressionLinearInterpolate_0, compiling. 
[2019.04.17-05.36.03:724][145]LogMaterial: Display: Missing cached shader map for material Lecture3, compiling. 
[2019.04.17-05.36.03:750][145]LogMaterial: Display: Missing cached shader map for material Lecture3, compiling. 
[2019.04.17-05.36.03:804][145]LogMaterial: Display: Missing cached shader map for material FMatExpressionPreview MaterialExpressionTextureSample_0, compiling. 
[2019.04.17-05.36.03:811][145]LogMaterial: Display: Missing cached shader map for material FMatExpressionPreview MaterialExpressionTextureCoordinate_0, compiling. 
[2019.04.17-05.36.03:818][145]LogMaterial: Display: Missing cached shader map for material FMatExpressionPreview MaterialExpressionMultiply_0, compiling. 
[2019.04.17-05.36.03:824][145]LogMaterial: Display: Missing cached shader map for material FMatExpressionPreview MaterialExpressionFloor_1, compiling. 
[2019.04.17-05.36.03:831][145]LogMaterial: Display: Missing cached shader map for material FMatExpressionPreview MaterialExpressionOneMinus_0, compiling. 
[2019.04.17-05.36.03:839][145]LogMaterial: Display: Missing cached shader map for material FMatExpressionPreview MaterialExpressionMultiply_3, compiling. 
[2019.04.17-05.36.03:846][145]LogMaterial: Display: Missing cached shader map for material FMatExpressionPreview MaterialExpressionMultiply_4, compiling. 
[2019.04.17-05.36.03:854][145]LogMaterial: Display: Missing cached shader map for material FMatExpressionPreview MaterialExpressionAdd_3, compiling. 
[2019.04.17-05.36.03:860][145]LogMaterial: Display: Missing cached shader map for material FMatExpressionPreview MaterialExpressionTextureSample_1, compiling. 
[2019.04.17-05.36.03:867][145]LogMaterial: Display: Missing cached shader map for material FMatExpressionPreview MaterialExpressionTextureCoordinate_1, compiling. 
[2019.04.17-05.36.03:874][145]LogMaterial: Display: Missing cached shader map for material FMatExpressionPreview MaterialExpressionMultiply_1, compiling. 
[2019.04.17-05.36.03:881][145]LogMaterial: Display: Missing cached shader map for material FMatExpressionPreview MaterialExpressionFrac_1, compiling. 
[2019.04.17-05.36.03:887][145]LogMaterial: Display: Missing cached shader map for material FMatExpressionPreview MaterialExpressionTextureSample_3, compiling. 
[2019.04.17-05.36.03:894][145]LogMaterial: Display: Missing cached shader map for material FMatExpressionPreview MaterialExpressionTextureCoordinate_2, compiling. 
[2019.04.17-05.36.03:901][145]LogMaterial: Display: Missing cached shader map for material FMatExpressionPreview MaterialExpressionMultiply_2, compiling. 
[2019.04.17-05.36.03:908][145]LogMaterial: Display: Missing cached shader map for material FMatExpressionPreview MaterialExpressionFrac_2, compiling. 
[2019.04.17-05.36.03:915][145]LogMaterial: Display: Missing cached shader map for material FMatExpressionPreview MaterialExpressionFloor_0, compiling. 
[2019.04.17-05.36.03:922][145]LogMaterial: Display: Missing cached shader map for material FMatExpressionPreview MaterialExpressionMultiply_5, compiling. 
[2019.04.17-05.36.03:928][145]LogMaterial: Display: Missing cached shader map for material FMatExpressionPreview MaterialExpressionMultiply_6, compiling. 
[2019.04.17-05.36.03:935][145]LogMaterial: Display: Missing cached shader map for material FMatExpressionPreview MaterialExpressionAdd_0, compiling. 
[2019.04.17-05.36.03:942][145]LogMaterial: Display: Missing cached shader map for material FMatExpressionPreview MaterialExpressionTextureSample_4, compiling. 
[2019.04.17-05.36.03:948][145]LogMaterial: Display: Missing cached shader map for material FMatExpressionPreview MaterialExpressionTextureCoordinate_3, compiling. 
[2019.04.17-05.36.03:959][145]LogMaterial: Display: Missing cached shader map for material FMatExpressionPreview MaterialExpressionMultiply_9, compiling. 
[2019.04.17-05.36.03:968][145]LogMaterial: Display: Missing cached shader map for material FMatExpressionPreview MaterialExpressionFrac_6, compiling. 
[2019.04.17-05.36.03:976][145]LogMaterial: Display: Missing cached shader map for material FMatExpressionPreview MaterialExpressionComponentMask_1, compiling. 
[2019.04.17-05.36.03:983][145]LogMaterial: Display: Missing cached shader map for material FMatExpressionPreview MaterialExpressionFloor_4, compiling. 
[2019.04.17-05.36.03:990][145]LogMaterial: Display: Missing cached shader map for material FMatExpressionPreview MaterialExpressionDivide_0, compiling. 
[2019.04.17-05.36.03:998][145]LogMaterial: Display: Missing cached shader map for material FMatExpressionPreview MaterialExpressionAdd_2, compiling. 
[2019.04.17-05.36.04:007][145]LogMaterial: Display: Missing cached shader map for material FMatExpressionPreview MaterialExpressionTextureSample_5, compiling. 
[2019.04.17-05.36.04:014][145]LogMaterial: Display: Missing cached shader map for material FMatExpressionPreview MaterialExpressionTextureCoordinate_4, compiling. 
[2019.04.17-05.36.04:022][145]LogMaterial: Display: Missing cached shader map for material FMatExpressionPreview MaterialExpressionMultiply_12, compiling. 
[2019.04.17-05.36.04:030][145]LogMaterial: Display: Missing cached shader map for material FMatExpressionPreview MaterialExpressionFrac_9, compiling. 
[2019.04.17-05.36.04:037][145]LogMaterial: Display: Missing cached shader map for material FMatExpressionPreview MaterialExpressionFloor_5, compiling. 
[2019.04.17-05.36.04:045][145]LogMaterial: Display: Missing cached shader map for material FMatExpressionPreview MaterialExpressionMultiply_13, compiling. 
[2019.04.17-05.36.04:054][145]LogMaterial: Display: Missing cached shader map for material FMatExpressionPreview MaterialExpressionMultiply_14, compiling. 
[2019.04.17-05.36.04:062][145]LogMaterial: Display: Missing cached shader map for material FMatExpressionPreview MaterialExpressionAdd_4, compiling. 
[2019.04.17-05.36.04:070][145]LogMaterial: Display: Missing cached shader map for material FMatExpressionPreview MaterialExpressionTextureSample_6, compiling. 
[2019.04.17-05.36.04:078][145]LogMaterial: Display: Missing cached shader map for material FMatExpressionPreview MaterialExpressionTextureCoordinate_5, compiling. 
[2019.04.17-05.36.04:086][145]LogMaterial: Display: Missing cached shader map for material FMatExpressionPreview MaterialExpressionMultiply_15, compiling. 
[2019.04.17-05.36.04:094][145]LogMaterial: Display: Missing cached shader map for material FMatExpressionPreview MaterialExpressionFrac_10, compiling. 
[2019.04.17-05.36.04:103][145]LogMaterial: Display: Missing cached shader map for material FMatExpressionPreview MaterialExpressionFloor_6, compiling. 
[2019.04.17-05.36.04:112][145]LogMaterial: Display: Missing cached shader map for material FMatExpressionPreview MaterialExpressionMultiply_16, compiling. 
[2019.04.17-05.36.04:120][145]LogMaterial: Display: Missing cached shader map for material FMatExpressionPreview MaterialExpressionMultiply_17, compiling. 
[2019.04.17-05.36.04:127][145]LogMaterial: Display: Missing cached shader map for material FMatExpressionPreview MaterialExpressionAdd_5, compiling. 
[2019.04.17-05.36.04:134][145]LogMaterial: Display: Missing cached shader map for material FMatExpressionPreview MaterialExpressionTextureSample_8, compiling. 
[2019.04.17-05.36.04:142][145]LogMaterial: Display: Missing cached shader map for material FMatExpressionPreview MaterialExpressionTextureCoordinate_7, compiling. 
[2019.04.17-05.36.04:150][145]LogMaterial: Display: Missing cached shader map for material FMatExpressionPreview MaterialExpressionMultiply_21, compiling. 
[2019.04.17-05.36.04:158][145]LogMaterial: Display: Missing cached shader map for material FMatExpressionPreview MaterialExpressionFrac_12, compiling. 
[2019.04.17-05.36.04:165][145]LogMaterial: Display: Missing cached shader map for material FMatExpressionPreview MaterialExpressionFloor_8, compiling. 
[2019.04.17-05.36.04:172][145]LogMaterial: Display: Missing cached shader map for material FMatExpressionPreview MaterialExpressionMultiply_23, compiling. 
[2019.04.17-05.36.04:179][145]LogMaterial: Display: Missing cached shader map for material FMatExpressionPreview MaterialExpressionAdd_7, compiling. 
[2019.04.17-05.36.04:186][145]LogMaterial: Display: Missing cached shader map for material FMatExpressionPreview MaterialExpressionFrac_13, compiling. 
[2019.04.17-05.36.04:194][145]LogMaterial: Display: Missing cached shader map for material FMatExpressionPreview MaterialExpressionTextureSample_9, compiling. 
[2019.04.17-05.36.04:200][145]LogMaterial: Display: Missing cached shader map for material FMatExpressionPreview MaterialExpressionTextureCoordinate_8, compiling. 
[2019.04.17-05.36.04:207][145]LogShaderCompilers: Display: Shaders left to compile 136
[2019.04.17-05.36.04:208][145]LogMaterial: Display: Missing cached shader map for material FMatExpressionPreview MaterialExpressionMultiply_24, compiling. 
[2019.04.17-05.36.04:215][145]LogMaterial: Display: Missing cached shader map for material FMatExpressionPreview MaterialExpressionFrac_14, compiling. 
[2019.04.17-05.36.04:222][145]LogShaderCompilers: Display: Shaders left to compile 141
[2019.04.17-05.36.04:222][145]LogMaterial: Display: Missing cached shader map for material FMatExpressionPreview MaterialExpressionAdd_8, compiling. 
[2019.04.17-05.36.04:229][145]LogMaterial: Display: Missing cached shader map for material FMatExpressionPreview MaterialExpressionFrac_15, compiling. 
[2019.04.17-05.36.04:236][145]LogMaterial: Display: Missing cached shader map for material FMatExpressionPreview MaterialExpressionComponentMask_3, compiling. 
[2019.04.17-05.36.04:242][145]LogMaterial: Display: Missing cached shader map for material FMatExpressionPreview MaterialExpressionFloor_10, compiling. 
[2019.04.17-05.36.04:250][145]LogMaterial: Display: Missing cached shader map for material FMatExpressionPreview MaterialExpressionMultiply_26, compiling. 
[2019.04.17-05.36.04:257][145]LogMaterial: Display: Missing cached shader map for material FMatExpressionPreview MaterialExpressionTextureSample_10, compiling. 
[2019.04.17-05.36.04:265][145]LogMaterial: Display: Missing cached shader map for material FMatExpressionPreview MaterialExpressionTextureSample_11, compiling. 
[2019.04.17-05.36.04:271][145]LogMaterial: Display: Missing cached shader map for material FMatExpressionPreview MaterialExpressionConstant3Vector_1, compiling. 
[2019.04.17-05.36.04:278][145]LogMaterial: Display: Missing cached shader map for material FMatExpressionPreview MaterialExpressionConstant3Vector_2, compiling. 
[2019.04.17-05.36.04:285][145]LogShaderCompilers: Display: Shaders left to compile 156
[2019.04.17-05.36.04:286][145]LogMaterial: Display: Missing cached shader map for material FMatExpressionPreview MaterialExpressionLinearInterpolate_0, compiling. 
[2019.04.17-05.36.04:361][145]LogSlate: Took 0.020635 seconds to synchronously load lazily loaded font '../../../Engine/Content/Slate/Fonts/../../Editor/Slate/Fonts/NanumGothic.ttf' (4243K)
[2019.04.17-05.36.04:403][145]LogSlate: Took 0.000391 seconds to synchronously load lazily loaded font '../../../Engine/Content/Slate/Fonts/Roboto-BoldCondensed.ttf' (158K)
[2019.04.17-05.36.04:715][145]LogShaderCompilers: Display: Shaders left to compile 159
[2019.04.17-05.36.04:715][145]LogShaderCompilers: Display: Shaders left to compile 158
[2019.04.17-05.36.04:715][145]LogShaderCompilers: Display: Shaders left to compile 157
[2019.04.17-05.36.04:863][151]LogShaderCompilers: Display: Shaders left to compile 156
[2019.04.17-05.36.04:873][151]LogShaderCompilers: Display: Shaders left to compile 155
[2019.04.17-05.36.04:884][151]LogShaderCompilers: Display: Shaders left to compile 154
[2019.04.17-05.36.05:074][154]LogShaderCompilers: Display: Shaders left to compile 153
[2019.04.17-05.36.05:088][154]LogShaderCompilers: Display: Shaders left to compile 152
[2019.04.17-05.36.05:105][155]LogShaderCompilers: Display: Shaders left to compile 151
[2019.04.17-05.36.05:362][158]LogShaderCompilers: Display: Shaders left to compile 150
[2019.04.17-05.36.05:551][160]LogShaderCompilers: Display: Shaders left to compile 149
[2019.04.17-05.36.05:625][160]LogShaderCompilers: Display: Shaders left to compile 148
[2019.04.17-05.36.05:818][162]LogShaderCompilers: Display: Shaders left to compile 147
[2019.04.17-05.36.05:888][162]LogShaderCompilers: Display: Shaders left to compile 146
[2019.04.17-05.36.06:031][163]LogShaderCompilers: Display: Shaders left to compile 145
[2019.04.17-05.36.06:282][169]LogShaderCompilers: Display: Shaders left to compile 144
[2019.04.17-05.36.06:372][170]LogShaderCompilers: Display: Shaders left to compile 143
[2019.04.17-05.36.06:395][170]LogShaderCompilers: Display: Shaders left to compile 142
[2019.04.17-05.36.06:951][178]LogShaderCompilers: Display: Shaders left to compile 141
[2019.04.17-05.36.07:115][181]LogShaderCompilers: Display: Shaders left to compile 140
[2019.04.17-05.36.07:424][187]LogShaderCompilers: Display: Shaders left to compile 139
[2019.04.17-05.36.07:662][192]LogShaderCompilers: Display: Shaders left to compile 138
[2019.04.17-05.36.07:774][194]LogShaderCompilers: Display: Shaders left to compile 137
[2019.04.17-05.36.07:804][195]LogShaderCompilers: Display: Shaders left to compile 136
[2019.04.17-05.36.08:123][201]LogShaderCompilers: Display: Shaders left to compile 135
[2019.04.17-05.36.08:268][204]LogShaderCompilers: Display: Shaders left to compile 134
[2019.04.17-05.36.08:433][207]LogShaderCompilers: Display: Shaders left to compile 133
[2019.04.17-05.36.08:596][210]LogShaderCompilers: Display: Shaders left to compile 132
[2019.04.17-05.36.08:791][214]LogShaderCompilers: Display: Shaders left to compile 131
[2019.04.17-05.36.08:802][214]LogShaderCompilers: Display: Shaders left to compile 130
[2019.04.17-05.36.08:992][218]LogShaderCompilers: Display: Shaders left to compile 129
[2019.04.17-05.36.09:154][221]LogShaderCompilers: Display: Shaders left to compile 128
[2019.04.17-05.36.09:280][224]LogShaderCompilers: Display: Shaders left to compile 127
[2019.04.17-05.36.09:401][226]LogShaderCompilers: Display: Shaders left to compile 126
[2019.04.17-05.36.09:565][230]LogShaderCompilers: Display: Shaders left to compile 125
[2019.04.17-05.36.09:646][231]LogShaderCompilers: Display: Shaders left to compile 124
[2019.04.17-05.36.09:870][236]LogShaderCompilers: Display: Shaders left to compile 123
[2019.04.17-05.36.09:928][237]LogShaderCompilers: Display: Shaders left to compile 122
[2019.04.17-05.36.10:041][239]LogShaderCompilers: Display: Shaders left to compile 121
[2019.04.17-05.36.10:241][243]LogShaderCompilers: Display: Shaders left to compile 120
[2019.04.17-05.36.10:405][247]LogShaderCompilers: Display: Shaders left to compile 119
[2019.04.17-05.36.10:465][248]LogShaderCompilers: Display: Shaders left to compile 118
[2019.04.17-05.36.10:668][252]LogShaderCompilers: Display: Shaders left to compile 117
[2019.04.17-05.36.10:747][253]LogShaderCompilers: Display: Shaders left to compile 116
[2019.04.17-05.36.10:903][257]LogShaderCompilers: Display: Shaders left to compile 115
[2019.04.17-05.36.10:979][258]LogShaderCompilers: Display: Shaders left to compile 114
[2019.04.17-05.36.11:266][264]LogShaderCompilers: Display: Shaders left to compile 113
[2019.04.17-05.36.11:281][264]LogShaderCompilers: Display: Shaders left to compile 112
[2019.04.17-05.36.11:450][268]LogShaderCompilers: Display: Shaders left to compile 111
[2019.04.17-05.36.11:640][271]LogShaderCompilers: Display: Shaders left to compile 110
[2019.04.17-05.36.11:687][272]LogShaderCompilers: Display: Shaders left to compile 109
[2019.04.17-05.36.11:797][275]LogShaderCompilers: Display: Shaders left to compile 108
[2019.04.17-05.36.12:029][279]LogShaderCompilers: Display: Shaders left to compile 107
[2019.04.17-05.36.12:134][281]LogShaderCompilers: Display: Shaders left to compile 106
[2019.04.17-05.36.12:195][282]LogShaderCompilers: Display: Shaders left to compile 105
[2019.04.17-05.36.12:381][286]LogShaderCompilers: Display: Shaders left to compile 104
[2019.04.17-05.36.12:547][290]LogShaderCompilers: Display: Shaders left to compile 103
[2019.04.17-05.36.12:626][291]LogShaderCompilers: Display: Shaders left to compile 102
[2019.04.17-05.36.12:808][295]LogShaderCompilers: Display: Shaders left to compile 101
[2019.04.17-05.36.12:854][295]MaterialEditorStats: Base pass shader: 112 instructions
[2019.04.17-05.36.12:854][295]MaterialEditorStats: Base pass shader with Surface Lightmap: 130 instructions
[2019.04.17-05.36.12:854][295]MaterialEditorStats: Base pass shader with Volumetric Lightmap: 186 instructions
[2019.04.17-05.36.12:854][295]MaterialEditorStats: Base pass vertex shader: 36 instructions
[2019.04.17-05.36.12:854][295]MaterialEditorStats: Texture samplers: 4/16
[2019.04.17-05.36.12:854][295]MaterialEditorStats: Texture Lookups (Est.): VS(0), PS(1)
[2019.04.17-05.36.12:854][295]MaterialEditorStats: User interpolators: 2/4 Scalars (1/4 Vectors) (TexCoords: 2, Custom: 0)
[2019.04.17-05.36.12:872][296]LogShaderCompilers: Display: Shaders left to compile 100
[2019.04.17-05.36.13:072][300]LogShaderCompilers: Display: Shaders left to compile 99
[2019.04.17-05.36.13:158][302]LogShaderCompilers: Display: Shaders left to compile 98
[2019.04.17-05.36.13:396][306]LogShaderCompilers: Display: Shaders left to compile 97
[2019.04.17-05.36.13:470][308]LogShaderCompilers: Display: Shaders left to compile 96
[2019.04.17-05.36.13:665][311]LogShaderCompilers: Display: Shaders left to compile 95
[2019.04.17-05.36.13:760][313]LogShaderCompilers: Display: Shaders left to compile 94
[2019.04.17-05.36.13:904][316]LogShaderCompilers: Display: Shaders left to compile 93
[2019.04.17-05.36.14:010][318]LogShaderCompilers: Display: Shaders left to compile 92
[2019.04.17-05.36.14:216][322]LogShaderCompilers: Display: Shaders left to compile 91
[2019.04.17-05.36.14:225][322]LogShaderCompilers: Display: Shaders left to compile 90
[2019.04.17-05.36.14:442][326]LogShaderCompilers: Display: Shaders left to compile 89
[2019.04.17-05.36.14:584][329]LogShaderCompilers: Display: Shaders left to compile 88
[2019.04.17-05.36.14:720][332]LogShaderCompilers: Display: Shaders left to compile 87
[2019.04.17-05.36.14:773][333]LogShaderCompilers: Display: Shaders left to compile 86
[2019.04.17-05.36.15:026][338]LogShaderCompilers: Display: Shaders left to compile 85
[2019.04.17-05.36.15:041][338]LogShaderCompilers: Display: Shaders left to compile 84
[2019.04.17-05.36.15:232][342]LogShaderCompilers: Display: Shaders left to compile 83
[2019.04.17-05.36.15:510][348]LogShaderCompilers: Display: Shaders left to compile 82
[2019.04.17-05.36.15:699][352]LogShaderCompilers: Display: Shaders left to compile 81
[2019.04.17-05.36.15:817][354]LogShaderCompilers: Display: Shaders left to compile 80
[2019.04.17-05.36.15:995][357]LogShaderCompilers: Display: Shaders left to compile 79
[2019.04.17-05.36.16:016][357]LogShaderCompilers: Display: Shaders left to compile 78
[2019.04.17-05.36.16:259][361]LogShaderCompilers: Display: Shaders left to compile 77
[2019.04.17-05.36.16:380][363]LogShaderCompilers: Display: Shaders left to compile 76
[2019.04.17-05.36.16:391][363]LogShaderCompilers: Display: Shaders left to compile 75
[2019.04.17-05.36.16:578][367]LogShaderCompilers: Display: Shaders left to compile 74
[2019.04.17-05.36.16:705][369]LogShaderCompilers: Display: Shaders left to compile 73
[2019.04.17-05.36.16:848][372]LogShaderCompilers: Display: Shaders left to compile 72
[2019.04.17-05.36.17:011][376]LogShaderCompilers: Display: Shaders left to compile 71
[2019.04.17-05.36.17:053][376]LogShaderCompilers: Display: Shaders left to compile 70
[2019.04.17-05.36.17:330][382]LogShaderCompilers: Display: Shaders left to compile 69
[2019.04.17-05.36.17:339][382]LogShaderCompilers: Display: Shaders left to compile 68
[2019.04.17-05.36.17:512][386]LogShaderCompilers: Display: Shaders left to compile 67
[2019.04.17-05.36.17:694][389]LogShaderCompilers: Display: Shaders left to compile 66
[2019.04.17-05.36.17:708][389]LogShaderCompilers: Display: Shaders left to compile 65
[2019.04.17-05.36.17:948][394]LogShaderCompilers: Display: Shaders left to compile 64
[2019.04.17-05.36.18:306][401]LogShaderCompilers: Display: Shaders left to compile 63
[2019.04.17-05.36.18:429][404]LogShaderCompilers: Display: Shaders left to compile 62
[2019.04.17-05.36.18:693][409]LogShaderCompilers: Display: Shaders left to compile 61
[2019.04.17-05.36.18:913][413]LogShaderCompilers: Display: Shaders left to compile 60
[2019.04.17-05.36.19:383][423]LogShaderCompilers: Display: Shaders left to compile 59
[2019.04.17-05.36.19:400][423]LogShaderCompilers: Display: Shaders left to compile 58
[2019.04.17-05.36.20:012][435]LogShaderCompilers: Display: Shaders left to compile 57
[2019.04.17-05.36.20:083][436]LogShaderCompilers: Display: Shaders left to compile 56
[2019.04.17-05.36.20:223][439]LogShaderCompilers: Display: Shaders left to compile 55
[2019.04.17-05.36.20:479][444]LogShaderCompilers: Display: Shaders left to compile 54
[2019.04.17-05.36.20:570][446]LogShaderCompilers: Display: Shaders left to compile 53
[2019.04.17-05.36.20:662][448]LogShaderCompilers: Display: Shaders left to compile 52
[2019.04.17-05.36.20:940][453]LogShaderCompilers: Display: Shaders left to compile 51
[2019.04.17-05.36.20:948][453]LogShaderCompilers: Display: Shaders left to compile 50
[2019.04.17-05.36.21:136][457]LogShaderCompilers: Display: Shaders left to compile 49
[2019.04.17-05.36.21:291][460]LogShaderCompilers: Display: Shaders left to compile 48
[2019.04.17-05.36.21:430][463]LogShaderCompilers: Display: Shaders left to compile 47
[2019.04.17-05.36.21:476][464]LogShaderCompilers: Display: Shaders left to compile 46
[2019.04.17-05.36.21:731][469]LogShaderCompilers: Display: Shaders left to compile 45
[2019.04.17-05.36.21:854][472]LogShaderCompilers: Display: Shaders left to compile 44
[2019.04.17-05.36.21:921][473]LogShaderCompilers: Display: Shaders left to compile 43
[2019.04.17-05.36.22:100][476]LogShaderCompilers: Display: Shaders left to compile 42
[2019.04.17-05.36.22:249][479]LogShaderCompilers: Display: Shaders left to compile 41
[2019.04.17-05.36.22:320][480]LogShaderCompilers: Display: Shaders left to compile 40
[2019.04.17-05.36.22:559][484]LogShaderCompilers: Display: Shaders left to compile 39
[2019.04.17-05.36.22:646][486]LogShaderCompilers: Display: Shaders left to compile 38
[2019.04.17-05.36.22:857][490]LogShaderCompilers: Display: Shaders left to compile 37
[2019.04.17-05.36.22:866][490]LogShaderCompilers: Display: Shaders left to compile 36
[2019.04.17-05.36.23:063][494]LogShaderCompilers: Display: Shaders left to compile 35
[2019.04.17-05.36.23:171][496]LogShaderCompilers: Display: Shaders left to compile 34
[2019.04.17-05.36.23:306][499]LogShaderCompilers: Display: Shaders left to compile 33
[2019.04.17-05.36.23:393][501]LogShaderCompilers: Display: Shaders left to compile 32
[2019.04.17-05.36.23:594][505]LogShaderCompilers: Display: Shaders left to compile 31
[2019.04.17-05.36.23:720][507]LogShaderCompilers: Display: Shaders left to compile 30
[2019.04.17-05.36.23:807][509]LogShaderCompilers: Display: Shaders left to compile 29
[2019.04.17-05.36.23:959][512]LogShaderCompilers: Display: Shaders left to compile 28
[2019.04.17-05.36.24:102][515]LogShaderCompilers: Display: Shaders left to compile 27
[2019.04.17-05.36.24:171][516]LogShaderCompilers: Display: Shaders left to compile 26
[2019.04.17-05.36.24:398][521]LogShaderCompilers: Display: Shaders left to compile 25
[2019.04.17-05.36.24:450][522]LogShaderCompilers: Display: Shaders left to compile 24
[2019.04.17-05.36.24:651][526]LogShaderCompilers: Display: Shaders left to compile 23
[2019.04.17-05.36.24:759][528]LogShaderCompilers: Display: Shaders left to compile 22
[2019.04.17-05.36.24:949][532]LogShaderCompilers: Display: Shaders left to compile 21
[2019.04.17-05.36.24:958][532]LogShaderCompilers: Display: Shaders left to compile 20
[2019.04.17-05.36.25:194][537]LogShaderCompilers: Display: Shaders left to compile 19
[2019.04.17-05.36.25:265][538]LogShaderCompilers: Display: Shaders left to compile 18
[2019.04.17-05.36.25:366][540]LogShaderCompilers: Display: Shaders left to compile 17
[2019.04.17-05.36.25:526][543]LogShaderCompilers: Display: Shaders left to compile 16
[2019.04.17-05.36.25:744][548]LogShaderCompilers: Display: Shaders left to compile 15
[2019.04.17-05.36.25:747][548]LogShaderCompilers: Display: Shaders left to compile 14
[2019.04.17-05.36.25:926][552]LogShaderCompilers: Display: Shaders left to compile 13
[2019.04.17-05.36.26:063][554]LogShaderCompilers: Display: Shaders left to compile 12
[2019.04.17-05.36.26:163][556]LogShaderCompilers: Display: Shaders left to compile 11
[2019.04.17-05.36.26:292][559]LogShaderCompilers: Display: Shaders left to compile 10
[2019.04.17-05.36.26:502][563]LogShaderCompilers: Display: Shaders left to compile 9
[2019.04.17-05.36.26:575][564]LogShaderCompilers: Display: Shaders left to compile 8
[2019.04.17-05.36.26:753][567]LogShaderCompilers: Display: Shaders left to compile 7
[2019.04.17-05.36.26:828][568]LogShaderCompilers: Display: Shaders left to compile 6
[2019.04.17-05.36.27:052][572]LogShaderCompilers: Display: Shaders left to compile 5
[2019.04.17-05.36.27:065][572]LogShaderCompilers: Display: Shaders left to compile 4
[2019.04.17-05.36.27:226][576]LogShaderCompilers: Display: Shaders left to compile 3
[2019.04.17-05.36.27:378][578]LogShaderCompilers: Display: Shaders left to compile 2
[2019.04.17-05.36.27:535][582]LogShaderCompilers: Display: Shaders left to compile 1
[2019.04.17-05.36.28:473][591]LogD3D11RHI: Timed out while waiting for GPU to catch up. (0.5 s)
[2019.04.17-05.36.28:478][591]LogD3D11RHI: Error: Result failed 
 at D:\Build\++UE4\Sync\Engine\Source\Runtime\Windows\D3D11RHI\Private\D3D11Query.cpp:140 
 with error DXGI_ERROR_DEVICE_REMOVED DXGI_ERROR_DEVICE_HUNG
[2019.04.17-05.36.28:478][591]LogD3D11RHI: [Aftermath] GDynamicRHI=0000019EC3FF00C0, GDX11NVAfterMathEnabled=0, Result=0xFFFFFFFF, bDeviceActive=0
[2019.04.17-05.36.28:478][591]LogWindows: Windows GetLastError: 작업을 완료했습니다. (0)
[2019.04.17-05.36.33:294][591]LogRHI: Error: SyncInterval 0
[2019.04.17-05.36.33:294][591]LogRHI: Error: SwapChainDesc.BufferDesc.Width 1938
[2019.04.17-05.36.33:294][591]LogRHI: Error: SwapChainDesc.BufferDesc.Height 1048
[2019.04.17-05.36.33:294][591]LogOutputDevice: Warning: 

Script Stack (0 frames):

[2019.04.17-05.36.33:294][591]LogRHI: Error: SwapChainDesc.BufferDesc.RefreshRate.Numerator 0
[2019.04.17-05.36.33:294][591]LogRHI: Error: SwapChainDesc.BufferDesc.RefreshRate.Denominator 0
[2019.04.17-05.36.33:294][591]LogRHI: Error: SwapChainDesc.BufferDesc.Format 24
[2019.04.17-05.36.33:294][591]LogRHI: Error: SwapChainDesc.BufferDesc.ScanlineOrdering 0
[2019.04.17-05.36.33:294][591]LogRHI: Error: SwapChainDesc.BufferDesc.Scaling 0
[2019.04.17-05.36.33:294][591]LogRHI: Error: SwapChainDesc.SampleDesc.Count 1
[2019.04.17-05.36.33:294][591]LogRHI: Error: SwapChainDesc.SampleDesc.Quality 0
[2019.04.17-05.36.33:294][591]LogRHI: Error: SwapChainDesc.BufferUsage 48
[2019.04.17-05.36.33:294][591]LogRHI: Error: SwapChainDesc.BufferCount 1
[2019.04.17-05.36.33:294][591]LogRHI: Error: SwapChainDesc.OutputWindow 0000000000040738
[2019.04.17-05.36.33:294][591]LogRHI: Error: SwapChainDesc.Windowed true
[2019.04.17-05.36.33:294][591]LogRHI: Error: SwapChainDesc.SwapEffect 0
[2019.04.17-05.36.33:294][591]LogRHI: Error: SwapChainDesc.Flags 2
[2019.04.17-05.36.33:294][591]LogD3D11RHI: Error: Result failed 
 at D:\Build\++UE4\Sync\Engine\Source\Runtime\Windows\D3D11RHI\Private\D3D11Viewport.cpp:361 
 with error DXGI_ERROR_DEVICE_REMOVED DXGI_ERROR_DEVICE_HUNG
[2019.04.17-05.36.33:294][591]LogD3D11RHI: [Aftermath] GDynamicRHI=0000019EC3FF00C0, GDX11NVAfterMathEnabled=0, Result=0xFFFFFFFF, bDeviceActive=0
[2019.04.17-05.36.33:294][591]LogWindows: Windows GetLastError: 작업을 완료했습니다. (0)
[2019.04.17-05.36.33:294][591]LogWindows: FPlatformMisc::RequestExit(1)
[2019.04.17-05.36.33:294][591]LogWindows: Error: === Critical error: ===
[2019.04.17-05.36.33:294][591]LogWindows: Error: 
[2019.04.17-05.36.33:294][591]LogWindows: Error: Fatal error: [File:D:\Build\++UE4\Sync\Engine\Source\Runtime\Windows\D3D11RHI\Private\D3D11Util.cpp] [Line: 200] 
[2019.04.17-05.36.33:294][591]LogWindows: Error: Unreal Engine is exiting due to D3D device being lost. (Error: 0x887A0006 - 'HUNG')
[2019.04.17-05.36.33:294][591]LogWindows: Error: 
[2019.04.17-05.36.33:294][591]LogWindows: Error: 
[2019.04.17-05.36.33:294][591]LogWindows: Error: 
[2019.04.17-05.36.33:312][591]Log file closed, 04/17/19 14:36:33
