Log file open, 04/17/19 14:36:41
LogWindows: Failed to load 'aqProf.dll' (GetLastError=126)
LogWindows: File 'aqProf.dll' does not exist
LogWindows: Failed to load 'VtuneApi.dll' (GetLastError=126)
LogWindows: File 'VtuneApi.dll' does not exist
LogWindows: Failed to load 'VtuneApi32e.dll' (GetLastError=126)
LogWindows: File 'VtuneApi32e.dll' does not exist
LogConsoleResponse: Display: Failed to find resolution value strings in scalability ini. Falling back to default.
LogInit: Display: Running engine for game: Effects
LogPakFile: Registered encryption key '00000000000000000000000000000000': 0 pak files mounted, 0 remain pending
LogPlatformFile: Not using cached read wrapper
LogTaskGraph: Started task graph with 5 named threads and 14 total threads with 3 sets of task threads.
LogStats: Stats thread started at 0.256706
LogD3D11RHI: Loaded GFSDK_Aftermath_Lib.x64.dll
LogICUInternationalization: ICU TimeZone Detection - Raw Offset: +9:00, Platform Override: ''
LogPluginManager: Mounting plugin Paper2D
LogPluginManager: Mounting plugin AISupport
LogPluginManager: Mounting plugin LightPropagationVolume
LogPluginManager: Mounting plugin ActorLayerUtilities
LogPluginManager: Mounting plugin CLionSourceCodeAccess
LogPluginManager: Mounting plugin CodeLiteSourceCodeAccess
LogPluginManager: Mounting plugin GitSourceControl
LogPluginManager: Mounting plugin KDevelopSourceCodeAccess
LogPluginManager: Mounting plugin NullSourceCodeAccess
LogPluginManager: Mounting plugin PerforceSourceControl
LogPluginManager: Mounting plugin SubversionSourceControl
LogPluginManager: Mounting plugin UObjectPlugin
LogPluginManager: Mounting plugin VisualStudioCodeSourceCodeAccess
LogPluginManager: Mounting plugin VisualStudioSourceCodeAccess
LogPluginManager: Mounting plugin XCodeSourceCodeAccess
LogPluginManager: Mounting plugin AssetManagerEditor
LogPluginManager: Mounting plugin CryptoKeys
LogPluginManager: Mounting plugin DataValidation
LogPluginManager: Mounting plugin FacialAnimation
LogPluginManager: Mounting plugin GameplayTagsEditor
LogPluginManager: Mounting plugin MacGraphicsSwitching
LogPluginManager: Mounting plugin MeshEditor
LogPluginManager: Mounting plugin MobileLauncherProfileWizard
LogPluginManager: Mounting plugin PluginBrowser
LogPluginManager: Mounting plugin SpeedTreeImporter
LogPluginManager: Mounting plugin DatasmithContent
LogPluginManager: Mounting plugin VariantManagerContent
LogPluginManager: Mounting plugin AlembicImporter
LogPluginManager: Mounting plugin AppleImageUtils
LogPluginManager: Mounting plugin AppleVision
LogPluginManager: Mounting plugin BackChannel
LogPluginManager: Mounting plugin CharacterAI
LogPluginManager: Mounting plugin GeometryCache
LogPluginManager: Mounting plugin HTML5Networking
LogPluginManager: Mounting plugin ProxyLODPlugin
LogPluginManager: Mounting plugin MagicLeap
LogPluginManager: Mounting plugin MagicLeapMedia
LogPluginManager: Mounting plugin AndroidMedia
LogPluginManager: Mounting plugin AvfMedia
LogPluginManager: Mounting plugin ImgMedia
LogPluginManager: Mounting plugin LinearTimecode
LogPluginManager: Mounting plugin MediaCompositing
LogPluginManager: Mounting plugin MediaPlayerEditor
LogPluginManager: Mounting plugin WebMMedia
LogPluginManager: Mounting plugin WmfMedia
LogPluginManager: Mounting plugin TcpMessaging
LogPluginManager: Mounting plugin UdpMessaging
LogPluginManager: Mounting plugin ActorSequence
LogPluginManager: Mounting plugin LevelSequenceEditor
LogPluginManager: Mounting plugin MatineeToLevelSequence
LogPluginManager: Mounting plugin NetcodeUnitTest
LogPluginManager: Mounting plugin NUTUnrealEngine4
LogPluginManager: Mounting plugin OnlineSubsystemGooglePlay
LogPluginManager: Mounting plugin OnlineSubsystemIOS
LogPluginManager: Mounting plugin OnlineSubsystem
LogPluginManager: Mounting plugin OnlineSubsystemNull
LogPluginManager: Mounting plugin OnlineSubsystemUtils
LogPluginManager: Mounting plugin LauncherChunkInstaller
LogPluginManager: Mounting plugin AndroidDeviceProfileSelector
LogPluginManager: Mounting plugin AndroidMoviePlayer
LogPluginManager: Mounting plugin AndroidPermission
LogPluginManager: Mounting plugin AppleMoviePlayer
LogPluginManager: Mounting plugin ArchVisCharacter
LogPluginManager: Mounting plugin AudioCapture
LogPluginManager: Mounting plugin CableComponent
LogPluginManager: Mounting plugin CustomMeshComponent
LogPluginManager: Mounting plugin EditableMesh
LogPluginManager: Mounting plugin ExampleDeviceProfileSelector
LogPluginManager: Mounting plugin Firebase
LogPluginManager: Mounting plugin GoogleCloudMessaging
LogPluginManager: Mounting plugin IOSDeviceProfileSelector
LogPluginManager: Mounting plugin LinuxDeviceProfileSelector
LogPluginManager: Mounting plugin LocationServicesBPLibrary
LogPluginManager: Mounting plugin MobilePatchingUtils
LogPluginManager: Mounting plugin OculusVR
LogPluginManager: Mounting plugin PhysXVehicles
LogPluginManager: Mounting plugin ProceduralMeshComponent
LogPluginManager: Mounting plugin RuntimePhysXCooking
LogPluginManager: Mounting plugin SteamVR
LogPluginManager: Mounting plugin WebMMoviePlayer
LogPluginManager: Mounting plugin WindowsMoviePlayer
LogStreaming: Display: Took  0.164s to configure plugins.
LogInit: Using libcurl 7.55.1-DEV
LogInit:  - built for x86_64-pc-win32
LogInit:  - supports SSL with OpenSSL/1.0.2h
LogInit:  - supports HTTP deflate (compression) using libz 1.2.8
LogInit:  - other features:
LogInit:      CURL_VERSION_SSL
LogInit:      CURL_VERSION_LIBZ
LogInit:      CURL_VERSION_IPV6
LogInit:      CURL_VERSION_ASYNCHDNS
LogInit:      CURL_VERSION_LARGEFILE
LogInit:      CURL_VERSION_IDN
LogInit:  CurlRequestOptions (configurable via config and command line):
LogInit:  - bVerifyPeer = true  - Libcurl will verify peer certificate
LogInit:  - bUseHttpProxy = false  - Libcurl will NOT use HTTP proxy
LogInit:  - bDontReuseConnections = false  - Libcurl will reuse connections
LogInit:  - MaxHostConnections = 16  - Libcurl will limit the number of connections to a host
LogInit:  - LocalHostAddr = Default
LogInit:  - BufferSize = 65536
LogInit: WinSock: version 1.1 (2.2), MaxSocks=32767, MaxUdp=65467
LogInit: Build: ++UE4+Release-4.21-CL-4753647
LogInit: Engine Version: 4.21.2-4753647+++UE4+Release-4.21
LogInit: Compatible Engine Version: 4.21.0-4541578+++UE4+Release-4.21
LogInit: Net CL: 4541578
LogInit: OS: Windows 10 (), CPU: Intel(R) Core(TM) i5-7300HQ CPU @ 2.50GHz, GPU: Intel(R) HD Graphics 630
LogInit: Compiled (64-bit): Jan 19 2019 02:07:31
LogInit: Compiled with Visual C++: 19.13.26129.00
LogInit: Build Configuration: Development
LogInit: Branch Name: ++UE4+Release-4.21
LogInit: Command Line: 
LogInit: Base Directory: D:/UE_4.21/Engine/Binaries/Win64/
LogInit: Installed Engine Build: 1
LogDevObjectVersion: Number of dev versions registered: 22
LogDevObjectVersion:   Dev-Blueprints (B0D832E4-1F89-4F0D-ACCF-7EB736FD4AA2): 10
LogDevObjectVersion:   Dev-Build (E1C64328-A22C-4D53-A36C-8E866417BD8C): 0
LogDevObjectVersion:   Dev-Core (375EC13C-06E4-48FB-B500-84F0262A717E): 2
LogDevObjectVersion:   Dev-Editor (E4B068ED-F494-42E9-A231-DA0B2E46BB41): 26
LogDevObjectVersion:   Dev-Framework (CFFC743F-43B0-4480-9391-14DF171D2073): 34
LogDevObjectVersion:   Dev-Mobile (B02B49B5-BB20-44E9-A304-32B752E40360): 2
LogDevObjectVersion:   Dev-Networking (A4E4105C-59A1-49B5-A7C5-40C4547EDFEE): 0
LogDevObjectVersion:   Dev-Online (39C831C9-5AE6-47DC-9A44-9C173E1C8E7C): 0
LogDevObjectVersion:   Dev-Physics (78F01B33-EBEA-4F98-B9B4-84EACCB95AA2): 0
LogDevObjectVersion:   Dev-Platform (6631380F-2D4D-43E0-8009-CF276956A95A): 0
LogDevObjectVersion:   Dev-Rendering (12F88B9F-8875-4AFC-A67C-D90C383ABD29): 27
LogDevObjectVersion:   Dev-Sequencer (7B5AE74C-D270-4C10-A958-57980B212A5A): 9
LogDevObjectVersion:   Dev-VR (D7296918-1DD6-4BDD-9DE2-64A83CC13884): 2
LogDevObjectVersion:   Dev-LoadTimes (C2A15278-BFE7-4AFE-6C17-90FF531DF755): 1
LogDevObjectVersion:   Private-Geometry (6EACA3D4-40EC-4CC1-B786-8BED09428FC5): 3
LogDevObjectVersion:   Dev-AnimPhys (29E575DD-E0A3-4627-9D10-D276232CDCEA): 17
LogDevObjectVersion:   Dev-Anim (AF43A65D-7FD3-4947-9873-3E8ED9C1BB05): 2
LogDevObjectVersion:   Dev-ReflectionCapture (6B266CEC-1EC7-4B8F-A30B-E4D90942FC07): 1
LogDevObjectVersion:   Dev-Automation (0DF73D61-A23F-47EA-B727-89E90C41499A): 1
LogDevObjectVersion:   FortniteMain (601D1886-AC64-4F84-AA16-D3DE0DEAC7D6): 17
LogDevObjectVersion:   Dev-Enterprise (9DFFBCD6-494F-0158-E221-12823C92A888): 4
LogDevObjectVersion:   Dev-Niagara (F2AED0AC-9AFE-416F-8664-AA7FFA26D6FC): 1
LogStreaming: Display: Took  0.003s to delete old logs.
LogInit: Presizing for max 8388607 objects, including 0 objects not considered by GC, pre-allocating 0 bytes for permanent pool.
LogInit: Object subsystem initialized
LogConfig: Setting CVar [[con.DebugEarlyDefault:1]]
LogConfig: Setting CVar [[r.setres:1280x720]]
[2019.04.17-05.36.41:630][  0]LogConfig: Setting CVar [[r.VSync:0]]
[2019.04.17-05.36.41:630][  0]LogConfig: Setting CVar [[r.RHICmdBypass:0]]
[2019.04.17-05.36.41:630][  0]LogConfig: Applying CVar settings from Section [/Script/Engine.RendererSettings] File [D:/J2Y/대학교/4-1/고급그래픽스효과/4-1-AdvancedGraphicsEffects/Effects/Saved/Config/Windows/Engine.ini]
[2019.04.17-05.36.41:630][  0]LogConfig: Setting CVar [[r.GPUCrashDebugging:0]]
[2019.04.17-05.36.41:630][  0]LogConfig: Applying CVar settings from Section [/Script/Engine.RendererOverrideSettings] File [D:/J2Y/대학교/4-1/고급그래픽스효과/4-1-AdvancedGraphicsEffects/Effects/Saved/Config/Windows/Engine.ini]
[2019.04.17-05.36.41:630][  0]LogConfig: Applying CVar settings from Section [/Script/Engine.StreamingSettings] File [D:/J2Y/대학교/4-1/고급그래픽스효과/4-1-AdvancedGraphicsEffects/Effects/Saved/Config/Windows/Engine.ini]
[2019.04.17-05.36.41:630][  0]LogConfig: Setting CVar [[s.MinBulkDataSizeForAsyncLoading:131072]]
[2019.04.17-05.36.41:630][  0]LogConfig: Setting CVar [[s.AsyncLoadingThreadEnabled:0]]
[2019.04.17-05.36.41:630][  0]LogConfig: Setting CVar [[s.EventDrivenLoaderEnabled:1]]
[2019.04.17-05.36.41:630][  0]LogConfig: Setting CVar [[s.WarnIfTimeLimitExceeded:0]]
[2019.04.17-05.36.41:630][  0]LogConfig: Setting CVar [[s.TimeLimitExceededMultiplier:1.5]]
[2019.04.17-05.36.41:630][  0]LogConfig: Setting CVar [[s.TimeLimitExceededMinTime:0.005]]
[2019.04.17-05.36.41:630][  0]LogConfig: Setting CVar [[s.UseBackgroundLevelStreaming:1]]
[2019.04.17-05.36.41:630][  0]LogConfig: Setting CVar [[s.PriorityAsyncLoadingExtraTime:15.0]]
[2019.04.17-05.36.41:630][  0]LogConfig: Setting CVar [[s.LevelStreamingActorsUpdateTimeLimit:5.0]]
[2019.04.17-05.36.41:630][  0]LogConfig: Setting CVar [[s.PriorityLevelStreamingActorsUpdateExtraTime:5.0]]
[2019.04.17-05.36.41:630][  0]LogConfig: Setting CVar [[s.LevelStreamingComponentsRegistrationGranularity:10]]
[2019.04.17-05.36.41:630][  0]LogConfig: Setting CVar [[s.UnregisterComponentsTimeLimit:1.0]]
[2019.04.17-05.36.41:630][  0]LogConfig: Setting CVar [[s.LevelStreamingComponentsUnregistrationGranularity:5]]
[2019.04.17-05.36.41:630][  0]LogConfig: Applying CVar settings from Section [/Script/Engine.GarbageCollectionSettings] File [D:/J2Y/대학교/4-1/고급그래픽스효과/4-1-AdvancedGraphicsEffects/Effects/Saved/Config/Windows/Engine.ini]
[2019.04.17-05.36.41:630][  0]LogConfig: Setting CVar [[gc.MaxObjectsNotConsideredByGC:1]]
[2019.04.17-05.36.41:630][  0]LogConfig: Setting CVar [[gc.SizeOfPermanentObjectPool:0]]
[2019.04.17-05.36.41:630][  0]LogConfig: Setting CVar [[gc.FlushStreamingOnGC:0]]
[2019.04.17-05.36.41:630][  0]LogConfig: Setting CVar [[gc.NumRetriesBeforeForcingGC:10]]
[2019.04.17-05.36.41:630][  0]LogConfig: Setting CVar [[gc.AllowParallelGC:1]]
[2019.04.17-05.36.41:630][  0]LogConfig: Setting CVar [[gc.TimeBetweenPurgingPendingKillObjects:61.1]]
[2019.04.17-05.36.41:630][  0]LogConfig: Setting CVar [[gc.MaxObjectsInEditor:8388607]]
[2019.04.17-05.36.41:630][  0]LogConfig: Setting CVar [[gc.IncrementalBeginDestroyEnabled:1]]
[2019.04.17-05.36.41:630][  0]LogConfig: Setting CVar [[gc.CreateGCClusters:1]]
[2019.04.17-05.36.41:630][  0]LogConfig: Setting CVar [[gc.MergeGCClusters:0]]
[2019.04.17-05.36.41:630][  0]LogConfig: Setting CVar [[gc.MinGCClusterSize:5]]
[2019.04.17-05.36.41:630][  0]LogConfig: Setting CVar [[gc.ActorClusteringEnabled:0]]
[2019.04.17-05.36.41:630][  0]LogConfig: Setting CVar [[gc.BlueprintClusteringEnabled:0]]
[2019.04.17-05.36.41:630][  0]LogConfig: Setting CVar [[gc.UseDisregardForGCOnDedicatedServers:0]]
[2019.04.17-05.36.41:630][  0]LogConfig: Applying CVar settings from Section [/Script/Engine.NetworkSettings] File [D:/J2Y/대학교/4-1/고급그래픽스효과/4-1-AdvancedGraphicsEffects/Effects/Saved/Config/Windows/Engine.ini]
[2019.04.17-05.36.41:630][  0]LogConfig: Applying CVar settings from Section [/Script/UnrealEd.CookerSettings] File [D:/J2Y/대학교/4-1/고급그래픽스효과/4-1-AdvancedGraphicsEffects/Effects/Saved/Config/Windows/Engine.ini]
[2019.04.17-05.36.41:636][  0]LogConfig: Applying CVar settings from Section [ViewDistanceQuality@3] File [D:/J2Y/대학교/4-1/고급그래픽스효과/4-1-AdvancedGraphicsEffects/Effects/Saved/Config/Windows/Scalability.ini]
[2019.04.17-05.36.41:636][  0]LogConfig: Setting CVar [[r.SkeletalMeshLODBias:0]]
[2019.04.17-05.36.41:636][  0]LogConfig: Setting CVar [[r.ViewDistanceScale:1.0]]
[2019.04.17-05.36.41:636][  0]LogConfig: Applying CVar settings from Section [AntiAliasingQuality@3] File [D:/J2Y/대학교/4-1/고급그래픽스효과/4-1-AdvancedGraphicsEffects/Effects/Saved/Config/Windows/Scalability.ini]
[2019.04.17-05.36.41:636][  0]LogConfig: Setting CVar [[r.PostProcessAAQuality:4]]
[2019.04.17-05.36.41:636][  0]LogConfig: Applying CVar settings from Section [ShadowQuality@3] File [D:/J2Y/대학교/4-1/고급그래픽스효과/4-1-AdvancedGraphicsEffects/Effects/Saved/Config/Windows/Scalability.ini]
[2019.04.17-05.36.41:636][  0]LogConfig: Setting CVar [[r.LightFunctionQuality:1]]
[2019.04.17-05.36.41:636][  0]LogConfig: Setting CVar [[r.ShadowQuality:5]]
[2019.04.17-05.36.41:636][  0]LogConfig: Setting CVar [[r.Shadow.CSM.MaxCascades:10]]
[2019.04.17-05.36.41:636][  0]LogConfig: Setting CVar [[r.Shadow.MaxResolution:2048]]
[2019.04.17-05.36.41:636][  0]LogConfig: Setting CVar [[r.Shadow.MaxCSMResolution:2048]]
[2019.04.17-05.36.41:636][  0]LogConfig: Setting CVar [[r.Shadow.RadiusThreshold:0.01]]
[2019.04.17-05.36.41:636][  0]LogConfig: Setting CVar [[r.Shadow.DistanceScale:1.0]]
[2019.04.17-05.36.41:636][  0]LogConfig: Setting CVar [[r.Shadow.CSM.TransitionScale:1.0]]
[2019.04.17-05.36.41:636][  0]LogConfig: Setting CVar [[r.Shadow.PreShadowResolutionFactor:1.0]]
[2019.04.17-05.36.41:636][  0]LogConfig: Setting CVar [[r.DistanceFieldShadowing:1]]
[2019.04.17-05.36.41:636][  0]LogConfig: Setting CVar [[r.DistanceFieldAO:1]]
[2019.04.17-05.36.41:636][  0]LogConfig: Setting CVar [[r.AOQuality:2]]
[2019.04.17-05.36.41:636][  0]LogConfig: Setting CVar [[r.VolumetricFog:1]]
[2019.04.17-05.36.41:636][  0]LogConfig: Setting CVar [[r.VolumetricFog.GridPixelSize:8]]
[2019.04.17-05.36.41:636][  0]LogConfig: Setting CVar [[r.VolumetricFog.GridSizeZ:128]]
[2019.04.17-05.36.41:636][  0]LogConfig: Setting CVar [[r.VolumetricFog.HistoryMissSupersampleCount:4]]
[2019.04.17-05.36.41:636][  0]LogConfig: Setting CVar [[r.LightMaxDrawDistanceScale:1]]
[2019.04.17-05.36.41:636][  0]LogConfig: Setting CVar [[r.CapsuleShadows:1]]
[2019.04.17-05.36.41:636][  0]LogConfig: Applying CVar settings from Section [PostProcessQuality@3] File [D:/J2Y/대학교/4-1/고급그래픽스효과/4-1-AdvancedGraphicsEffects/Effects/Saved/Config/Windows/Scalability.ini]
[2019.04.17-05.36.41:637][  0]LogConfig: Setting CVar [[r.MotionBlurQuality:4]]
[2019.04.17-05.36.41:637][  0]LogConfig: Setting CVar [[r.AmbientOcclusionMipLevelFactor:0.4]]
[2019.04.17-05.36.41:637][  0]LogConfig: Setting CVar [[r.AmbientOcclusionMaxQuality:100]]
[2019.04.17-05.36.41:637][  0]LogConfig: Setting CVar [[r.AmbientOcclusionLevels:-1]]
[2019.04.17-05.36.41:637][  0]LogConfig: Setting CVar [[r.AmbientOcclusionRadiusScale:1.0]]
[2019.04.17-05.36.41:637][  0]LogConfig: Setting CVar [[r.DepthOfFieldQuality:2]]
[2019.04.17-05.36.41:637][  0]LogConfig: Setting CVar [[r.RenderTargetPoolMin:400]]
[2019.04.17-05.36.41:637][  0]LogConfig: Setting CVar [[r.LensFlareQuality:2]]
[2019.04.17-05.36.41:637][  0]LogConfig: Setting CVar [[r.SceneColorFringeQuality:1]]
[2019.04.17-05.36.41:637][  0]LogConfig: Setting CVar [[r.EyeAdaptationQuality:2]]
[2019.04.17-05.36.41:637][  0]LogConfig: Setting CVar [[r.BloomQuality:5]]
[2019.04.17-05.36.41:637][  0]LogConfig: Setting CVar [[r.FastBlurThreshold:100]]
[2019.04.17-05.36.41:637][  0]LogConfig: Setting CVar [[r.Upscale.Quality:3]]
[2019.04.17-05.36.41:637][  0]LogConfig: Setting CVar [[r.Tonemapper.GrainQuantization:1]]
[2019.04.17-05.36.41:637][  0]LogConfig: Setting CVar [[r.LightShaftQuality:1]]
[2019.04.17-05.36.41:637][  0]LogConfig: Setting CVar [[r.Filter.SizeScale:1]]
[2019.04.17-05.36.41:637][  0]LogConfig: Setting CVar [[r.Tonemapper.Quality:5]]
[2019.04.17-05.36.41:637][  0]LogConfig: Setting CVar [[r.DOF.Gather.AccumulatorQuality:1        ; higher gathering accumulator quality]]
[2019.04.17-05.36.41:637][  0]LogConfig: Setting CVar [[r.DOF.Gather.PostfilterMethod:1          ; Median3x3 postfilering method]]
[2019.04.17-05.36.41:637][  0]LogConfig: Setting CVar [[r.DOF.Gather.EnableBokehSettings:0       ; no bokeh simulation when gathering]]
[2019.04.17-05.36.41:637][  0]LogConfig: Setting CVar [[r.DOF.Gather.RingCount:4                 ; medium number of samples when gathering]]
[2019.04.17-05.36.41:637][  0]LogConfig: Setting CVar [[r.DOF.Scatter.ForegroundCompositing:1    ; additive foreground scattering]]
[2019.04.17-05.36.41:637][  0]LogConfig: Setting CVar [[r.DOF.Scatter.BackgroundCompositing:2    ; additive background scattering]]
[2019.04.17-05.36.41:637][  0]LogConfig: Setting CVar [[r.DOF.Scatter.EnableBokehSettings:1      ; bokeh simulation when scattering]]
[2019.04.17-05.36.41:637][  0]LogConfig: Setting CVar [[r.DOF.Scatter.MaxSpriteRatio:0.1         ; only a maximum of 10% of scattered bokeh]]
[2019.04.17-05.36.41:637][  0]LogConfig: Setting CVar [[r.DOF.Recombine.Quality:1                ; cheap slight out of focus]]
[2019.04.17-05.36.41:637][  0]LogConfig: Setting CVar [[r.DOF.Recombine.EnableBokehSettings:0    ; no bokeh simulation on slight out of focus]]
[2019.04.17-05.36.41:637][  0]LogConfig: Setting CVar [[r.DOF.TemporalAAQuality:1                ; more stable temporal accumulation]]
[2019.04.17-05.36.41:637][  0]LogConfig: Setting CVar [[r.DOF.Kernel.MaxForegroundRadius:0.025]]
[2019.04.17-05.36.41:637][  0]LogConfig: Setting CVar [[r.DOF.Kernel.MaxBackgroundRadius:0.025]]
[2019.04.17-05.36.41:637][  0]LogConfig: Applying CVar settings from Section [TextureQuality@3] File [D:/J2Y/대학교/4-1/고급그래픽스효과/4-1-AdvancedGraphicsEffects/Effects/Saved/Config/Windows/Scalability.ini]
[2019.04.17-05.36.41:637][  0]LogConfig: Setting CVar [[r.Streaming.MipBias:0]]
[2019.04.17-05.36.41:637][  0]LogConfig: Setting CVar [[r.Streaming.AmortizeCPUToGPUCopy:0]]
[2019.04.17-05.36.41:637][  0]LogConfig: Setting CVar [[r.Streaming.MaxNumTexturesToStreamPerFrame:0]]
[2019.04.17-05.36.41:637][  0]LogConfig: Setting CVar [[r.Streaming.Boost:1]]
[2019.04.17-05.36.41:637][  0]LogConfig: Setting CVar [[r.MaxAnisotropy:8]]
[2019.04.17-05.36.41:637][  0]LogConfig: Setting CVar [[r.Streaming.LimitPoolSizeToVRAM:0]]
[2019.04.17-05.36.41:637][  0]LogConfig: Setting CVar [[r.Streaming.PoolSize:1000]]
[2019.04.17-05.36.41:637][  0]LogConfig: Setting CVar [[r.Streaming.MaxEffectiveScreenSize:0]]
[2019.04.17-05.36.41:637][  0]LogConfig: Applying CVar settings from Section [EffectsQuality@3] File [D:/J2Y/대학교/4-1/고급그래픽스효과/4-1-AdvancedGraphicsEffects/Effects/Saved/Config/Windows/Scalability.ini]
[2019.04.17-05.36.41:637][  0]LogConfig: Setting CVar [[r.TranslucencyLightingVolumeDim:64]]
[2019.04.17-05.36.41:637][  0]LogConfig: Setting CVar [[r.RefractionQuality:2]]
[2019.04.17-05.36.41:637][  0]LogConfig: Setting CVar [[r.SSR.Quality:3]]
[2019.04.17-05.36.41:637][  0]LogConfig: Setting CVar [[r.SceneColorFormat:4]]
[2019.04.17-05.36.41:637][  0]LogConfig: Setting CVar [[r.DetailMode:2]]
[2019.04.17-05.36.41:637][  0]LogConfig: Setting CVar [[r.TranslucencyVolumeBlur:1]]
[2019.04.17-05.36.41:637][  0]LogConfig: Setting CVar [[r.MaterialQualityLevel:1 ; High quality]]
[2019.04.17-05.36.41:637][  0]LogConfig: Setting CVar [[r.SSS.Scale:1]]
[2019.04.17-05.36.41:637][  0]LogConfig: Setting CVar [[r.SSS.SampleSet:2]]
[2019.04.17-05.36.41:637][  0]LogConfig: Setting CVar [[r.SSS.Quality:1]]
[2019.04.17-05.36.41:637][  0]LogConfig: Setting CVar [[r.SSS.HalfRes:1]]
[2019.04.17-05.36.41:637][  0]LogConfig: Setting CVar [[r.EmitterSpawnRateScale:1.0]]
[2019.04.17-05.36.41:637][  0]LogConfig: Setting CVar [[r.ParticleLightQuality:2]]
[2019.04.17-05.36.41:637][  0]LogConfig: Applying CVar settings from Section [FoliageQuality@3] File [D:/J2Y/대학교/4-1/고급그래픽스효과/4-1-AdvancedGraphicsEffects/Effects/Saved/Config/Windows/Scalability.ini]
[2019.04.17-05.36.41:637][  0]LogConfig: Setting CVar [[foliage.DensityScale:1.0]]
[2019.04.17-05.36.41:637][  0]LogConfig: Setting CVar [[grass.DensityScale:1.0]]
[2019.04.17-05.36.41:638][  0]LogInit: Selected Device Profile: [Windows]
[2019.04.17-05.36.41:638][  0]LogInit: Applying CVar settings loaded from the selected device profile: [Windows]
[2019.04.17-05.36.41:652][  0]LogHAL: Display: Platform has ~ 16 GB [17093775360 / 17179869184 / 16], which maps to Larger [LargestMinGB=32, LargerMinGB=12, DefaultMinGB=8, SmallerMinGB=6, SmallestMinGB=0)
[2019.04.17-05.36.41:652][  0]LogConfig: Setting CVar [[r.Vulkan.UseRealUBs:1]]
[2019.04.17-05.36.41:652][  0]LogInit: Going up to parent DeviceProfile []
[2019.04.17-05.36.41:652][  0]LogConfig: Applying CVar settings from Section [ViewDistanceQuality@3] File [D:/J2Y/대학교/4-1/고급그래픽스효과/4-1-AdvancedGraphicsEffects/Effects/Saved/Config/Windows/Scalability.ini]
[2019.04.17-05.36.41:652][  0]LogConfig: Setting CVar [[r.SkeletalMeshLODBias:0]]
[2019.04.17-05.36.41:652][  0]LogConfig: Setting CVar [[r.ViewDistanceScale:1.0]]
[2019.04.17-05.36.41:652][  0]LogConfig: Applying CVar settings from Section [AntiAliasingQuality@3] File [D:/J2Y/대학교/4-1/고급그래픽스효과/4-1-AdvancedGraphicsEffects/Effects/Saved/Config/Windows/Scalability.ini]
[2019.04.17-05.36.41:652][  0]LogConfig: Setting CVar [[r.PostProcessAAQuality:4]]
[2019.04.17-05.36.41:652][  0]LogConfig: Applying CVar settings from Section [ShadowQuality@3] File [D:/J2Y/대학교/4-1/고급그래픽스효과/4-1-AdvancedGraphicsEffects/Effects/Saved/Config/Windows/Scalability.ini]
[2019.04.17-05.36.41:652][  0]LogConfig: Setting CVar [[r.LightFunctionQuality:1]]
[2019.04.17-05.36.41:652][  0]LogConfig: Setting CVar [[r.ShadowQuality:5]]
[2019.04.17-05.36.41:652][  0]LogConfig: Setting CVar [[r.Shadow.CSM.MaxCascades:10]]
[2019.04.17-05.36.41:652][  0]LogConfig: Setting CVar [[r.Shadow.MaxResolution:2048]]
[2019.04.17-05.36.41:652][  0]LogConfig: Setting CVar [[r.Shadow.MaxCSMResolution:2048]]
[2019.04.17-05.36.41:652][  0]LogConfig: Setting CVar [[r.Shadow.RadiusThreshold:0.01]]
[2019.04.17-05.36.41:652][  0]LogConfig: Setting CVar [[r.Shadow.DistanceScale:1.0]]
[2019.04.17-05.36.41:652][  0]LogConfig: Setting CVar [[r.Shadow.CSM.TransitionScale:1.0]]
[2019.04.17-05.36.41:652][  0]LogConfig: Setting CVar [[r.Shadow.PreShadowResolutionFactor:1.0]]
[2019.04.17-05.36.41:652][  0]LogConfig: Setting CVar [[r.DistanceFieldShadowing:1]]
[2019.04.17-05.36.41:652][  0]LogConfig: Setting CVar [[r.DistanceFieldAO:1]]
[2019.04.17-05.36.41:652][  0]LogConfig: Setting CVar [[r.AOQuality:2]]
[2019.04.17-05.36.41:652][  0]LogConfig: Setting CVar [[r.VolumetricFog:1]]
[2019.04.17-05.36.41:652][  0]LogConfig: Setting CVar [[r.VolumetricFog.GridPixelSize:8]]
[2019.04.17-05.36.41:652][  0]LogConfig: Setting CVar [[r.VolumetricFog.GridSizeZ:128]]
[2019.04.17-05.36.41:652][  0]LogConfig: Setting CVar [[r.VolumetricFog.HistoryMissSupersampleCount:4]]
[2019.04.17-05.36.41:652][  0]LogConfig: Setting CVar [[r.LightMaxDrawDistanceScale:1]]
[2019.04.17-05.36.41:652][  0]LogConfig: Setting CVar [[r.CapsuleShadows:1]]
[2019.04.17-05.36.41:653][  0]LogConfig: Applying CVar settings from Section [PostProcessQuality@3] File [D:/J2Y/대학교/4-1/고급그래픽스효과/4-1-AdvancedGraphicsEffects/Effects/Saved/Config/Windows/Scalability.ini]
[2019.04.17-05.36.41:653][  0]LogConfig: Setting CVar [[r.MotionBlurQuality:4]]
[2019.04.17-05.36.41:653][  0]LogConfig: Setting CVar [[r.AmbientOcclusionMipLevelFactor:0.4]]
[2019.04.17-05.36.41:653][  0]LogConfig: Setting CVar [[r.AmbientOcclusionMaxQuality:100]]
[2019.04.17-05.36.41:653][  0]LogConfig: Setting CVar [[r.AmbientOcclusionLevels:-1]]
[2019.04.17-05.36.41:653][  0]LogConfig: Setting CVar [[r.AmbientOcclusionRadiusScale:1.0]]
[2019.04.17-05.36.41:653][  0]LogConfig: Setting CVar [[r.DepthOfFieldQuality:2]]
[2019.04.17-05.36.41:653][  0]LogConfig: Setting CVar [[r.RenderTargetPoolMin:400]]
[2019.04.17-05.36.41:653][  0]LogConfig: Setting CVar [[r.LensFlareQuality:2]]
[2019.04.17-05.36.41:653][  0]LogConfig: Setting CVar [[r.SceneColorFringeQuality:1]]
[2019.04.17-05.36.41:653][  0]LogConfig: Setting CVar [[r.EyeAdaptationQuality:2]]
[2019.04.17-05.36.41:653][  0]LogConfig: Setting CVar [[r.BloomQuality:5]]
[2019.04.17-05.36.41:653][  0]LogConfig: Setting CVar [[r.FastBlurThreshold:100]]
[2019.04.17-05.36.41:653][  0]LogConfig: Setting CVar [[r.Upscale.Quality:3]]
[2019.04.17-05.36.41:653][  0]LogConfig: Setting CVar [[r.Tonemapper.GrainQuantization:1]]
[2019.04.17-05.36.41:653][  0]LogConfig: Setting CVar [[r.LightShaftQuality:1]]
[2019.04.17-05.36.41:653][  0]LogConfig: Setting CVar [[r.Filter.SizeScale:1]]
[2019.04.17-05.36.41:653][  0]LogConfig: Setting CVar [[r.Tonemapper.Quality:5]]
[2019.04.17-05.36.41:653][  0]LogConfig: Setting CVar [[r.DOF.Gather.AccumulatorQuality:1        ; higher gathering accumulator quality]]
[2019.04.17-05.36.41:653][  0]LogConfig: Setting CVar [[r.DOF.Gather.PostfilterMethod:1          ; Median3x3 postfilering method]]
[2019.04.17-05.36.41:653][  0]LogConfig: Setting CVar [[r.DOF.Gather.EnableBokehSettings:0       ; no bokeh simulation when gathering]]
[2019.04.17-05.36.41:653][  0]LogConfig: Setting CVar [[r.DOF.Gather.RingCount:4                 ; medium number of samples when gathering]]
[2019.04.17-05.36.41:653][  0]LogConfig: Setting CVar [[r.DOF.Scatter.ForegroundCompositing:1    ; additive foreground scattering]]
[2019.04.17-05.36.41:653][  0]LogConfig: Setting CVar [[r.DOF.Scatter.BackgroundCompositing:2    ; additive background scattering]]
[2019.04.17-05.36.41:653][  0]LogConfig: Setting CVar [[r.DOF.Scatter.EnableBokehSettings:1      ; bokeh simulation when scattering]]
[2019.04.17-05.36.41:653][  0]LogConfig: Setting CVar [[r.DOF.Scatter.MaxSpriteRatio:0.1         ; only a maximum of 10% of scattered bokeh]]
[2019.04.17-05.36.41:653][  0]LogConfig: Setting CVar [[r.DOF.Recombine.Quality:1                ; cheap slight out of focus]]
[2019.04.17-05.36.41:653][  0]LogConfig: Setting CVar [[r.DOF.Recombine.EnableBokehSettings:0    ; no bokeh simulation on slight out of focus]]
[2019.04.17-05.36.41:653][  0]LogConfig: Setting CVar [[r.DOF.TemporalAAQuality:1                ; more stable temporal accumulation]]
[2019.04.17-05.36.41:653][  0]LogConfig: Setting CVar [[r.DOF.Kernel.MaxForegroundRadius:0.025]]
[2019.04.17-05.36.41:653][  0]LogConfig: Setting CVar [[r.DOF.Kernel.MaxBackgroundRadius:0.025]]
[2019.04.17-05.36.41:653][  0]LogConfig: Applying CVar settings from Section [TextureQuality@3] File [D:/J2Y/대학교/4-1/고급그래픽스효과/4-1-AdvancedGraphicsEffects/Effects/Saved/Config/Windows/Scalability.ini]
[2019.04.17-05.36.41:653][  0]LogConfig: Setting CVar [[r.Streaming.MipBias:0]]
[2019.04.17-05.36.41:653][  0]LogConfig: Setting CVar [[r.Streaming.AmortizeCPUToGPUCopy:0]]
[2019.04.17-05.36.41:653][  0]LogConfig: Setting CVar [[r.Streaming.MaxNumTexturesToStreamPerFrame:0]]
[2019.04.17-05.36.41:653][  0]LogConfig: Setting CVar [[r.Streaming.Boost:1]]
[2019.04.17-05.36.41:653][  0]LogConfig: Setting CVar [[r.MaxAnisotropy:8]]
[2019.04.17-05.36.41:653][  0]LogConfig: Setting CVar [[r.Streaming.LimitPoolSizeToVRAM:0]]
[2019.04.17-05.36.41:653][  0]LogConfig: Setting CVar [[r.Streaming.PoolSize:1000]]
[2019.04.17-05.36.41:653][  0]LogConfig: Setting CVar [[r.Streaming.MaxEffectiveScreenSize:0]]
[2019.04.17-05.36.41:653][  0]LogConfig: Applying CVar settings from Section [EffectsQuality@3] File [D:/J2Y/대학교/4-1/고급그래픽스효과/4-1-AdvancedGraphicsEffects/Effects/Saved/Config/Windows/Scalability.ini]
[2019.04.17-05.36.41:653][  0]LogConfig: Setting CVar [[r.TranslucencyLightingVolumeDim:64]]
[2019.04.17-05.36.41:653][  0]LogConfig: Setting CVar [[r.RefractionQuality:2]]
[2019.04.17-05.36.41:653][  0]LogConfig: Setting CVar [[r.SSR.Quality:3]]
[2019.04.17-05.36.41:653][  0]LogConfig: Setting CVar [[r.SceneColorFormat:4]]
[2019.04.17-05.36.41:653][  0]LogConfig: Setting CVar [[r.DetailMode:2]]
[2019.04.17-05.36.41:653][  0]LogConfig: Setting CVar [[r.TranslucencyVolumeBlur:1]]
[2019.04.17-05.36.41:653][  0]LogConfig: Setting CVar [[r.MaterialQualityLevel:1 ; High quality]]
[2019.04.17-05.36.41:653][  0]LogConfig: Setting CVar [[r.SSS.Scale:1]]
[2019.04.17-05.36.41:653][  0]LogConfig: Setting CVar [[r.SSS.SampleSet:2]]
[2019.04.17-05.36.41:653][  0]LogConfig: Setting CVar [[r.SSS.Quality:1]]
[2019.04.17-05.36.41:653][  0]LogConfig: Setting CVar [[r.SSS.HalfRes:1]]
[2019.04.17-05.36.41:653][  0]LogConfig: Setting CVar [[r.EmitterSpawnRateScale:1.0]]
[2019.04.17-05.36.41:653][  0]LogConfig: Setting CVar [[r.ParticleLightQuality:2]]
[2019.04.17-05.36.41:653][  0]LogConfig: Applying CVar settings from Section [FoliageQuality@3] File [D:/J2Y/대학교/4-1/고급그래픽스효과/4-1-AdvancedGraphicsEffects/Effects/Saved/Config/Windows/Scalability.ini]
[2019.04.17-05.36.41:653][  0]LogConfig: Setting CVar [[foliage.DensityScale:1.0]]
[2019.04.17-05.36.41:653][  0]LogConfig: Setting CVar [[grass.DensityScale:1.0]]
[2019.04.17-05.36.41:653][  0]LogConfig: Applying CVar settings from Section [Startup] File [../../../Engine/Config/ConsoleVariables.ini]
[2019.04.17-05.36.41:654][  0]LogConfig: Setting CVar [[net.UseAdaptiveNetUpdateFrequency:0]]
[2019.04.17-05.36.41:654][  0]LogConfig: Applying CVar settings from Section [ConsoleVariables] File [D:/J2Y/대학교/4-1/고급그래픽스효과/4-1-AdvancedGraphicsEffects/Effects/Saved/Config/Windows/Engine.ini]
[2019.04.17-05.36.41:655][  0]LogInit: Computer: DESKTOP-3LFPQEI
[2019.04.17-05.36.41:655][  0]LogInit: User: 조윤영
[2019.04.17-05.36.41:655][  0]LogInit: CPU Page size=4096, Cores=4
[2019.04.17-05.36.41:655][  0]LogInit: High frequency timer resolution =10.000000 MHz
[2019.04.17-05.36.41:655][  0]LogMemory: Memory total: Physical=15.9GB (16GB approx)
[2019.04.17-05.36.41:655][  0]LogMemory: Platform Memory Stats for Windows
[2019.04.17-05.36.41:655][  0]LogMemory: Process Physical Memory: 105.16 MB used, 105.16 MB peak
[2019.04.17-05.36.41:655][  0]LogMemory: Process Virtual Memory: 85.34 MB used, 85.34 MB peak
[2019.04.17-05.36.41:655][  0]LogMemory: Physical Memory: 5132.52 MB used,  11169.38 MB free, 16301.89 MB total
[2019.04.17-05.36.41:655][  0]LogMemory: Virtual Memory: 4633.27 MB used,  134213096.00 MB free, 134217728.00 MB total
[2019.04.17-05.36.41:732][  0]LogInit: Using OS detected language (ko-KR).
[2019.04.17-05.36.41:732][  0]LogInit: Using OS detected locale (ko-KR).
[2019.04.17-05.36.41:733][  0]LogTextLocalizationManager: No specific localization for 'ko-KR' exists, so the 'ko' localization will be used.
[2019.04.17-05.36.42:151][  0]LogStreaming: Display: Took  0.419s to InitEngineTextLocalization.
[2019.04.17-05.36.42:151][  0]LogInit: Setting process to per monitor DPI aware
[2019.04.17-05.36.42:225][  0]LogSlate: New Slate User Created.  User Index 0, Is Virtual User: 0
[2019.04.17-05.36.42:225][  0]LogSlate: Slate User Registered.  User Index 0, Is Virtual User: 0
[2019.04.17-05.36.42:706][  0]LogHMD: Failed to initialize OpenVR with code 110
[2019.04.17-05.36.42:706][  0]LogD3D11RHI: D3D11 adapters:
[2019.04.17-05.36.42:809][  0]LogD3D11RHI:    0. 'NVIDIA GeForce GTX 1050' (Feature Level 11_0)
[2019.04.17-05.36.42:809][  0]LogD3D11RHI:       4021/0/8150 MB DedicatedVideo/DedicatedSystem/SharedSystem, Outputs:1, VendorId:0x10de
[2019.04.17-05.36.42:831][  0]LogD3D11RHI:    1. 'Intel(R) HD Graphics 630' (Feature Level 11_0)
[2019.04.17-05.36.42:831][  0]LogD3D11RHI:       128/0/8150 MB DedicatedVideo/DedicatedSystem/SharedSystem, Outputs:0, VendorId:0x8086
[2019.04.17-05.36.42:835][  0]LogD3D11RHI:    2. 'Microsoft Basic Render Driver' (Feature Level 11_0)
[2019.04.17-05.36.42:835][  0]LogD3D11RHI:       0/0/8150 MB DedicatedVideo/DedicatedSystem/SharedSystem, Outputs:0, VendorId:0x1414
[2019.04.17-05.36.42:835][  0]LogD3D11RHI: Chosen D3D11 Adapter: 0
[2019.04.17-05.36.42:875][  0]LogD3D11RHI: Creating new Direct3DDevice
[2019.04.17-05.36.42:875][  0]LogD3D11RHI:     GPU DeviceId: 0x1c8d (for the marketing name, search the web for "GPU Device Id")
[2019.04.17-05.36.42:875][  0]LogWindows: EnumDisplayDevices:
[2019.04.17-05.36.42:876][  0]LogWindows:    0. 'Intel(R) HD Graphics 630' (P:1 D:1)
[2019.04.17-05.36.42:877][  0]LogWindows:    1. 'Intel(R) HD Graphics 630' (P:0 D:0)
[2019.04.17-05.36.42:879][  0]LogWindows:    2. 'Intel(R) HD Graphics 630' (P:0 D:0)
[2019.04.17-05.36.42:880][  0]LogWindows: DebugString: PrimaryIsNotTheChoosenAdapter PrimaryIsNotTheChoosenAdapter PrimaryIsNotTheChoosenAdapter FoundDriverCount:0 
[2019.04.17-05.36.42:880][  0]LogD3D11RHI:     Adapter Name: NVIDIA GeForce GTX 1050
[2019.04.17-05.36.42:880][  0]LogD3D11RHI:   Driver Version: Unknown (internal:Unknown, unified:Unknown)
[2019.04.17-05.36.42:880][  0]LogD3D11RHI:      Driver Date: Unknown
[2019.04.17-05.36.42:880][  0]LogRHI: Texture pool is 2814 MB (70% of 4021 MB)
[2019.04.17-05.36.42:943][  0]LogD3D11RHI: Async texture creation enabled
[2019.04.17-05.36.42:961][  0]LogD3D11RHI: GPU Timing Frequency: 1000.000000 (Debug: 2 1)
[2019.04.17-05.36.43:513][  0]LogTemp: Display: Loaded TP AllDesktopTargetPlatform
[2019.04.17-05.36.43:529][  0]LogTemp: Display: Loaded TP MacClientTargetPlatform
[2019.04.17-05.36.43:545][  0]LogTemp: Display: Loaded TP MacNoEditorTargetPlatform
[2019.04.17-05.36.43:562][  0]LogTemp: Display: Loaded TP MacServerTargetPlatform
[2019.04.17-05.36.43:578][  0]LogTemp: Display: Loaded TP MacTargetPlatform
[2019.04.17-05.36.43:595][  0]LogTemp: Display: Loaded TP WindowsClientTargetPlatform
[2019.04.17-05.36.43:613][  0]LogTemp: Display: Loaded TP WindowsNoEditorTargetPlatform
[2019.04.17-05.36.43:629][  0]LogTemp: Display: Loaded TP WindowsServerTargetPlatform
[2019.04.17-05.36.43:638][  0]LogTemp: Display: Loaded TP WindowsTargetPlatform
[2019.04.17-05.36.43:737][  0]LogTemp: Display: Loaded TP AndroidTargetPlatform
[2019.04.17-05.36.43:737][  0]LogTemp: Display: Loaded TP AndroidTargetPlatform
[2019.04.17-05.36.43:737][  0]LogTemp: Display: Loaded TP AndroidTargetPlatform
[2019.04.17-05.36.43:737][  0]LogTemp: Display: Loaded TP AndroidTargetPlatform
[2019.04.17-05.36.43:737][  0]LogTemp: Display: Loaded TP AndroidTargetPlatform
[2019.04.17-05.36.43:737][  0]LogTemp: Display: Loaded TP AndroidTargetPlatform
[2019.04.17-05.36.43:737][  0]LogTemp: Display: Loaded TP AndroidTargetPlatform
[2019.04.17-05.36.43:737][  0]LogTemp: Display: Loaded TP AndroidTargetPlatform
[2019.04.17-05.36.43:737][  0]LogTemp: Display: Loaded TP AndroidTargetPlatform
[2019.04.17-05.36.43:737][  0]LogTemp: Display: Loaded TP AndroidTargetPlatform
[2019.04.17-05.36.43:737][  0]LogTemp: Display: Loaded TP AndroidTargetPlatform
[2019.04.17-05.36.43:737][  0]LogTemp: Display: Loaded TP AndroidTargetPlatform
[2019.04.17-05.36.43:737][  0]LogTemp: Display: Loaded TP AndroidTargetPlatform
[2019.04.17-05.36.43:737][  0]LogTemp: Display: Loaded TP AndroidTargetPlatform
[2019.04.17-05.36.43:737][  0]LogTemp: Display: Loaded TP AndroidTargetPlatform
[2019.04.17-05.36.43:737][  0]LogTemp: Display: Loaded TP AndroidTargetPlatform
[2019.04.17-05.36.43:737][  0]LogTemp: Display: Loaded TP AndroidTargetPlatform
[2019.04.17-05.36.43:737][  0]LogTemp: Display: Loaded TP AndroidTargetPlatform
[2019.04.17-05.36.43:741][  0]LogTemp: Display: Loaded TP HTML5TargetPlatform
[2019.04.17-05.36.43:810][  0]LogTemp: Display: Loaded TP IOSTargetPlatform
[2019.04.17-05.36.43:810][  0]LogTemp: Display: Loaded TP IOSTargetPlatform
[2019.04.17-05.36.43:839][  0]LogTemp: Display: Loaded TP TVOSTargetPlatform
[2019.04.17-05.36.43:839][  0]LogTemp: Display: Loaded TP TVOSTargetPlatform
[2019.04.17-05.36.43:855][  0]LogTemp: Display: Loaded TP LinuxClientTargetPlatform
[2019.04.17-05.36.43:870][  0]LogTemp: Display: Loaded TP LinuxNoEditorTargetPlatform
[2019.04.17-05.36.43:886][  0]LogTemp: Display: Loaded TP LinuxServerTargetPlatform
[2019.04.17-05.36.43:903][  0]LogTemp: Display: Loaded TP LinuxTargetPlatform
[2019.04.17-05.36.43:960][  0]LogTemp: Display: Loaded TP LuminTargetPlatform
[2019.04.17-05.36.43:960][  0]LogTemp: Display: Loaded TP LuminTargetPlatform
[2019.04.17-05.36.43:960][  0]LogTargetPlatformManager: Display: Building Assets For Windows
[2019.04.17-05.36.44:064][  0]LogShaderCompilers: Guid format shader working directory is -25 characters bigger than the processId version (../../../../J2Y/대학교/4-1/고급그래픽스효과/4-1-AdvancedGraphicsEffects/Effects/Intermediate/Shaders/WorkingDirectory/12940/).
[2019.04.17-05.36.44:064][  0]LogShaderCompilers: Cleaned the shader compiler working directory 'C:/Users/조윤영/AppData/Local/Temp/UnrealShaderWorkingDir/2D268B6F412EDA06323633B9C2B62B1D/'.
[2019.04.17-05.36.44:067][  0]LogXGEController: Cleaning working directory: C:/Users/조윤영/AppData/Local/Temp/UnrealXGEWorkingDir/
[2019.04.17-05.36.44:067][  0]LogXGEController: Cannot use XGE Controller as Incredibuild is not installed on this machine.
[2019.04.17-05.36.44:067][  0]LogShaderCompilers: Cannot use XGE Shader Compiler as Incredibuild is not installed on this machine.
[2019.04.17-05.36.44:067][  0]LogShaderCompilers: Display: Using Local Shader Compiler.
[2019.04.17-05.36.44:743][  0]LogDerivedDataCache: Display: Max Cache Size: 512 MB
[2019.04.17-05.36.44:802][  0]LogDerivedDataCache: Loaded boot cache 0.06s 71MB C:/Users/조윤영/AppData/Local/UnrealEngine/4.21/DerivedDataCache/Boot.ddc.
[2019.04.17-05.36.44:802][  0]LogDerivedDataCache: Display: Loaded Boot cache: C:/Users/조윤영/AppData/Local/UnrealEngine/4.21/DerivedDataCache/Boot.ddc
[2019.04.17-05.36.44:802][  0]LogDerivedDataCache: FDerivedDataBackendGraph:  Pak pak cache file ../../../../J2Y/대학교/4-1/고급그래픽스효과/4-1-AdvancedGraphicsEffects/Effects/DerivedDataCache/DDC.ddp not found, will not use a pak cache.
[2019.04.17-05.36.44:802][  0]LogDerivedDataCache: Unable to find inner node Pak for hierarchical cache Hierarchy.
[2019.04.17-05.36.44:802][  0]LogDerivedDataCache: FDerivedDataBackendGraph:  CompressedPak pak cache file ../../../../J2Y/대학교/4-1/고급그래픽스효과/4-1-AdvancedGraphicsEffects/Effects/DerivedDataCache/Compressed.ddp not found, will not use a pak cache.
[2019.04.17-05.36.44:802][  0]LogDerivedDataCache: Unable to find inner node CompressedPak for hierarchical cache Hierarchy.
[2019.04.17-05.36.44:820][  0]LogDerivedDataCache: Display: Pak cache opened for reading ../../../Engine/DerivedDataCache/Compressed.ddp.
[2019.04.17-05.36.44:820][  0]LogDerivedDataCache: FDerivedDataBackendGraph:  EnterprisePak pak cache file ../../../Enterprise/DerivedDataCache/Compressed.ddp not found, will not use a pak cache.
[2019.04.17-05.36.44:820][  0]LogDerivedDataCache: Unable to find inner node EnterprisePak for hierarchical cache Hierarchy.
[2019.04.17-05.36.44:835][  0]LogDerivedDataCache: Using Local data cache path C:/Users/조윤영/AppData/Local/UnrealEngine/Common/DerivedDataCache: Writable
[2019.04.17-05.36.44:835][  0]LogDerivedDataCache: Shared data cache path not found in *engine.ini, will not use an Shared cache.
[2019.04.17-05.36.44:835][  0]LogDerivedDataCache: Unable to find inner node Shared for hierarchical cache Hierarchy.
[2019.04.17-05.36.44:865][  0]LogMaterial: Verifying Global Shaders for PCD3D_SM5
[2019.04.17-05.36.44:866][  0]LogSlate: Using FreeType 2.6.0
[2019.04.17-05.36.44:868][  0]LogSlate: SlateFontServices - WITH_FREETYPE: 1, WITH_HARFBUZZ: 1
[2019.04.17-05.36.45:003][  0]LogAssetRegistry: FAssetRegistry took 0.0372 seconds to start up
[2019.04.17-05.36.45:423][  0]LogInit: Selected Device Profile: [Windows]
[2019.04.17-05.36.45:521][  0]LogSimplygon: Simplygon DLL not present - disabling.
[2019.04.17-05.36.45:528][  0]LogMeshReduction: Using SimplygonSwarm for distributed automatic mesh merging
[2019.04.17-05.36.45:528][  0]LogMeshReduction: Using ProxyLODMeshReduction for automatic mesh merging
[2019.04.17-05.36.45:528][  0]LogMeshReduction: Using QuadricMeshReduction for automatic static mesh reduction
[2019.04.17-05.36.45:528][  0]LogMeshReduction: No automatic skeletal mesh reduction module available
[2019.04.17-05.36.45:639][  0]LogNetVersion: Effects 1.0.0, NetCL: 4541578, EngineNetVer: 5, GameNetVer: 0 (Checksum: 2565292621)
[2019.04.17-05.36.46:389][  0]LogPackageLocalizationCache: Processed 11 localized package path(s) for 2 prioritized culture(s) in 0.203516 seconds
[2019.04.17-05.36.46:398][  0]LogUObjectArray: 39775 objects as part of root set at end of initial load.
[2019.04.17-05.36.46:398][  0]LogUObjectAllocator: 6914656 out of 0 bytes used by permanent object pool.
[2019.04.17-05.36.46:399][  0]LogUObjectArray: CloseDisregardForGC: 0/0 objects in disregard for GC pool
[2019.04.17-05.36.47:851][  0]LogTcpMessaging: Initializing TcpMessaging bridge
[2019.04.17-05.36.47:865][  0]LogUdpMessaging: Initializing bridge on interface 0.0.0.0:0 to multicast group 230.0.0.1:6666.
[2019.04.17-05.36.49:039][  0]SourceControl: 소스 컨트롤이 꺼졌습니다.
[2019.04.17-05.36.49:039][  0]SourceControl: 소스 컨트롤이 꺼졌습니다.
[2019.04.17-05.36.49:043][  0]SourceControl: 소스 컨트롤이 꺼졌습니다.
[2019.04.17-05.36.49:046][  0]SourceControl: 소스 컨트롤이 꺼졌습니다.
[2019.04.17-05.36.49:299][  0]LogAndroidPermission: UAndroidPermissionCallbackProxy::GetInstance
[2019.04.17-05.36.49:467][  0]LogOcInput: OculusInput pre-init called
[2019.04.17-05.36.49:629][  0]LogEngine: Initializing Engine...
[2019.04.17-05.36.49:631][  0]LogHMD: Failed to initialize OpenVR with code 110
[2019.04.17-05.36.49:633][  0]LogStats: UGameplayTagsManager::ConstructGameplayTagTree: ImportINI prefixes -  0.000 s
[2019.04.17-05.36.49:633][  0]LogStats: UGameplayTagsManager::ConstructGameplayTagTree: Construct from data asset -  0.000 s
[2019.04.17-05.36.49:633][  0]LogStats: UGameplayTagsManager::ConstructGameplayTagTree: ImportINI -  0.000 s
[2019.04.17-05.36.49:633][  0]LogStats: UGameplayTagsManager::ConstructGameplayTagTree: GameplayTagTreeChangedEvent.Broadcast -  0.000 s
[2019.04.17-05.36.49:955][  0]LogInit: Initializing FReadOnlyCVARCache
[2019.04.17-05.36.49:975][  0]LogAIModule: Creating AISystem for world Untitled
[2019.04.17-05.36.50:022][  0]LogInit: XAudio2 using '스피커(Realtek High Definition Audio)' : 2 channels at 48 kHz using 32 bits per sample (channel mask 0x3)
[2019.04.17-05.36.50:159][  0]LogInit: FAudioDevice initialized.
[2019.04.17-05.36.50:159][  0]LogNetVersion: Set ProjectVersion to 1.0.0.0. Version Checksum will be recalculated on next use.
[2019.04.17-05.36.50:241][  0]LogDerivedDataCache: Saved boot cache 0.08s 71MB C:/Users/조윤영/AppData/Local/UnrealEngine/4.21/DerivedDataCache/Boot.ddc.
[2019.04.17-05.36.50:243][  0]LogInit: Texture streaming: Enabled
[2019.04.17-05.36.50:277][  0]LogEngineSessionManager: EngineSessionManager initialized
[2019.04.17-05.36.50:277][  0]LogEngineSessionManager: EngineSessionManager sent abnormal shutdown report. Type=Crashed, SessionId={3C917380-402E-DEC3-C5DE-6A8BF7F74929}
[2019.04.17-05.36.50:299][  0]LogInit: Transaction tracking system initialized
[2019.04.17-05.36.50:334][  0]BlueprintLog: New page: 에디터 로드
[2019.04.17-05.36.50:442][  0]LocalizationService: 현지화 서비스가 비활성화되었습니다.
[2019.04.17-05.36.51:564][  0]LogFileCache: Scanning file cache for directory 'D:/J2Y/대학교/4-1/고급그래픽스효과/4-1-AdvancedGraphicsEffects/Effects/Content/' took 0.02s
[2019.04.17-05.36.51:565][  0]LogCook: Display: Max memory allowance for cook 16384mb min free memory 0mb
[2019.04.17-05.36.51:565][  0]LogCook: Display: Mobile HDR setting 1
[2019.04.17-05.36.51:565][  0]LogGameplayTags: Display: UGameplayTagsManager::DoneAddingNativeTags. DelegateIsBound: 0
[2019.04.17-05.36.51:565][  0]LogStats: UGameplayTagsManager::ConstructGameplayTagTree: ImportINI prefixes -  0.000 s
[2019.04.17-05.36.51:565][  0]LogStats: UGameplayTagsManager::ConstructGameplayTagTree: Construct from data asset -  0.000 s
[2019.04.17-05.36.51:565][  0]LogStats: UGameplayTagsManager::ConstructGameplayTagTree: ImportINI -  0.000 s
[2019.04.17-05.36.51:565][  0]LogStats: UGameplayTagsManager::ConstructGameplayTagTree: GameplayTagTreeChangedEvent.Broadcast -  0.000 s
[2019.04.17-05.36.51:816][  0]SourceControl: 소스 컨트롤이 꺼졌습니다.
[2019.04.17-05.36.51:817][  0]Cmd: MAP LOAD FILE="../../../../J2Y/대학교/4-1/고급그래픽스효과/4-1-AdvancedGraphicsEffects/Effects/Content/StarterContent/Maps/Minimal_Default.umap" TEMPLATE=0 SHOWPROGRESS=1 FEATURELEVEL=3
[2019.04.17-05.36.51:817][  0]LogEditorServer: Warning: Can't find file '../../../../J2Y/대학교/4-1/고급그래픽스효과/4-1-AdvancedGraphicsEffects/Effects/Content/StarterContent/Maps/Minimal_Default.umap'
[2019.04.17-05.36.51:817][  0]Cmd: MAP CHECKDEP NOCLEARLOG
[2019.04.17-05.36.51:818][  0]MapCheck: 맵 체크 완료: 오류 0 회, 경고 0 회, 소요 시간 0.347ms.
[2019.04.17-05.36.51:818][  0]LogFileHelpers: Loading map 'Minimal_Default' took 0.001
[2019.04.17-05.36.51:994][  0]LogSlate: Updating window title bar state: overlay mode, drag disabled, window buttons hidden, title bar hidden
[2019.04.17-05.36.52:004][  0]LogSlate: Updating window title bar state: overlay mode, drag disabled, window buttons hidden, title bar hidden
[2019.04.17-05.36.52:013][  0]LogSlate: Updating window title bar state: overlay mode, drag disabled, window buttons hidden, title bar hidden
[2019.04.17-05.36.52:021][  0]LogSlate: Updating window title bar state: overlay mode, drag disabled, window buttons hidden, title bar hidden
[2019.04.17-05.36.52:029][  0]LogCollectionManager: Loaded 0 collections in 0.001724 seconds
[2019.04.17-05.36.52:071][  0]LogFileCache: Scanning file cache for directory 'D:/J2Y/대학교/4-1/고급그래픽스효과/4-1-AdvancedGraphicsEffects/Effects/Saved/Collections/' took 0.01s
[2019.04.17-05.36.52:071][  0]LogFileCache: Scanning file cache for directory 'D:/J2Y/대학교/4-1/고급그래픽스효과/4-1-AdvancedGraphicsEffects/Effects/Content/Developers/조윤영/Collections/' took 0.01s
[2019.04.17-05.36.52:071][  0]LogFileCache: Scanning file cache for directory 'D:/J2Y/대학교/4-1/고급그래픽스효과/4-1-AdvancedGraphicsEffects/Effects/Content/Collections/' took 0.01s
[2019.04.17-05.36.52:071][  0]LogCollectionManager: Rebuilt the GUID cache for 0 collections in 0.000000 seconds
[2019.04.17-05.36.52:082][  0]LogContentBrowser: Native class hierarchy populated in 0.0107 seconds. Added 2651 classes and 620 folders.
[2019.04.17-05.36.52:093][  0]LogContentBrowser: Native class hierarchy updated for 'WidgetCarousel' in 0.0004 seconds. Added 0 classes and 0 folders.
[2019.04.17-05.36.52:096][  0]LogPakFile: Registered encryption key '00000000000000000000000000000000': 0 pak files mounted, 0 remain pending
[2019.04.17-05.36.52:098][  0]LogPakFile: Registered encryption key '00000000000000000000000000000000': 0 pak files mounted, 0 remain pending
[2019.04.17-05.36.52:099][  0]LogPakFile: Registered encryption key '00000000000000000000000000000000': 0 pak files mounted, 0 remain pending
[2019.04.17-05.36.52:100][  0]LogPakFile: Registered encryption key '00000000000000000000000000000000': 0 pak files mounted, 0 remain pending
[2019.04.17-05.36.52:101][  0]LogPakFile: Registered encryption key '00000000000000000000000000000000': 0 pak files mounted, 0 remain pending
[2019.04.17-05.36.52:103][  0]LogPakFile: Registered encryption key '00000000000000000000000000000000': 0 pak files mounted, 0 remain pending
[2019.04.17-05.36.52:104][  0]LogPakFile: Registered encryption key '00000000000000000000000000000000': 0 pak files mounted, 0 remain pending
[2019.04.17-05.36.52:105][  0]LogPakFile: Registered encryption key '00000000000000000000000000000000': 0 pak files mounted, 0 remain pending
[2019.04.17-05.36.52:106][  0]LogPakFile: Registered encryption key '00000000000000000000000000000000': 0 pak files mounted, 0 remain pending
[2019.04.17-05.36.52:107][  0]LogPakFile: Registered encryption key '00000000000000000000000000000000': 0 pak files mounted, 0 remain pending
[2019.04.17-05.36.52:108][  0]LogPakFile: Registered encryption key '00000000000000000000000000000000': 0 pak files mounted, 0 remain pending
[2019.04.17-05.36.52:109][  0]LogPakFile: Registered encryption key '00000000000000000000000000000000': 0 pak files mounted, 0 remain pending
[2019.04.17-05.36.52:111][  0]LogPakFile: Registered encryption key '00000000000000000000000000000000': 0 pak files mounted, 0 remain pending
[2019.04.17-05.36.52:112][  0]LogPakFile: Registered encryption key '00000000000000000000000000000000': 0 pak files mounted, 0 remain pending
[2019.04.17-05.36.52:113][  0]LogPakFile: Registered encryption key '00000000000000000000000000000000': 0 pak files mounted, 0 remain pending
[2019.04.17-05.36.52:114][  0]LogPakFile: Registered encryption key '00000000000000000000000000000000': 0 pak files mounted, 0 remain pending
[2019.04.17-05.36.52:115][  0]LogPakFile: Registered encryption key '00000000000000000000000000000000': 0 pak files mounted, 0 remain pending
[2019.04.17-05.36.52:116][  0]LogPakFile: Registered encryption key '00000000000000000000000000000000': 0 pak files mounted, 0 remain pending
[2019.04.17-05.36.52:117][  0]LogPakFile: Registered encryption key '00000000000000000000000000000000': 0 pak files mounted, 0 remain pending
[2019.04.17-05.36.52:119][  0]LogPakFile: Registered encryption key '00000000000000000000000000000000': 0 pak files mounted, 0 remain pending
[2019.04.17-05.36.52:120][  0]LogPakFile: Registered encryption key '00000000000000000000000000000000': 0 pak files mounted, 0 remain pending
[2019.04.17-05.36.52:121][  0]LogPakFile: Registered encryption key '00000000000000000000000000000000': 0 pak files mounted, 0 remain pending
[2019.04.17-05.36.52:122][  0]LogPakFile: Registered encryption key '00000000000000000000000000000000': 0 pak files mounted, 0 remain pending
[2019.04.17-05.36.52:123][  0]LogPakFile: Registered encryption key '00000000000000000000000000000000': 0 pak files mounted, 0 remain pending
[2019.04.17-05.36.52:124][  0]LogPakFile: Registered encryption key '00000000000000000000000000000000': 0 pak files mounted, 0 remain pending
[2019.04.17-05.36.52:126][  0]LogPakFile: Registered encryption key '00000000000000000000000000000000': 0 pak files mounted, 0 remain pending
[2019.04.17-05.36.52:204][  0]LogContentBrowser: Native class hierarchy updated for 'AddContentDialog' in 0.0004 seconds. Added 0 classes and 0 folders.
[2019.04.17-05.36.52:211][  0]LogContentBrowser: Native class hierarchy updated for 'SceneOutliner' in 0.0005 seconds. Added 1 classes and 2 folders.
[2019.04.17-05.36.52:289][  0]LogSlate: Took 0.000790 seconds to synchronously load lazily loaded font '../../../Engine/Content/Slate/Fonts/Roboto-Regular.ttf' (155K)
[2019.04.17-05.36.52:292][  0]LogSlate: Took 0.002480 seconds to synchronously load lazily loaded font '../../../Engine/Content/Editor/Slate/Fonts/NanumGothic.ttf' (4243K)
[2019.04.17-05.36.52:296][  0]LogSlate: Took 0.002159 seconds to synchronously load lazily loaded font '../../../Engine/Content/Editor/Slate/Fonts/NanumGothicBold.ttf' (4188K)
[2019.04.17-05.36.52:296][  0]LogSlate: Took 0.000347 seconds to synchronously load lazily loaded font '../../../Engine/Content/Slate/Fonts/Roboto-Bold.ttf' (160K)
[2019.04.17-05.36.52:301][  0]LogSlate: Took 0.000397 seconds to synchronously load lazily loaded font '../../../Engine/Content/Editor/Slate/Fonts/FontAwesome.ttf' (139K)
[2019.04.17-05.36.52:399][  0]LogRenderer: Reallocating scene render targets to support 964x388 Format 10 NumSamples 1 (Frame:1).
[2019.04.17-05.36.52:545][  0]LogContentBrowser: Native class hierarchy updated for 'HierarchicalLODOutliner' in 0.0005 seconds. Added 0 classes and 0 folders.
[2019.04.17-05.36.52:545][  0]LogLoad: (Engine Initialization) Total time: 13.31 seconds
[2019.04.17-05.36.52:545][  0]LogLoad: (Engine Initialization) Total Blueprint compile time: 0.00 seconds
[2019.04.17-05.36.52:565][  0]LogWindowsTextInputMethodSystem: Display: IME system now activated using TSF (Microsoft 입력기).
[2019.04.17-05.36.52:602][  0]LogAssetRegistry: Asset discovery search completed in 7.6227 seconds
[2019.04.17-05.36.52:604][  0]LogCollectionManager: Rebuilt the object cache for 0 collections in 0.000000 seconds (found 0 objects)
[2019.04.17-05.36.52:604][  0]LogCollectionManager: Fixed up redirectors for 0 collections in 0.000056 seconds (updated 0 objects)
[2019.04.17-05.36.52:606][  0]LogContentStreaming: Texture pool size now 1000 MB
[2019.04.17-05.36.52:647][  0]LogSlate: Took 0.000391 seconds to synchronously load lazily loaded font '../../../Engine/Content/Slate/Fonts/Roboto-Light.ttf' (167K)
[2019.04.17-05.36.53:631][ 26]LogSlate: Took 0.000460 seconds to synchronously load lazily loaded font '../../../Engine/Content/Slate/Fonts/Roboto-Light.ttf' (167K)
[2019.04.17-05.36.54:525][ 47]LogSlate: FSceneViewport::OnFocusLost() reason 0
[2019.04.17-05.36.56:214][ 95]LogAssetEditorManager: Opening Asset editor for Material /Game/Effects/Lecture-5/Lecture3.Lecture3
[2019.04.17-05.36.56:223][ 95]LogMaterial: Display: Missing cached shader map for material Lecture3, compiling. 
[2019.04.17-05.36.56:644][ 95]LogMaterial: Display: Missing cached shader map for material FMatExpressionPreview MaterialExpressionTextureSample_0, compiling. 
[2019.04.17-05.36.56:652][ 95]LogShaderCompilers: Display: Shaders left to compile 2
[2019.04.17-05.36.56:652][ 95]LogShaderCompilers: Display: Shaders left to compile 1
[2019.04.17-05.36.56:652][ 95]LogMaterial: Display: Missing cached shader map for material FMatExpressionPreview MaterialExpressionTextureCoordinate_0, compiling. 
[2019.04.17-05.36.56:658][ 95]LogMaterial: Display: Missing cached shader map for material FMatExpressionPreview MaterialExpressionMultiply_0, compiling. 
[2019.04.17-05.36.56:665][ 95]LogMaterial: Display: Missing cached shader map for material FMatExpressionPreview MaterialExpressionFloor_1, compiling. 
[2019.04.17-05.36.56:672][ 95]LogMaterial: Display: Missing cached shader map for material FMatExpressionPreview MaterialExpressionOneMinus_0, compiling. 
[2019.04.17-05.36.56:679][ 95]LogMaterial: Display: Missing cached shader map for material FMatExpressionPreview MaterialExpressionMultiply_3, compiling. 
[2019.04.17-05.36.56:687][ 95]LogMaterial: Display: Missing cached shader map for material FMatExpressionPreview MaterialExpressionMultiply_4, compiling. 
[2019.04.17-05.36.56:694][ 95]LogMaterial: Display: Missing cached shader map for material FMatExpressionPreview MaterialExpressionAdd_3, compiling. 
[2019.04.17-05.36.56:702][ 95]LogShaderCompilers: Display: Shaders left to compile 12
[2019.04.17-05.36.56:702][ 95]LogMaterial: Display: Missing cached shader map for material FMatExpressionPreview MaterialExpressionTextureSample_1, compiling. 
[2019.04.17-05.36.56:710][ 95]LogMaterial: Display: Missing cached shader map for material FMatExpressionPreview MaterialExpressionTextureCoordinate_1, compiling. 
[2019.04.17-05.36.56:717][ 95]LogMaterial: Display: Missing cached shader map for material FMatExpressionPreview MaterialExpressionMultiply_1, compiling. 
[2019.04.17-05.36.56:725][ 95]LogMaterial: Display: Missing cached shader map for material FMatExpressionPreview MaterialExpressionFrac_1, compiling. 
[2019.04.17-05.36.56:732][ 95]LogMaterial: Display: Missing cached shader map for material FMatExpressionPreview MaterialExpressionTextureSample_3, compiling. 
[2019.04.17-05.36.56:740][ 95]LogMaterial: Display: Missing cached shader map for material FMatExpressionPreview MaterialExpressionTextureCoordinate_2, compiling. 
[2019.04.17-05.36.56:746][ 95]LogMaterial: Display: Missing cached shader map for material FMatExpressionPreview MaterialExpressionMultiply_2, compiling. 
[2019.04.17-05.36.56:754][ 95]LogMaterial: Display: Missing cached shader map for material FMatExpressionPreview MaterialExpressionFrac_2, compiling. 
[2019.04.17-05.36.56:761][ 95]LogMaterial: Display: Missing cached shader map for material FMatExpressionPreview MaterialExpressionFloor_0, compiling. 
[2019.04.17-05.36.56:768][ 95]LogMaterial: Display: Missing cached shader map for material FMatExpressionPreview MaterialExpressionMultiply_5, compiling. 
[2019.04.17-05.36.56:774][ 95]LogMaterial: Display: Missing cached shader map for material FMatExpressionPreview MaterialExpressionMultiply_6, compiling. 
[2019.04.17-05.36.56:781][ 95]LogMaterial: Display: Missing cached shader map for material FMatExpressionPreview MaterialExpressionAdd_0, compiling. 
[2019.04.17-05.36.56:789][ 95]LogMaterial: Display: Missing cached shader map for material FMatExpressionPreview MaterialExpressionTextureSample_4, compiling. 
[2019.04.17-05.36.56:796][ 95]LogMaterial: Display: Missing cached shader map for material FMatExpressionPreview MaterialExpressionTextureCoordinate_3, compiling. 
[2019.04.17-05.36.56:803][ 95]LogMaterial: Display: Missing cached shader map for material FMatExpressionPreview MaterialExpressionMultiply_9, compiling. 
[2019.04.17-05.36.56:809][ 95]LogMaterial: Display: Missing cached shader map for material FMatExpressionPreview MaterialExpressionFrac_6, compiling. 
[2019.04.17-05.36.56:819][ 95]LogMaterial: Display: Missing cached shader map for material FMatExpressionPreview MaterialExpressionComponentMask_1, compiling. 
[2019.04.17-05.36.56:826][ 95]LogMaterial: Display: Missing cached shader map for material FMatExpressionPreview MaterialExpressionFloor_4, compiling. 
[2019.04.17-05.36.56:832][ 95]LogMaterial: Display: Missing cached shader map for material FMatExpressionPreview MaterialExpressionDivide_0, compiling. 
[2019.04.17-05.36.56:840][ 95]LogMaterial: Display: Missing cached shader map for material FMatExpressionPreview MaterialExpressionAdd_2, compiling. 
[2019.04.17-05.36.56:846][ 95]LogMaterial: Display: Missing cached shader map for material FMatExpressionPreview MaterialExpressionTextureSample_5, compiling. 
[2019.04.17-05.36.56:854][ 95]LogMaterial: Display: Missing cached shader map for material FMatExpressionPreview MaterialExpressionTextureCoordinate_4, compiling. 
[2019.04.17-05.36.56:860][ 95]LogMaterial: Display: Missing cached shader map for material FMatExpressionPreview MaterialExpressionMultiply_12, compiling. 
[2019.04.17-05.36.56:867][ 95]LogMaterial: Display: Missing cached shader map for material FMatExpressionPreview MaterialExpressionFrac_9, compiling. 
[2019.04.17-05.36.56:874][ 95]LogMaterial: Display: Missing cached shader map for material FMatExpressionPreview MaterialExpressionFloor_5, compiling. 
[2019.04.17-05.36.56:882][ 95]LogMaterial: Display: Missing cached shader map for material FMatExpressionPreview MaterialExpressionMultiply_13, compiling. 
[2019.04.17-05.36.56:889][ 95]LogMaterial: Display: Missing cached shader map for material FMatExpressionPreview MaterialExpressionMultiply_14, compiling. 
[2019.04.17-05.36.56:896][ 95]LogMaterial: Display: Missing cached shader map for material FMatExpressionPreview MaterialExpressionAdd_4, compiling. 
[2019.04.17-05.36.56:903][ 95]LogMaterial: Display: Missing cached shader map for material FMatExpressionPreview MaterialExpressionTextureSample_6, compiling. 
[2019.04.17-05.36.56:909][ 95]LogMaterial: Display: Missing cached shader map for material FMatExpressionPreview MaterialExpressionTextureCoordinate_5, compiling. 
[2019.04.17-05.36.56:916][ 95]LogMaterial: Display: Missing cached shader map for material FMatExpressionPreview MaterialExpressionMultiply_15, compiling. 
[2019.04.17-05.36.56:923][ 95]LogMaterial: Display: Missing cached shader map for material FMatExpressionPreview MaterialExpressionFrac_10, compiling. 
[2019.04.17-05.36.56:929][ 95]LogMaterial: Display: Missing cached shader map for material FMatExpressionPreview MaterialExpressionFloor_6, compiling. 
[2019.04.17-05.36.56:938][ 95]LogMaterial: Display: Missing cached shader map for material FMatExpressionPreview MaterialExpressionMultiply_16, compiling. 
[2019.04.17-05.36.56:944][ 95]LogMaterial: Display: Missing cached shader map for material FMatExpressionPreview MaterialExpressionMultiply_17, compiling. 
[2019.04.17-05.36.56:951][ 95]LogMaterial: Display: Missing cached shader map for material FMatExpressionPreview MaterialExpressionAdd_5, compiling. 
[2019.04.17-05.36.56:957][ 95]LogMaterial: Display: Missing cached shader map for material FMatExpressionPreview MaterialExpressionTextureSample_8, compiling. 
[2019.04.17-05.36.56:964][ 95]LogMaterial: Display: Missing cached shader map for material FMatExpressionPreview MaterialExpressionTextureCoordinate_7, compiling. 
[2019.04.17-05.36.56:971][ 95]LogMaterial: Display: Missing cached shader map for material FMatExpressionPreview MaterialExpressionMultiply_21, compiling. 
[2019.04.17-05.36.56:977][ 95]LogMaterial: Display: Missing cached shader map for material FMatExpressionPreview MaterialExpressionFrac_12, compiling. 
[2019.04.17-05.36.56:985][ 95]LogMaterial: Display: Missing cached shader map for material FMatExpressionPreview MaterialExpressionFloor_8, compiling. 
[2019.04.17-05.36.56:991][ 95]LogMaterial: Display: Missing cached shader map for material FMatExpressionPreview MaterialExpressionMultiply_23, compiling. 
[2019.04.17-05.36.56:998][ 95]LogMaterial: Display: Missing cached shader map for material FMatExpressionPreview MaterialExpressionAdd_7, compiling. 
[2019.04.17-05.36.57:005][ 95]LogMaterial: Display: Missing cached shader map for material FMatExpressionPreview MaterialExpressionFrac_13, compiling. 
[2019.04.17-05.36.57:012][ 95]LogMaterial: Display: Missing cached shader map for material FMatExpressionPreview MaterialExpressionTextureSample_9, compiling. 
[2019.04.17-05.36.57:019][ 95]LogMaterial: Display: Missing cached shader map for material FMatExpressionPreview MaterialExpressionTextureCoordinate_8, compiling. 
[2019.04.17-05.36.57:027][ 95]LogMaterial: Display: Missing cached shader map for material FMatExpressionPreview MaterialExpressionMultiply_24, compiling. 
[2019.04.17-05.36.57:034][ 95]LogMaterial: Display: Missing cached shader map for material FMatExpressionPreview MaterialExpressionFrac_14, compiling. 
[2019.04.17-05.36.57:040][ 95]LogMaterial: Display: Missing cached shader map for material FMatExpressionPreview MaterialExpressionAdd_8, compiling. 
[2019.04.17-05.36.57:047][ 95]LogMaterial: Display: Missing cached shader map for material FMatExpressionPreview MaterialExpressionFrac_15, compiling. 
[2019.04.17-05.36.57:054][ 95]LogMaterial: Display: Missing cached shader map for material FMatExpressionPreview MaterialExpressionComponentMask_3, compiling. 
[2019.04.17-05.36.57:062][ 95]LogMaterial: Display: Missing cached shader map for material FMatExpressionPreview MaterialExpressionFloor_10, compiling. 
[2019.04.17-05.36.57:069][ 95]LogMaterial: Display: Missing cached shader map for material FMatExpressionPreview MaterialExpressionMultiply_26, compiling. 
[2019.04.17-05.36.57:075][ 95]LogMaterial: Display: Missing cached shader map for material FMatExpressionPreview MaterialExpressionTextureSample_10, compiling. 
[2019.04.17-05.36.57:082][ 95]LogMaterial: Display: Missing cached shader map for material FMatExpressionPreview MaterialExpressionTextureSample_11, compiling. 
[2019.04.17-05.36.57:088][ 95]LogMaterial: Display: Missing cached shader map for material FMatExpressionPreview MaterialExpressionConstant3Vector_1, compiling. 
[2019.04.17-05.36.57:095][ 95]LogMaterial: Display: Missing cached shader map for material FMatExpressionPreview MaterialExpressionConstant3Vector_2, compiling. 
[2019.04.17-05.36.57:102][ 95]LogMaterial: Display: Missing cached shader map for material FMatExpressionPreview MaterialExpressionLinearInterpolate_0, compiling. 
[2019.04.17-05.36.57:110][ 95]LogMaterial: Display: Missing cached shader map for material Lecture3, compiling. 
[2019.04.17-05.36.57:137][ 95]LogMaterial: Display: Missing cached shader map for material Lecture3, compiling. 
[2019.04.17-05.36.57:189][ 95]LogMaterial: Display: Missing cached shader map for material FMatExpressionPreview MaterialExpressionTextureSample_0, compiling. 
[2019.04.17-05.36.57:195][ 95]LogMaterial: Display: Missing cached shader map for material FMatExpressionPreview MaterialExpressionTextureCoordinate_0, compiling. 
[2019.04.17-05.36.57:202][ 95]LogMaterial: Display: Missing cached shader map for material FMatExpressionPreview MaterialExpressionMultiply_0, compiling. 
[2019.04.17-05.36.57:208][ 95]LogMaterial: Display: Missing cached shader map for material FMatExpressionPreview MaterialExpressionFloor_1, compiling. 
[2019.04.17-05.36.57:215][ 95]LogMaterial: Display: Missing cached shader map for material FMatExpressionPreview MaterialExpressionOneMinus_0, compiling. 
[2019.04.17-05.36.57:222][ 95]LogMaterial: Display: Missing cached shader map for material FMatExpressionPreview MaterialExpressionMultiply_3, compiling. 
[2019.04.17-05.36.57:229][ 95]LogMaterial: Display: Missing cached shader map for material FMatExpressionPreview MaterialExpressionMultiply_4, compiling. 
[2019.04.17-05.36.57:235][ 95]LogMaterial: Display: Missing cached shader map for material FMatExpressionPreview MaterialExpressionAdd_3, compiling. 
[2019.04.17-05.36.57:242][ 95]LogMaterial: Display: Missing cached shader map for material FMatExpressionPreview MaterialExpressionTextureSample_1, compiling. 
[2019.04.17-05.36.57:250][ 95]LogMaterial: Display: Missing cached shader map for material FMatExpressionPreview MaterialExpressionTextureCoordinate_1, compiling. 
[2019.04.17-05.36.57:257][ 95]LogMaterial: Display: Missing cached shader map for material FMatExpressionPreview MaterialExpressionMultiply_1, compiling. 
[2019.04.17-05.36.57:263][ 95]LogMaterial: Display: Missing cached shader map for material FMatExpressionPreview MaterialExpressionFrac_1, compiling. 
[2019.04.17-05.36.57:271][ 95]LogMaterial: Display: Missing cached shader map for material FMatExpressionPreview MaterialExpressionTextureSample_3, compiling. 
[2019.04.17-05.36.57:277][ 95]LogMaterial: Display: Missing cached shader map for material FMatExpressionPreview MaterialExpressionTextureCoordinate_2, compiling. 
[2019.04.17-05.36.57:285][ 95]LogMaterial: Display: Missing cached shader map for material FMatExpressionPreview MaterialExpressionMultiply_2, compiling. 
[2019.04.17-05.36.57:292][ 95]LogMaterial: Display: Missing cached shader map for material FMatExpressionPreview MaterialExpressionFrac_2, compiling. 
[2019.04.17-05.36.57:298][ 95]LogMaterial: Display: Missing cached shader map for material FMatExpressionPreview MaterialExpressionFloor_0, compiling. 
[2019.04.17-05.36.57:306][ 95]LogMaterial: Display: Missing cached shader map for material FMatExpressionPreview MaterialExpressionMultiply_5, compiling. 
[2019.04.17-05.36.57:313][ 95]LogMaterial: Display: Missing cached shader map for material FMatExpressionPreview MaterialExpressionMultiply_6, compiling. 
[2019.04.17-05.36.57:320][ 95]LogMaterial: Display: Missing cached shader map for material FMatExpressionPreview MaterialExpressionAdd_0, compiling. 
[2019.04.17-05.36.57:328][ 95]LogMaterial: Display: Missing cached shader map for material FMatExpressionPreview MaterialExpressionTextureSample_4, compiling. 
[2019.04.17-05.36.57:335][ 95]LogMaterial: Display: Missing cached shader map for material FMatExpressionPreview MaterialExpressionTextureCoordinate_3, compiling. 
[2019.04.17-05.36.57:343][ 95]LogMaterial: Display: Missing cached shader map for material FMatExpressionPreview MaterialExpressionMultiply_9, compiling. 
[2019.04.17-05.36.57:350][ 95]LogMaterial: Display: Missing cached shader map for material FMatExpressionPreview MaterialExpressionFrac_6, compiling. 
[2019.04.17-05.36.57:358][ 95]LogMaterial: Display: Missing cached shader map for material FMatExpressionPreview MaterialExpressionComponentMask_1, compiling. 
[2019.04.17-05.36.57:365][ 95]LogMaterial: Display: Missing cached shader map for material FMatExpressionPreview MaterialExpressionFloor_4, compiling. 
[2019.04.17-05.36.57:373][ 95]LogMaterial: Display: Missing cached shader map for material FMatExpressionPreview MaterialExpressionDivide_0, compiling. 
[2019.04.17-05.36.57:380][ 95]LogShaderCompilers: Display: Shaders left to compile 82
[2019.04.17-05.36.57:380][ 95]LogMaterial: Display: Missing cached shader map for material FMatExpressionPreview MaterialExpressionAdd_2, compiling. 
[2019.04.17-05.36.57:388][ 95]LogMaterial: Display: Missing cached shader map for material FMatExpressionPreview MaterialExpressionTextureSample_5, compiling. 
[2019.04.17-05.36.57:395][ 95]LogMaterial: Display: Missing cached shader map for material FMatExpressionPreview MaterialExpressionTextureCoordinate_4, compiling. 
[2019.04.17-05.36.57:402][ 95]LogMaterial: Display: Missing cached shader map for material FMatExpressionPreview MaterialExpressionMultiply_12, compiling. 
[2019.04.17-05.36.57:408][ 95]LogMaterial: Display: Missing cached shader map for material FMatExpressionPreview MaterialExpressionFrac_9, compiling. 
[2019.04.17-05.36.57:415][ 95]LogMaterial: Display: Missing cached shader map for material FMatExpressionPreview MaterialExpressionFloor_5, compiling. 
[2019.04.17-05.36.57:422][ 95]LogMaterial: Display: Missing cached shader map for material FMatExpressionPreview MaterialExpressionMultiply_13, compiling. 
[2019.04.17-05.36.57:428][ 95]LogMaterial: Display: Missing cached shader map for material FMatExpressionPreview MaterialExpressionMultiply_14, compiling. 
[2019.04.17-05.36.57:436][ 95]LogMaterial: Display: Missing cached shader map for material FMatExpressionPreview MaterialExpressionAdd_4, compiling. 
[2019.04.17-05.36.57:442][ 95]LogMaterial: Display: Missing cached shader map for material FMatExpressionPreview MaterialExpressionTextureSample_6, compiling. 
[2019.04.17-05.36.57:450][ 95]LogMaterial: Display: Missing cached shader map for material FMatExpressionPreview MaterialExpressionTextureCoordinate_5, compiling. 
[2019.04.17-05.36.57:456][ 95]LogMaterial: Display: Missing cached shader map for material FMatExpressionPreview MaterialExpressionMultiply_15, compiling. 
[2019.04.17-05.36.57:463][ 95]LogMaterial: Display: Missing cached shader map for material FMatExpressionPreview MaterialExpressionFrac_10, compiling. 
[2019.04.17-05.36.57:470][ 95]LogShaderCompilers: Display: Shaders left to compile 107
[2019.04.17-05.36.57:470][ 95]LogMaterial: Display: Missing cached shader map for material FMatExpressionPreview MaterialExpressionFloor_6, compiling. 
[2019.04.17-05.36.57:476][ 95]LogMaterial: Display: Missing cached shader map for material FMatExpressionPreview MaterialExpressionMultiply_16, compiling. 
[2019.04.17-05.36.57:484][ 95]LogMaterial: Display: Missing cached shader map for material FMatExpressionPreview MaterialExpressionMultiply_17, compiling. 
[2019.04.17-05.36.57:491][ 95]LogMaterial: Display: Missing cached shader map for material FMatExpressionPreview MaterialExpressionAdd_5, compiling. 
[2019.04.17-05.36.57:497][ 95]LogMaterial: Display: Missing cached shader map for material FMatExpressionPreview MaterialExpressionTextureSample_8, compiling. 
[2019.04.17-05.36.57:504][ 95]LogMaterial: Display: Missing cached shader map for material FMatExpressionPreview MaterialExpressionTextureCoordinate_7, compiling. 
[2019.04.17-05.36.57:511][ 95]LogMaterial: Display: Missing cached shader map for material FMatExpressionPreview MaterialExpressionMultiply_21, compiling. 
[2019.04.17-05.36.57:519][ 95]LogMaterial: Display: Missing cached shader map for material FMatExpressionPreview MaterialExpressionFrac_12, compiling. 
[2019.04.17-05.36.57:526][ 95]LogMaterial: Display: Missing cached shader map for material FMatExpressionPreview MaterialExpressionFloor_8, compiling. 
[2019.04.17-05.36.57:533][ 95]LogMaterial: Display: Missing cached shader map for material FMatExpressionPreview MaterialExpressionMultiply_23, compiling. 
[2019.04.17-05.36.57:539][ 95]LogMaterial: Display: Missing cached shader map for material FMatExpressionPreview MaterialExpressionAdd_7, compiling. 
[2019.04.17-05.36.57:546][ 95]LogMaterial: Display: Missing cached shader map for material FMatExpressionPreview MaterialExpressionFrac_13, compiling. 
[2019.04.17-05.36.57:553][ 95]LogMaterial: Display: Missing cached shader map for material FMatExpressionPreview MaterialExpressionTextureSample_9, compiling. 
[2019.04.17-05.36.57:560][ 95]LogMaterial: Display: Missing cached shader map for material FMatExpressionPreview MaterialExpressionTextureCoordinate_8, compiling. 
[2019.04.17-05.36.57:567][ 95]LogMaterial: Display: Missing cached shader map for material FMatExpressionPreview MaterialExpressionMultiply_24, compiling. 
[2019.04.17-05.36.57:574][ 95]LogMaterial: Display: Missing cached shader map for material FMatExpressionPreview MaterialExpressionFrac_14, compiling. 
[2019.04.17-05.36.57:580][ 95]LogMaterial: Display: Missing cached shader map for material FMatExpressionPreview MaterialExpressionAdd_8, compiling. 
[2019.04.17-05.36.57:587][ 95]LogMaterial: Display: Missing cached shader map for material FMatExpressionPreview MaterialExpressionFrac_15, compiling. 
[2019.04.17-05.36.57:594][ 95]LogMaterial: Display: Missing cached shader map for material FMatExpressionPreview MaterialExpressionComponentMask_3, compiling. 
[2019.04.17-05.36.57:601][ 95]LogMaterial: Display: Missing cached shader map for material FMatExpressionPreview MaterialExpressionFloor_10, compiling. 
[2019.04.17-05.36.57:607][ 95]LogMaterial: Display: Missing cached shader map for material FMatExpressionPreview MaterialExpressionMultiply_26, compiling. 
[2019.04.17-05.36.57:614][ 95]LogMaterial: Display: Missing cached shader map for material FMatExpressionPreview MaterialExpressionTextureSample_10, compiling. 
[2019.04.17-05.36.57:621][ 95]LogMaterial: Display: Missing cached shader map for material FMatExpressionPreview MaterialExpressionTextureSample_11, compiling. 
[2019.04.17-05.36.57:628][ 95]LogMaterial: Display: Missing cached shader map for material FMatExpressionPreview MaterialExpressionConstant3Vector_1, compiling. 
[2019.04.17-05.36.57:636][ 95]LogMaterial: Display: Missing cached shader map for material FMatExpressionPreview MaterialExpressionConstant3Vector_2, compiling. 
[2019.04.17-05.36.57:642][ 95]LogMaterial: Display: Missing cached shader map for material FMatExpressionPreview MaterialExpressionLinearInterpolate_0, compiling. 
[2019.04.17-05.36.57:678][ 95]LogSlate: Took 0.000383 seconds to synchronously load lazily loaded font '../../../Engine/Content/Slate/Fonts/Roboto-BoldCondensed.ttf' (158K)
[2019.04.17-05.36.57:932][ 95]LogShaderCompilers: Display: Shaders left to compile 160
[2019.04.17-05.36.57:932][ 95]LogShaderCompilers: Display: Shaders left to compile 159
[2019.04.17-05.36.58:003][ 97]LogSlate: Took 0.002496 seconds to synchronously load lazily loaded font '../../../Engine/Content/Slate/Fonts/../../Editor/Slate/Fonts/NanumGothic.ttf' (4243K)
[2019.04.17-05.36.58:082][102]LogShaderCompilers: Display: Shaders left to compile 158
[2019.04.17-05.36.58:188][104]LogShaderCompilers: Display: Shaders left to compile 157
[2019.04.17-05.36.58:196][104]LogShaderCompilers: Display: Shaders left to compile 156
[2019.04.17-05.36.58:327][106]LogShaderCompilers: Display: Shaders left to compile 155
[2019.04.17-05.36.58:394][107]LogShaderCompilers: Display: Shaders left to compile 154
[2019.04.17-05.36.58:430][108]LogShaderCompilers: Display: Shaders left to compile 153
[2019.04.17-05.36.58:494][109]LogShaderCompilers: Display: Shaders left to compile 152
[2019.04.17-05.36.58:585][110]LogShaderCompilers: Display: Shaders left to compile 151
[2019.04.17-05.36.58:869][113]LogShaderCompilers: Display: Shaders left to compile 150
[2019.04.17-05.36.58:892][113]LogShaderCompilers: Display: Shaders left to compile 149
[2019.04.17-05.36.59:049][115]LogShaderCompilers: Display: Shaders left to compile 148
[2019.04.17-05.36.59:295][118]LogShaderCompilers: Display: Shaders left to compile 147
[2019.04.17-05.36.59:372][121]LogShaderCompilers: Display: Shaders left to compile 146
[2019.04.17-05.36.59:482][123]LogShaderCompilers: Display: Shaders left to compile 145
[2019.04.17-05.36.59:799][130]LogShaderCompilers: Display: Shaders left to compile 144
[2019.04.17-05.36.59:799][130]LogShaderCompilers: Display: Shaders left to compile 143
[2019.04.17-05.36.59:894][132]LogShaderCompilers: Display: Shaders left to compile 142
[2019.04.17-05.37.00:266][139]LogShaderCompilers: Display: Shaders left to compile 141
[2019.04.17-05.37.00:405][142]LogShaderCompilers: Display: Shaders left to compile 140
[2019.04.17-05.37.00:446][143]LogShaderCompilers: Display: Shaders left to compile 139
[2019.04.17-05.37.00:778][150]LogShaderCompilers: Display: Shaders left to compile 138
[2019.04.17-05.37.00:830][151]LogShaderCompilers: Display: Shaders left to compile 137
[2019.04.17-05.37.00:942][153]LogShaderCompilers: Display: Shaders left to compile 136
[2019.04.17-05.37.01:268][159]LogShaderCompilers: Display: Shaders left to compile 135
[2019.04.17-05.37.01:295][160]LogShaderCompilers: Display: Shaders left to compile 134
[2019.04.17-05.37.01:486][164]LogShaderCompilers: Display: Shaders left to compile 133
[2019.04.17-05.37.01:768][169]LogShaderCompilers: Display: Shaders left to compile 132
[2019.04.17-05.37.01:802][170]LogShaderCompilers: Display: Shaders left to compile 131
[2019.04.17-05.37.01:812][170]LogShaderCompilers: Display: Shaders left to compile 130
[2019.04.17-05.37.01:870][171]MaterialEditorStats: Base pass shader: 112 instructions
[2019.04.17-05.37.01:870][171]MaterialEditorStats: Base pass shader with Surface Lightmap: 130 instructions
[2019.04.17-05.37.01:870][171]MaterialEditorStats: Base pass shader with Volumetric Lightmap: 186 instructions
[2019.04.17-05.37.01:870][171]MaterialEditorStats: Base pass vertex shader: 36 instructions
[2019.04.17-05.37.01:870][171]MaterialEditorStats: Texture samplers: 4/16
[2019.04.17-05.37.01:870][171]MaterialEditorStats: Texture Lookups (Est.): VS(0), PS(1)
[2019.04.17-05.37.01:870][171]MaterialEditorStats: User interpolators: 2/4 Scalars (1/4 Vectors) (TexCoords: 2, Custom: 0)
[2019.04.17-05.37.02:117][176]LogShaderCompilers: Display: Shaders left to compile 129
[2019.04.17-05.37.02:238][179]LogShaderCompilers: Display: Shaders left to compile 128
[2019.04.17-05.37.02:291][180]LogShaderCompilers: Display: Shaders left to compile 127
[2019.04.17-05.37.02:440][183]LogShaderCompilers: Display: Shaders left to compile 126
[2019.04.17-05.37.02:644][187]LogShaderCompilers: Display: Shaders left to compile 125
[2019.04.17-05.37.02:652][187]LogShaderCompilers: Display: Shaders left to compile 124
[2019.04.17-05.37.02:850][191]LogShaderCompilers: Display: Shaders left to compile 123
[2019.04.17-05.37.02:959][193]LogShaderCompilers: Display: Shaders left to compile 122
[2019.04.17-05.37.03:053][195]LogShaderCompilers: Display: Shaders left to compile 121
[2019.04.17-05.37.03:208][198]LogShaderCompilers: Display: Shaders left to compile 120
[2019.04.17-05.37.03:417][202]LogShaderCompilers: Display: Shaders left to compile 119
[2019.04.17-05.37.03:446][203]LogShaderCompilers: Display: Shaders left to compile 118
[2019.04.17-05.37.03:651][207]LogShaderCompilers: Display: Shaders left to compile 117
[2019.04.17-05.37.03:711][208]LogShaderCompilers: Display: Shaders left to compile 116
[2019.04.17-05.37.03:832][211]LogShaderCompilers: Display: Shaders left to compile 115
[2019.04.17-05.37.03:983][214]LogShaderCompilers: Display: Shaders left to compile 114
[2019.04.17-05.37.04:136][217]LogShaderCompilers: Display: Shaders left to compile 113
[2019.04.17-05.37.04:207][218]LogShaderCompilers: Display: Shaders left to compile 112
[2019.04.17-05.37.04:398][222]LogShaderCompilers: Display: Shaders left to compile 111
[2019.04.17-05.37.04:479][224]LogShaderCompilers: Display: Shaders left to compile 110
[2019.04.17-05.37.04:652][227]LogShaderCompilers: Display: Shaders left to compile 109
[2019.04.17-05.37.04:712][228]LogShaderCompilers: Display: Shaders left to compile 108
[2019.04.17-05.37.04:906][232]LogShaderCompilers: Display: Shaders left to compile 107
[2019.04.17-05.37.04:949][233]LogShaderCompilers: Display: Shaders left to compile 106
[2019.04.17-05.37.05:178][238]LogShaderCompilers: Display: Shaders left to compile 105
[2019.04.17-05.37.05:331][241]LogShaderCompilers: Display: Shaders left to compile 104
[2019.04.17-05.37.05:388][242]LogShaderCompilers: Display: Shaders left to compile 103
[2019.04.17-05.37.05:527][245]LogShaderCompilers: Display: Shaders left to compile 102
[2019.04.17-05.37.05:714][248]LogShaderCompilers: Display: Shaders left to compile 101
[2019.04.17-05.37.05:744][249]LogShaderCompilers: Display: Shaders left to compile 100
[2019.04.17-05.37.05:928][253]LogShaderCompilers: Display: Shaders left to compile 99
[2019.04.17-05.37.06:051][255]LogShaderCompilers: Display: Shaders left to compile 98
[2019.04.17-05.37.06:195][258]LogShaderCompilers: Display: Shaders left to compile 97
[2019.04.17-05.37.06:290][260]LogShaderCompilers: Display: Shaders left to compile 96
[2019.04.17-05.37.06:498][264]LogShaderCompilers: Display: Shaders left to compile 95
[2019.04.17-05.37.06:556][265]LogShaderCompilers: Display: Shaders left to compile 94
[2019.04.17-05.37.06:942][273]LogShaderCompilers: Display: Shaders left to compile 93
[2019.04.17-05.37.07:077][276]LogShaderCompilers: Display: Shaders left to compile 92
[2019.04.17-05.37.07:238][279]LogShaderCompilers: Display: Shaders left to compile 91
[2019.04.17-05.37.07:445][283]LogShaderCompilers: Display: Shaders left to compile 90
[2019.04.17-05.37.07:730][289]LogShaderCompilers: Display: Shaders left to compile 89
[2019.04.17-05.37.07:767][289]LogShaderCompilers: Display: Shaders left to compile 88
[2019.04.17-05.37.07:946][293]LogShaderCompilers: Display: Shaders left to compile 87
[2019.04.17-05.37.08:041][295]LogShaderCompilers: Display: Shaders left to compile 86
[2019.04.17-05.37.08:154][297]LogShaderCompilers: Display: Shaders left to compile 85
[2019.04.17-05.37.08:308][300]LogShaderCompilers: Display: Shaders left to compile 84
[2019.04.17-05.37.08:483][304]LogShaderCompilers: Display: Shaders left to compile 83
[2019.04.17-05.37.08:493][304]LogShaderCompilers: Display: Shaders left to compile 82
[2019.04.17-05.37.08:777][310]LogShaderCompilers: Display: Shaders left to compile 81
[2019.04.17-05.37.08:798][310]LogShaderCompilers: Display: Shaders left to compile 80
[2019.04.17-05.37.08:881][312]LogShaderCompilers: Display: Shaders left to compile 79
[2019.04.17-05.37.09:099][316]LogShaderCompilers: Display: Shaders left to compile 78
[2019.04.17-05.37.09:206][318]LogShaderCompilers: Display: Shaders left to compile 77
[2019.04.17-05.37.09:250][319]LogShaderCompilers: Display: Shaders left to compile 76
[2019.04.17-05.37.09:530][325]LogShaderCompilers: Display: Shaders left to compile 75
[2019.04.17-05.37.09:562][325]LogShaderCompilers: Display: Shaders left to compile 74
[2019.04.17-05.37.09:681][328]LogShaderCompilers: Display: Shaders left to compile 73
[2019.04.17-05.37.09:853][331]LogShaderCompilers: Display: Shaders left to compile 72
[2019.04.17-05.37.09:960][333]LogShaderCompilers: Display: Shaders left to compile 71
[2019.04.17-05.37.10:005][334]LogShaderCompilers: Display: Shaders left to compile 70
[2019.04.17-05.37.10:276][340]LogShaderCompilers: Display: Shaders left to compile 69
[2019.04.17-05.37.10:313][340]LogShaderCompilers: Display: Shaders left to compile 68
[2019.04.17-05.37.10:431][343]LogShaderCompilers: Display: Shaders left to compile 67
[2019.04.17-05.37.10:603][346]LogShaderCompilers: Display: Shaders left to compile 66
[2019.04.17-05.37.10:735][349]LogShaderCompilers: Display: Shaders left to compile 65
[2019.04.17-05.37.10:794][350]LogShaderCompilers: Display: Shaders left to compile 64
[2019.04.17-05.37.10:996][354]LogShaderCompilers: Display: Shaders left to compile 63
[2019.04.17-05.37.11:053][355]LogShaderCompilers: Display: Shaders left to compile 62
[2019.04.17-05.37.11:213][358]LogShaderCompilers: Display: Shaders left to compile 61
[2019.04.17-05.37.11:351][361]LogShaderCompilers: Display: Shaders left to compile 60
[2019.04.17-05.37.11:495][364]LogShaderCompilers: Display: Shaders left to compile 59
[2019.04.17-05.37.11:577][366]LogShaderCompilers: Display: Shaders left to compile 58
[2019.04.17-05.37.11:788][370]LogShaderCompilers: Display: Shaders left to compile 57
[2019.04.17-05.37.11:804][370]LogShaderCompilers: Display: Shaders left to compile 56
[2019.04.17-05.37.11:993][374]LogShaderCompilers: Display: Shaders left to compile 55
[2019.04.17-05.37.12:110][376]LogShaderCompilers: Display: Shaders left to compile 54
[2019.04.17-05.37.12:236][379]LogShaderCompilers: Display: Shaders left to compile 53
[2019.04.17-05.37.12:336][381]LogShaderCompilers: Display: Shaders left to compile 52
[2019.04.17-05.37.12:542][385]LogShaderCompilers: Display: Shaders left to compile 51
[2019.04.17-05.37.12:555][385]LogShaderCompilers: Display: Shaders left to compile 50
[2019.04.17-05.37.12:775][390]LogShaderCompilers: Display: Shaders left to compile 49
[2019.04.17-05.37.12:895][392]LogShaderCompilers: Display: Shaders left to compile 48
[2019.04.17-05.37.12:956][393]LogShaderCompilers: Display: Shaders left to compile 47
[2019.04.17-05.37.13:079][396]LogShaderCompilers: Display: Shaders left to compile 46
[2019.04.17-05.37.13:291][400]LogShaderCompilers: Display: Shaders left to compile 45
[2019.04.17-05.37.13:301][400]LogShaderCompilers: Display: Shaders left to compile 44
[2019.04.17-05.37.13:510][404]LogShaderCompilers: Display: Shaders left to compile 43
[2019.04.17-05.37.13:664][407]LogShaderCompilers: Display: Shaders left to compile 42
[2019.04.17-05.37.13:762][409]LogShaderCompilers: Display: Shaders left to compile 41
[2019.04.17-05.37.13:839][411]LogShaderCompilers: Display: Shaders left to compile 40
[2019.04.17-05.37.14:063][415]LogShaderCompilers: Display: Shaders left to compile 39
[2019.04.17-05.37.14:083][416]LogShaderCompilers: Display: Shaders left to compile 38
[2019.04.17-05.37.14:236][419]LogShaderCompilers: Display: Shaders left to compile 37
[2019.04.17-05.37.14:425][423]LogShaderCompilers: Display: Shaders left to compile 36
[2019.04.17-05.37.14:536][425]LogShaderCompilers: Display: Shaders left to compile 35
[2019.04.17-05.37.14:578][426]LogShaderCompilers: Display: Shaders left to compile 34
[2019.04.17-05.37.14:835][431]LogShaderCompilers: Display: Shaders left to compile 33
[2019.04.17-05.37.14:890][432]LogShaderCompilers: Display: Shaders left to compile 32
[2019.04.17-05.37.14:978][434]LogShaderCompilers: Display: Shaders left to compile 31
[2019.04.17-05.37.15:153][437]LogShaderCompilers: Display: Shaders left to compile 30
[2019.04.17-05.37.15:296][440]LogShaderCompilers: Display: Shaders left to compile 29
[2019.04.17-05.37.15:391][442]LogShaderCompilers: Display: Shaders left to compile 28
[2019.04.17-05.37.15:738][449]LogShaderCompilers: Display: Shaders left to compile 27
[2019.04.17-05.37.15:850][451]LogShaderCompilers: Display: Shaders left to compile 26
[2019.04.17-05.37.15:914][452]LogShaderCompilers: Display: Shaders left to compile 25
[2019.04.17-05.37.16:043][455]LogShaderCompilers: Display: Shaders left to compile 24
[2019.04.17-05.37.16:230][459]LogShaderCompilers: Display: Shaders left to compile 23
[2019.04.17-05.37.16:263][459]LogShaderCompilers: Display: Shaders left to compile 22
[2019.04.17-05.37.16:459][463]LogShaderCompilers: Display: Shaders left to compile 21
[2019.04.17-05.37.16:574][466]LogShaderCompilers: Display: Shaders left to compile 20
[2019.04.17-05.37.16:692][468]LogShaderCompilers: Display: Shaders left to compile 19
[2019.04.17-05.37.16:813][470]LogShaderCompilers: Display: Shaders left to compile 18
[2019.04.17-05.37.16:990][474]LogShaderCompilers: Display: Shaders left to compile 17
[2019.04.17-05.37.17:000][474]LogShaderCompilers: Display: Shaders left to compile 16
[2019.04.17-05.37.17:226][479]LogShaderCompilers: Display: Shaders left to compile 15
[2019.04.17-05.37.17:376][482]LogShaderCompilers: Display: Shaders left to compile 14
[2019.04.17-05.37.17:451][483]LogShaderCompilers: Display: Shaders left to compile 13
[2019.04.17-05.37.17:573][486]LogShaderCompilers: Display: Shaders left to compile 12
[2019.04.17-05.37.17:806][490]LogShaderCompilers: Display: Shaders left to compile 11
[2019.04.17-05.37.17:855][491]LogShaderCompilers: Display: Shaders left to compile 10
[2019.04.17-05.37.18:213][498]LogShaderCompilers: Display: Shaders left to compile 9
[2019.04.17-05.37.18:343][501]LogShaderCompilers: Display: Shaders left to compile 8
[2019.04.17-05.37.18:547][505]LogShaderCompilers: Display: Shaders left to compile 7
[2019.04.17-05.37.18:834][511]LogShaderCompilers: Display: Shaders left to compile 6
[2019.04.17-05.37.18:987][514]LogShaderCompilers: Display: Shaders left to compile 5
[2019.04.17-05.37.19:191][518]LogShaderCompilers: Display: Shaders left to compile 4
[2019.04.17-05.37.19:562][525]LogShaderCompilers: Display: Shaders left to compile 3
[2019.04.17-05.37.19:585][526]LogShaderCompilers: Display: Shaders left to compile 2
[2019.04.17-05.37.19:990][534]LogShaderCompilers: Display: Shaders left to compile 1
[2019.04.17-05.37.21:073][546]LogD3D11RHI: Timed out while waiting for GPU to catch up. (0.5 s)
[2019.04.17-05.37.21:075][546]LogD3D11RHI: Error: Result failed 
 at D:\Build\++UE4\Sync\Engine\Source\Runtime\Windows\D3D11RHI\Private\D3D11Query.cpp:140 
 with error DXGI_ERROR_DEVICE_REMOVED DXGI_ERROR_DEVICE_HUNG
[2019.04.17-05.37.21:076][546]LogD3D11RHI: [Aftermath] GDynamicRHI=00000253B75400C0, GDX11NVAfterMathEnabled=0, Result=0xFFFFFFFF, bDeviceActive=0
[2019.04.17-05.37.21:076][546]LogWindows: Windows GetLastError: 작업을 완료했습니다. (0)
[2019.04.17-05.37.25:713][546]LogRHI: Error: SyncInterval 0
[2019.04.17-05.37.25:713][546]LogRHI: Error: SwapChainDesc.BufferDesc.Width 1938
[2019.04.17-05.37.25:713][546]LogRHI: Error: SwapChainDesc.BufferDesc.Height 1048
[2019.04.17-05.37.25:713][546]LogRHI: Error: SwapChainDesc.BufferDesc.RefreshRate.Numerator 0
[2019.04.17-05.37.25:713][546]LogRHI: Error: SwapChainDesc.BufferDesc.RefreshRate.Denominator 0
[2019.04.17-05.37.25:713][546]LogRHI: Error: SwapChainDesc.BufferDesc.Format 24
[2019.04.17-05.37.25:713][546]LogRHI: Error: SwapChainDesc.BufferDesc.ScanlineOrdering 0
[2019.04.17-05.37.25:713][546]LogRHI: Error: SwapChainDesc.BufferDesc.Scaling 0
[2019.04.17-05.37.25:713][546]LogRHI: Error: SwapChainDesc.SampleDesc.Count 1
[2019.04.17-05.37.25:713][546]LogRHI: Error: SwapChainDesc.SampleDesc.Quality 0
[2019.04.17-05.37.25:713][546]LogRHI: Error: SwapChainDesc.BufferUsage 48
[2019.04.17-05.37.25:713][546]LogRHI: Error: SwapChainDesc.BufferCount 1
[2019.04.17-05.37.25:713][546]LogRHI: Error: SwapChainDesc.OutputWindow 00000000000409CA
[2019.04.17-05.37.25:713][546]LogRHI: Error: SwapChainDesc.Windowed true
[2019.04.17-05.37.25:713][546]LogRHI: Error: SwapChainDesc.SwapEffect 0
[2019.04.17-05.37.25:713][546]LogRHI: Error: SwapChainDesc.Flags 2
[2019.04.17-05.37.25:713][546]LogD3D11RHI: Error: Result failed 
 at D:\Build\++UE4\Sync\Engine\Source\Runtime\Windows\D3D11RHI\Private\D3D11Viewport.cpp:361 
 with error DXGI_ERROR_DEVICE_REMOVED DXGI_ERROR_DEVICE_HUNG
[2019.04.17-05.37.25:713][546]LogD3D11RHI: [Aftermath] GDynamicRHI=00000253B75400C0, GDX11NVAfterMathEnabled=0, Result=0xFFFFFFFF, bDeviceActive=0
[2019.04.17-05.37.25:713][546]LogWindows: FPlatformMisc::RequestExit(1)
[2019.04.17-05.37.25:723][546]Log file closed, 04/17/19 14:37:25
